<?xml version="1.0" encoding="utf-8"?>
<testsuites name="pytest tests">
  <testsuite name="pytest" errors="0" failures="0" skipped="0" tests="53" time="3.155" timestamp="2026-03-25T16:40:01.665177+01:00" hostname="remy-fixe.home">
    <testcase classname="front.test_stocks" name="test_cleared_authenticated" time="0.119"/>
    <testcase classname="front.test_stocks" name="test_cleared_unauthenticated" time="0.002"/>
    <testcase classname="front.test_stocks" name="test_search_table" time="0.068"/>
    <testcase classname="front.test_stocks" name="test_dilicom_modal" time="0.016"/>
    <testcase classname="front.test_stocks" name="test_object_autocomplete" time="0.010"/>
    <testcase classname="front.test_stocks" name="test_create_tag_htmx" time="0.006"/>
    <testcase classname="front.test_stocks" name="test_object_form" time="0.013"/>
    <testcase classname="front.test_stocks" name="test_object_view_or_edit" time="0.014"/>
    <testcase classname="front.test_stocks" name="test_object_complement" time="0.033"/>
    <testcase classname="front.test_stocks" name="test_create_object" time="0.015"/>
    <testcase classname="front.test_stocks" name="test_edit_object" time="0.011"/>
    <testcase classname="front.test_stocks" name="test_object_toggle_active_modal" time="0.010"/>
    <testcase classname="front.test_stocks" name="test_object_toggle_active" time="0.014"/>
    <testcase classname="front.test_stocks" name="test_dilicom_add" time="0.016"/>
    <testcase classname="front.test_stocks" name="test_dilicom_remove" time="0.013"/>
    <testcase classname="front.test_stocks" name="test_index" time="0.020"/>
    <testcase classname="front.test_stocks" name="test_council" time="0.009"/>
    <testcase classname="front.test_stocks" name="test_orders" time="0.016"/>
    <testcase classname="front.test_stocks" name="test_create_order" time="0.010"/>
    <testcase classname="front.test_stocks" name="test_create_return" time="0.003"/>
    <testcase classname="front.test_stocks" name="test_search" time="0.007"/>
    <testcase classname="front.test_stocks" name="test_cleared_return" time="0.002"/>
    <testcase classname="front.test_stocks" name="test_returns" time="0.007"/>
    <testcase classname="front.test_stocks" name="test_new_return_section" time="0.002"/>
    <testcase classname="front.test_stocks" name="test_view_return" time="0.009"/>
    <testcase classname="front.test_stocks" name="test_new_return_table" time="0.002"/>
    <testcase classname="front.test_stocks" name="test_new_return_line_form" time="0.002"/>
    <testcase classname="front.test_stocks" name="test_cleared_orders" time="0.002"/>
    <testcase classname="front.test_stocks" name="test_orders_htmx" time="0.006"/>
    <testcase classname="front.test_stocks" name="test_new_order_section" time="0.028"/>
    <testcase classname="front.test_stocks" name="test_edit_order" time="0.012"/>
    <testcase classname="front.test_stocks" name="test_view_order" time="0.009"/>
    <testcase classname="front.test_stocks" name="test_cancel_order" time="0.017"/>
    <testcase classname="front.test_stocks" name="test_new_order_line" time="0.015"/>
    <testcase classname="front.test_stocks" name="test_edit_order_line" time="0.018"/>
    <testcase classname="front.test_stocks" name="test_confirm_order" time="0.013"/>
    <testcase classname="front.test_stocks" name="test_receipt_order" time="0.010"/>
    <testcase classname="front.test_stocks" name="test_receive_order_line" time="0.018"/>
    <testcase classname="front.test_stocks" name="test_update_external_ref" time="0.011"/>
    <testcase classname="front.test_stocks" name="test_api_update_price" time="0.009"/>
    <testcase classname="front.test_stocks" name="test_api_create_order" time="0.006"/>
    <testcase classname="front.test_supplier" name="test_index" time="0.002"/>
    <testcase classname="front.test_supplier" name="test_get_suppliers" time="0.011"/>
    <testcase classname="front.test_supplier" name="test_add_new_supplier" time="0.005"/>
    <testcase classname="front.test_supplier" name="test_create_supplier_htmx" time="0.005"/>
    <testcase classname="front.test_supplier" name="test_select_supplier" time="0.004"/>
    <testcase classname="front.test_supplier" name="test_select_dilicom_supplier" time="0.004"/>
    <testcase classname="front.test_supplier" name="test_close_modal" time="0.002"/>
    <testcase classname="front.test_user" name="test_login" time="1.539"/>
    <testcase classname="front.test_user" name="test_register" time="0.015"/>
    <testcase classname="front.test_user" name="test_logout" time="0.011"/>
    <testcase classname="front.test_user" name="test_chg_pwd" time="0.853"/>
    <testcase classname="front.test_user" name="test_modify_user" time="0.034"/>
  </testsuite>
</testsuites>
