<?xml version="1.0" encoding="utf-8"?><testsuites name="pytest tests"><testsuite name="pytest" errors="18" failures="9" skipped="0" tests="85" time="7.379" timestamp="2026-08-13T17:05:37.048774+02:00" hostname="sauvetage"><testcase classname="tests.front.test_admin" name="test_index" time="0.300" /><testcase classname="tests.front.test_admin" name="test_create_first_user" time="1.048"><error message="failed on setup with &quot;OSError: cannot load library 'libpango-1.0-0': libpango-1.0-0: cannot open shared object file: No such file or directory.  Additionally, ctypes.util.find_library() did not manage to locate a library called 'libpango-1.0-0'&quot;">tests/front/conftest.py:244: in fastapi_test_client
    fastapi_app = get_fast_app()
                  ^^^^^^^^^^^^^^
tests/front/conftest.py:173: in get_fast_app
    from app_back.main import app as fastapi_app  # pylint: disable=import-outside-toplevel, redefined-outer-name
    ^^^^^^^^^^^^^^^^^^^^^^^^^^^^^^^^^^^^^^^^^^^^
app_back/main.py:8: in &lt;module&gt;
    from app_back.router import v1_api_router
app_back/router.py:4: in &lt;module&gt;
    from app_back.v1 import (
app_back/v1/__init__.py:6: in &lt;module&gt;
    from .documents import router as documents_router  # type: ignore
    ^^^^^^^^^^^^^^^^^^^^^^^^^^^^^^^^^^^^^^^^^^^^^^^^^
app_back/v1/documents.py:6: in &lt;module&gt;
    from app_back.utils.documents import create_document_buffer
app_back/utils/documents.py:5: in &lt;module&gt;
    from weasyprint import HTML
venv/lib64/python3.12/site-packages/weasyprint/__init__.py:372: in &lt;module&gt;
    from .css import preprocess_stylesheet  # noqa: I001, E402
    ^^^^^^^^^^^^^^^^^^^^^^^^^^^^^^^^^^^^^^
venv/lib64/python3.12/site-packages/weasyprint/css/__init__.py:29: in &lt;module&gt;
    from ..text.fonts import FontConfiguration
venv/lib64/python3.12/site-packages/weasyprint/text/fonts.py:17: in &lt;module&gt;
    from .constants import (  # isort:skip
venv/lib64/python3.12/site-packages/weasyprint/text/constants.py:5: in &lt;module&gt;
    from .ffi import pango
venv/lib64/python3.12/site-packages/weasyprint/text/ffi.py:479: in &lt;module&gt;
    pango = _dlopen(
venv/lib64/python3.12/site-packages/weasyprint/text/ffi.py:464: in _dlopen
    return ffi.dlopen(names[0], flags)  # pragma: no cover
           ^^^^^^^^^^^^^^^^^^^^^^^^^^^
venv/lib64/python3.12/site-packages/cffi/api.py:150: in dlopen
    lib, function_cache = _make_ffi_library(self, name, flags)
                          ^^^^^^^^^^^^^^^^^^^^^^^^^^^^^^^^^^^^
venv/lib64/python3.12/site-packages/cffi/api.py:834: in _make_ffi_library
    backendlib = _load_backend_lib(backend, libname, flags)
                 ^^^^^^^^^^^^^^^^^^^^^^^^^^^^^^^^^^^^^^^^^^
venv/lib64/python3.12/site-packages/cffi/api.py:829: in _load_backend_lib
    raise OSError(msg)
E   OSError: cannot load library 'libpango-1.0-0': libpango-1.0-0: cannot open shared object file: No such file or directory.  Additionally, ctypes.util.find_library() did not manage to locate a library called 'libpango-1.0-0'</error></testcase><testcase classname="tests.front.test_customer" name="test_permissions[client_all-200-routes0-&lt;!DOCTYPE html&gt;\n&lt;html lang=&quot;fr&quot;&gt;\n&lt;head&gt;\n]" time="0.281" /><testcase classname="tests.front.test_customer" name="test_permissions[client-302-routes1-&lt;!doctype html&gt;\n&lt;html lang=en&gt;\n&lt;title&gt;Redirecting...&lt;/]" time="0.032" /><testcase classname="tests.front.test_customer" name="test_permissions[client_informatique-403-routes2-&lt;!DOCTYPE html&gt;\n&lt;html lang=&quot;fr&quot;&gt;\n&lt;head&gt;\n    &lt;meta charset=&quot;UTF-8&quot;&gt;]" time="0.069" /><testcase classname="tests.front.test_customer" name="test_permissions[client_compta-200-routes3-&lt;!DOCTYPE html&gt;\n&lt;html lang=&quot;fr&quot;&gt;\n&lt;head&gt;\n]" time="0.126" /><testcase classname="tests.front.test_customer" name="test_permissions[client_commercial-200-routes4-&lt;!DOCTYPE html&gt;\n&lt;html lang=&quot;fr&quot;&gt;\n&lt;head&gt;\n]" time="0.128" /><testcase classname="tests.front.test_customer" name="test_permissions[client_direction-200-routes5-&lt;!DOCTYPE html&gt;\n&lt;html lang=&quot;fr&quot;&gt;\n&lt;head&gt;\n]" time="0.134" /><testcase classname="tests.front.test_customer" name="test_search_fast_pro_part[tes-1-pro-complete_customer_pro]" time="0.015" /><testcase classname="tests.front.test_customer" name="test_search_fast_pro_part[jan-1-part-complete_customer_part]" time="0.015" /><testcase classname="tests.front.test_customer" name="test_search_fast_pro_part[xyz-0-None-None]" time="0.007" /><testcase classname="tests.front.test_customer" name="test_search_fast_pro_part[-0-None-None]" time="0.004" /><testcase classname="tests.front.test_dashboard" name="test_dashboard_authorization[routes0-client-302]" time="0.005" /><testcase classname="tests.front.test_dashboard" name="test_dashboard_authorization[routes1-client_informatique-403]" time="0.012" /><testcase classname="tests.front.test_dashboard" name="test_dashboard_authorization[routes2-client_compta-200]" time="0.007"><failure message="TypeError: can't compare offset-naive and offset-aware datetimes">tests/front/test_dashboard.py:26: in test_dashboard_authorization
    response = client.get(r)
               ^^^^^^^^^^^^^
venv/lib64/python3.12/site-packages/werkzeug/test.py:1162: in get
    return self.open(*args, **kw)
           ^^^^^^^^^^^^^^^^^^^^^^
venv/lib64/python3.12/site-packages/flask/testing.py:235: in open
    response = super().open(
venv/lib64/python3.12/site-packages/werkzeug/test.py:1116: in open
    response_parts = self.run_wsgi_app(request.environ, buffered=buffered)
                     ^^^^^^^^^^^^^^^^^^^^^^^^^^^^^^^^^^^^^^^^^^^^^^^^^^^^^
venv/lib64/python3.12/site-packages/werkzeug/test.py:988: in run_wsgi_app
    rv = run_wsgi_app(self.application, environ, buffered=buffered)
         ^^^^^^^^^^^^^^^^^^^^^^^^^^^^^^^^^^^^^^^^^^^^^^^^^^^^^^^^^^
venv/lib64/python3.12/site-packages/werkzeug/test.py:1264: in run_wsgi_app
    app_rv = app(environ, start_response)
             ^^^^^^^^^^^^^^^^^^^^^^^^^^^^
venv/lib64/python3.12/site-packages/flask/app.py:1536: in __call__
    return self.wsgi_app(environ, start_response)
           ^^^^^^^^^^^^^^^^^^^^^^^^^^^^^^^^^^^^^^
venv/lib64/python3.12/site-packages/werkzeug/middleware/proxy_fix.py:183: in __call__
    return self.app(environ, start_response)
           ^^^^^^^^^^^^^^^^^^^^^^^^^^^^^^^^^
venv/lib64/python3.12/site-packages/flask/app.py:1514: in wsgi_app
    response = self.handle_exception(e)
               ^^^^^^^^^^^^^^^^^^^^^^^^
venv/lib64/python3.12/site-packages/flask/app.py:1511: in wsgi_app
    response = self.full_dispatch_request()
               ^^^^^^^^^^^^^^^^^^^^^^^^^^^^
venv/lib64/python3.12/site-packages/flask/app.py:919: in full_dispatch_request
    rv = self.handle_user_exception(e)
         ^^^^^^^^^^^^^^^^^^^^^^^^^^^^^
venv/lib64/python3.12/site-packages/flask/app.py:917: in full_dispatch_request
    rv = self.dispatch_request()
         ^^^^^^^^^^^^^^^^^^^^^^^
venv/lib64/python3.12/site-packages/flask/app.py:902: in dispatch_request
    return self.ensure_sync(self.view_functions[rule.endpoint])(**view_args)  # type: ignore[no-any-return]
           ^^^^^^^^^^^^^^^^^^^^^^^^^^^^^^^^^^^^^^^^^^^^^^^^^^^^^^^^^^^^^^^^^
app_front/utils/decorators.py:88: in wrapped
    return f(*args, **kwargs)
           ^^^^^^^^^^^^^^^^^^
app_front/blueprints/dashboard/routes_data.py:312: in finances
    month_keys = _ordered_month_keys(start, end)
                 ^^^^^^^^^^^^^^^^^^^^^^^^^^^^^^^
app_front/blueprints/dashboard/routes_data.py:277: in _ordered_month_keys
    while cursor &lt;= limit:
          ^^^^^^^^^^^^^^^
E   TypeError: can't compare offset-naive and offset-aware datetimes</failure></testcase><testcase classname="tests.front.test_dashboard" name="test_dashboard_authorization[routes3-client_commercial-200]" time="0.006"><failure message="TypeError: can't compare offset-naive and offset-aware datetimes">tests/front/test_dashboard.py:26: in test_dashboard_authorization
    response = client.get(r)
               ^^^^^^^^^^^^^
venv/lib64/python3.12/site-packages/werkzeug/test.py:1162: in get
    return self.open(*args, **kw)
           ^^^^^^^^^^^^^^^^^^^^^^
venv/lib64/python3.12/site-packages/flask/testing.py:235: in open
    response = super().open(
venv/lib64/python3.12/site-packages/werkzeug/test.py:1116: in open
    response_parts = self.run_wsgi_app(request.environ, buffered=buffered)
                     ^^^^^^^^^^^^^^^^^^^^^^^^^^^^^^^^^^^^^^^^^^^^^^^^^^^^^
venv/lib64/python3.12/site-packages/werkzeug/test.py:988: in run_wsgi_app
    rv = run_wsgi_app(self.application, environ, buffered=buffered)
         ^^^^^^^^^^^^^^^^^^^^^^^^^^^^^^^^^^^^^^^^^^^^^^^^^^^^^^^^^^
venv/lib64/python3.12/site-packages/werkzeug/test.py:1264: in run_wsgi_app
    app_rv = app(environ, start_response)
             ^^^^^^^^^^^^^^^^^^^^^^^^^^^^
venv/lib64/python3.12/site-packages/flask/app.py:1536: in __call__
    return self.wsgi_app(environ, start_response)
           ^^^^^^^^^^^^^^^^^^^^^^^^^^^^^^^^^^^^^^
venv/lib64/python3.12/site-packages/werkzeug/middleware/proxy_fix.py:183: in __call__
    return self.app(environ, start_response)
           ^^^^^^^^^^^^^^^^^^^^^^^^^^^^^^^^^
venv/lib64/python3.12/site-packages/flask/app.py:1514: in wsgi_app
    response = self.handle_exception(e)
               ^^^^^^^^^^^^^^^^^^^^^^^^
venv/lib64/python3.12/site-packages/flask/app.py:1511: in wsgi_app
    response = self.full_dispatch_request()
               ^^^^^^^^^^^^^^^^^^^^^^^^^^^^
venv/lib64/python3.12/site-packages/flask/app.py:919: in full_dispatch_request
    rv = self.handle_user_exception(e)
         ^^^^^^^^^^^^^^^^^^^^^^^^^^^^^
venv/lib64/python3.12/site-packages/flask/app.py:917: in full_dispatch_request
    rv = self.dispatch_request()
         ^^^^^^^^^^^^^^^^^^^^^^^
venv/lib64/python3.12/site-packages/flask/app.py:902: in dispatch_request
    return self.ensure_sync(self.view_functions[rule.endpoint])(**view_args)  # type: ignore[no-any-return]
           ^^^^^^^^^^^^^^^^^^^^^^^^^^^^^^^^^^^^^^^^^^^^^^^^^^^^^^^^^^^^^^^^^
app_front/utils/decorators.py:88: in wrapped
    return f(*args, **kwargs)
           ^^^^^^^^^^^^^^^^^^
app_front/blueprints/dashboard/routes_data.py:312: in finances
    month_keys = _ordered_month_keys(start, end)
                 ^^^^^^^^^^^^^^^^^^^^^^^^^^^^^^^
app_front/blueprints/dashboard/routes_data.py:277: in _ordered_month_keys
    while cursor &lt;= limit:
          ^^^^^^^^^^^^^^^
E   TypeError: can't compare offset-naive and offset-aware datetimes</failure></testcase><testcase classname="tests.front.test_dashboard" name="test_dashboard_authorization[routes4-client_direction-200]" time="0.007"><failure message="TypeError: can't compare offset-naive and offset-aware datetimes">tests/front/test_dashboard.py:26: in test_dashboard_authorization
    response = client.get(r)
               ^^^^^^^^^^^^^
venv/lib64/python3.12/site-packages/werkzeug/test.py:1162: in get
    return self.open(*args, **kw)
           ^^^^^^^^^^^^^^^^^^^^^^
venv/lib64/python3.12/site-packages/flask/testing.py:235: in open
    response = super().open(
venv/lib64/python3.12/site-packages/werkzeug/test.py:1116: in open
    response_parts = self.run_wsgi_app(request.environ, buffered=buffered)
                     ^^^^^^^^^^^^^^^^^^^^^^^^^^^^^^^^^^^^^^^^^^^^^^^^^^^^^
venv/lib64/python3.12/site-packages/werkzeug/test.py:988: in run_wsgi_app
    rv = run_wsgi_app(self.application, environ, buffered=buffered)
         ^^^^^^^^^^^^^^^^^^^^^^^^^^^^^^^^^^^^^^^^^^^^^^^^^^^^^^^^^^
venv/lib64/python3.12/site-packages/werkzeug/test.py:1264: in run_wsgi_app
    app_rv = app(environ, start_response)
             ^^^^^^^^^^^^^^^^^^^^^^^^^^^^
venv/lib64/python3.12/site-packages/flask/app.py:1536: in __call__
    return self.wsgi_app(environ, start_response)
           ^^^^^^^^^^^^^^^^^^^^^^^^^^^^^^^^^^^^^^
venv/lib64/python3.12/site-packages/werkzeug/middleware/proxy_fix.py:183: in __call__
    return self.app(environ, start_response)
           ^^^^^^^^^^^^^^^^^^^^^^^^^^^^^^^^^
venv/lib64/python3.12/site-packages/flask/app.py:1514: in wsgi_app
    response = self.handle_exception(e)
               ^^^^^^^^^^^^^^^^^^^^^^^^
venv/lib64/python3.12/site-packages/flask/app.py:1511: in wsgi_app
    response = self.full_dispatch_request()
               ^^^^^^^^^^^^^^^^^^^^^^^^^^^^
venv/lib64/python3.12/site-packages/flask/app.py:919: in full_dispatch_request
    rv = self.handle_user_exception(e)
         ^^^^^^^^^^^^^^^^^^^^^^^^^^^^^
venv/lib64/python3.12/site-packages/flask/app.py:917: in full_dispatch_request
    rv = self.dispatch_request()
         ^^^^^^^^^^^^^^^^^^^^^^^
venv/lib64/python3.12/site-packages/flask/app.py:902: in dispatch_request
    return self.ensure_sync(self.view_functions[rule.endpoint])(**view_args)  # type: ignore[no-any-return]
           ^^^^^^^^^^^^^^^^^^^^^^^^^^^^^^^^^^^^^^^^^^^^^^^^^^^^^^^^^^^^^^^^^
app_front/utils/decorators.py:88: in wrapped
    return f(*args, **kwargs)
           ^^^^^^^^^^^^^^^^^^
app_front/blueprints/dashboard/routes_data.py:312: in finances
    month_keys = _ordered_month_keys(start, end)
                 ^^^^^^^^^^^^^^^^^^^^^^^^^^^^^^^
app_front/blueprints/dashboard/routes_data.py:277: in _ordered_month_keys
    while cursor &lt;= limit:
          ^^^^^^^^^^^^^^^
E   TypeError: can't compare offset-naive and offset-aware datetimes</failure></testcase><testcase classname="tests.front.test_dashboard" name="test_dashboard_authorization[routes5-client_admin-200]" time="0.006"><failure message="TypeError: can't compare offset-naive and offset-aware datetimes">tests/front/test_dashboard.py:26: in test_dashboard_authorization
    response = client.get(r)
               ^^^^^^^^^^^^^
venv/lib64/python3.12/site-packages/werkzeug/test.py:1162: in get
    return self.open(*args, **kw)
           ^^^^^^^^^^^^^^^^^^^^^^
venv/lib64/python3.12/site-packages/flask/testing.py:235: in open
    response = super().open(
venv/lib64/python3.12/site-packages/werkzeug/test.py:1116: in open
    response_parts = self.run_wsgi_app(request.environ, buffered=buffered)
                     ^^^^^^^^^^^^^^^^^^^^^^^^^^^^^^^^^^^^^^^^^^^^^^^^^^^^^
venv/lib64/python3.12/site-packages/werkzeug/test.py:988: in run_wsgi_app
    rv = run_wsgi_app(self.application, environ, buffered=buffered)
         ^^^^^^^^^^^^^^^^^^^^^^^^^^^^^^^^^^^^^^^^^^^^^^^^^^^^^^^^^^
venv/lib64/python3.12/site-packages/werkzeug/test.py:1264: in run_wsgi_app
    app_rv = app(environ, start_response)
             ^^^^^^^^^^^^^^^^^^^^^^^^^^^^
venv/lib64/python3.12/site-packages/flask/app.py:1536: in __call__
    return self.wsgi_app(environ, start_response)
           ^^^^^^^^^^^^^^^^^^^^^^^^^^^^^^^^^^^^^^
venv/lib64/python3.12/site-packages/werkzeug/middleware/proxy_fix.py:183: in __call__
    return self.app(environ, start_response)
           ^^^^^^^^^^^^^^^^^^^^^^^^^^^^^^^^^
venv/lib64/python3.12/site-packages/flask/app.py:1514: in wsgi_app
    response = self.handle_exception(e)
               ^^^^^^^^^^^^^^^^^^^^^^^^
venv/lib64/python3.12/site-packages/flask/app.py:1511: in wsgi_app
    response = self.full_dispatch_request()
               ^^^^^^^^^^^^^^^^^^^^^^^^^^^^
venv/lib64/python3.12/site-packages/flask/app.py:919: in full_dispatch_request
    rv = self.handle_user_exception(e)
         ^^^^^^^^^^^^^^^^^^^^^^^^^^^^^
venv/lib64/python3.12/site-packages/flask/app.py:917: in full_dispatch_request
    rv = self.dispatch_request()
         ^^^^^^^^^^^^^^^^^^^^^^^
venv/lib64/python3.12/site-packages/flask/app.py:902: in dispatch_request
    return self.ensure_sync(self.view_functions[rule.endpoint])(**view_args)  # type: ignore[no-any-return]
           ^^^^^^^^^^^^^^^^^^^^^^^^^^^^^^^^^^^^^^^^^^^^^^^^^^^^^^^^^^^^^^^^^
app_front/utils/decorators.py:88: in wrapped
    return f(*args, **kwargs)
           ^^^^^^^^^^^^^^^^^^
app_front/blueprints/dashboard/routes_data.py:312: in finances
    month_keys = _ordered_month_keys(start, end)
                 ^^^^^^^^^^^^^^^^^^^^^^^^^^^^^^^
app_front/blueprints/dashboard/routes_data.py:277: in _ordered_month_keys
    while cursor &lt;= limit:
          ^^^^^^^^^^^^^^^
E   TypeError: can't compare offset-naive and offset-aware datetimes</failure></testcase><testcase classname="tests.front.test_dashboard" name="test_dashboard_authorization[routes6-client_logistique-200]" time="0.006"><failure message="TypeError: can't compare offset-naive and offset-aware datetimes">tests/front/test_dashboard.py:26: in test_dashboard_authorization
    response = client.get(r)
               ^^^^^^^^^^^^^
venv/lib64/python3.12/site-packages/werkzeug/test.py:1162: in get
    return self.open(*args, **kw)
           ^^^^^^^^^^^^^^^^^^^^^^
venv/lib64/python3.12/site-packages/flask/testing.py:235: in open
    response = super().open(
venv/lib64/python3.12/site-packages/werkzeug/test.py:1116: in open
    response_parts = self.run_wsgi_app(request.environ, buffered=buffered)
                     ^^^^^^^^^^^^^^^^^^^^^^^^^^^^^^^^^^^^^^^^^^^^^^^^^^^^^
venv/lib64/python3.12/site-packages/werkzeug/test.py:988: in run_wsgi_app
    rv = run_wsgi_app(self.application, environ, buffered=buffered)
         ^^^^^^^^^^^^^^^^^^^^^^^^^^^^^^^^^^^^^^^^^^^^^^^^^^^^^^^^^^
venv/lib64/python3.12/site-packages/werkzeug/test.py:1264: in run_wsgi_app
    app_rv = app(environ, start_response)
             ^^^^^^^^^^^^^^^^^^^^^^^^^^^^
venv/lib64/python3.12/site-packages/flask/app.py:1536: in __call__
    return self.wsgi_app(environ, start_response)
           ^^^^^^^^^^^^^^^^^^^^^^^^^^^^^^^^^^^^^^
venv/lib64/python3.12/site-packages/werkzeug/middleware/proxy_fix.py:183: in __call__
    return self.app(environ, start_response)
           ^^^^^^^^^^^^^^^^^^^^^^^^^^^^^^^^^
venv/lib64/python3.12/site-packages/flask/app.py:1514: in wsgi_app
    response = self.handle_exception(e)
               ^^^^^^^^^^^^^^^^^^^^^^^^
venv/lib64/python3.12/site-packages/flask/app.py:1511: in wsgi_app
    response = self.full_dispatch_request()
               ^^^^^^^^^^^^^^^^^^^^^^^^^^^^
venv/lib64/python3.12/site-packages/flask/app.py:919: in full_dispatch_request
    rv = self.handle_user_exception(e)
         ^^^^^^^^^^^^^^^^^^^^^^^^^^^^^
venv/lib64/python3.12/site-packages/flask/app.py:917: in full_dispatch_request
    rv = self.dispatch_request()
         ^^^^^^^^^^^^^^^^^^^^^^^
venv/lib64/python3.12/site-packages/flask/app.py:902: in dispatch_request
    return self.ensure_sync(self.view_functions[rule.endpoint])(**view_args)  # type: ignore[no-any-return]
           ^^^^^^^^^^^^^^^^^^^^^^^^^^^^^^^^^^^^^^^^^^^^^^^^^^^^^^^^^^^^^^^^^
app_front/utils/decorators.py:88: in wrapped
    return f(*args, **kwargs)
           ^^^^^^^^^^^^^^^^^^
app_front/blueprints/dashboard/routes_data.py:312: in finances
    month_keys = _ordered_month_keys(start, end)
                 ^^^^^^^^^^^^^^^^^^^^^^^^^^^^^^^
app_front/blueprints/dashboard/routes_data.py:277: in _ordered_month_keys
    while cursor &lt;= limit:
          ^^^^^^^^^^^^^^^
E   TypeError: can't compare offset-naive and offset-aware datetimes</failure></testcase><testcase classname="tests.front.test_inventory" name="test_inventory_authorization_denied[route0-client-302]" time="0.067"><error message="failed on setup with &quot;OSError: cannot load library 'libpango-1.0-0': libpango-1.0-0: cannot open shared object file: No such file or directory.  Additionally, ctypes.util.find_library() did not manage to locate a library called 'libpango-1.0-0'&quot;">tests/front/conftest.py:244: in fastapi_test_client
    fastapi_app = get_fast_app()
                  ^^^^^^^^^^^^^^
tests/front/conftest.py:173: in get_fast_app
    from app_back.main import app as fastapi_app  # pylint: disable=import-outside-toplevel, redefined-outer-name
    ^^^^^^^^^^^^^^^^^^^^^^^^^^^^^^^^^^^^^^^^^^^^
app_back/main.py:8: in &lt;module&gt;
    from app_back.router import v1_api_router
app_back/router.py:4: in &lt;module&gt;
    from app_back.v1 import (
app_back/v1/__init__.py:6: in &lt;module&gt;
    from .documents import router as documents_router  # type: ignore
    ^^^^^^^^^^^^^^^^^^^^^^^^^^^^^^^^^^^^^^^^^^^^^^^^^
app_back/v1/documents.py:6: in &lt;module&gt;
    from app_back.utils.documents import create_document_buffer
app_back/utils/documents.py:5: in &lt;module&gt;
    from weasyprint import HTML
venv/lib64/python3.12/site-packages/weasyprint/__init__.py:372: in &lt;module&gt;
    from .css import preprocess_stylesheet  # noqa: I001, E402
    ^^^^^^^^^^^^^^^^^^^^^^^^^^^^^^^^^^^^^^
venv/lib64/python3.12/site-packages/weasyprint/css/__init__.py:29: in &lt;module&gt;
    from ..text.fonts import FontConfiguration
venv/lib64/python3.12/site-packages/weasyprint/text/fonts.py:17: in &lt;module&gt;
    from .constants import (  # isort:skip
venv/lib64/python3.12/site-packages/weasyprint/text/constants.py:5: in &lt;module&gt;
    from .ffi import pango
venv/lib64/python3.12/site-packages/weasyprint/text/ffi.py:479: in &lt;module&gt;
    pango = _dlopen(
venv/lib64/python3.12/site-packages/weasyprint/text/ffi.py:464: in _dlopen
    return ffi.dlopen(names[0], flags)  # pragma: no cover
           ^^^^^^^^^^^^^^^^^^^^^^^^^^^
venv/lib64/python3.12/site-packages/cffi/api.py:150: in dlopen
    lib, function_cache = _make_ffi_library(self, name, flags)
                          ^^^^^^^^^^^^^^^^^^^^^^^^^^^^^^^^^^^^
venv/lib64/python3.12/site-packages/cffi/api.py:834: in _make_ffi_library
    backendlib = _load_backend_lib(backend, libname, flags)
                 ^^^^^^^^^^^^^^^^^^^^^^^^^^^^^^^^^^^^^^^^^^
venv/lib64/python3.12/site-packages/cffi/api.py:829: in _load_backend_lib
    raise OSError(msg)
E   OSError: cannot load library 'libpango-1.0-0': libpango-1.0-0: cannot open shared object file: No such file or directory.  Additionally, ctypes.util.find_library() did not manage to locate a library called 'libpango-1.0-0'</error></testcase><testcase classname="tests.front.test_inventory" name="test_inventory_authorization_denied[route1-client_informatique-403]" time="0.067"><error message="failed on setup with &quot;OSError: cannot load library 'libpango-1.0-0': libpango-1.0-0: cannot open shared object file: No such file or directory.  Additionally, ctypes.util.find_library() did not manage to locate a library called 'libpango-1.0-0'&quot;">tests/front/conftest.py:244: in fastapi_test_client
    fastapi_app = get_fast_app()
                  ^^^^^^^^^^^^^^
tests/front/conftest.py:173: in get_fast_app
    from app_back.main import app as fastapi_app  # pylint: disable=import-outside-toplevel, redefined-outer-name
    ^^^^^^^^^^^^^^^^^^^^^^^^^^^^^^^^^^^^^^^^^^^^
app_back/main.py:8: in &lt;module&gt;
    from app_back.router import v1_api_router
app_back/router.py:4: in &lt;module&gt;
    from app_back.v1 import (
app_back/v1/__init__.py:6: in &lt;module&gt;
    from .documents import router as documents_router  # type: ignore
    ^^^^^^^^^^^^^^^^^^^^^^^^^^^^^^^^^^^^^^^^^^^^^^^^^
app_back/v1/documents.py:6: in &lt;module&gt;
    from app_back.utils.documents import create_document_buffer
app_back/utils/documents.py:5: in &lt;module&gt;
    from weasyprint import HTML
venv/lib64/python3.12/site-packages/weasyprint/__init__.py:372: in &lt;module&gt;
    from .css import preprocess_stylesheet  # noqa: I001, E402
    ^^^^^^^^^^^^^^^^^^^^^^^^^^^^^^^^^^^^^^
venv/lib64/python3.12/site-packages/weasyprint/css/__init__.py:29: in &lt;module&gt;
    from ..text.fonts import FontConfiguration
venv/lib64/python3.12/site-packages/weasyprint/text/fonts.py:17: in &lt;module&gt;
    from .constants import (  # isort:skip
venv/lib64/python3.12/site-packages/weasyprint/text/constants.py:5: in &lt;module&gt;
    from .ffi import pango
venv/lib64/python3.12/site-packages/weasyprint/text/ffi.py:479: in &lt;module&gt;
    pango = _dlopen(
venv/lib64/python3.12/site-packages/weasyprint/text/ffi.py:464: in _dlopen
    return ffi.dlopen(names[0], flags)  # pragma: no cover
           ^^^^^^^^^^^^^^^^^^^^^^^^^^^
venv/lib64/python3.12/site-packages/cffi/api.py:150: in dlopen
    lib, function_cache = _make_ffi_library(self, name, flags)
                          ^^^^^^^^^^^^^^^^^^^^^^^^^^^^^^^^^^^^
venv/lib64/python3.12/site-packages/cffi/api.py:834: in _make_ffi_library
    backendlib = _load_backend_lib(backend, libname, flags)
                 ^^^^^^^^^^^^^^^^^^^^^^^^^^^^^^^^^^^^^^^^^^
venv/lib64/python3.12/site-packages/cffi/api.py:829: in _load_backend_lib
    raise OSError(msg)
E   OSError: cannot load library 'libpango-1.0-0': libpango-1.0-0: cannot open shared object file: No such file or directory.  Additionally, ctypes.util.find_library() did not manage to locate a library called 'libpango-1.0-0'</error></testcase><testcase classname="tests.front.test_inventory" name="test_inventory_authorization_success[client_direction]" time="0.066"><error message="failed on setup with &quot;OSError: cannot load library 'libpango-1.0-0': libpango-1.0-0: cannot open shared object file: No such file or directory.  Additionally, ctypes.util.find_library() did not manage to locate a library called 'libpango-1.0-0'&quot;">tests/front/conftest.py:244: in fastapi_test_client
    fastapi_app = get_fast_app()
                  ^^^^^^^^^^^^^^
tests/front/conftest.py:173: in get_fast_app
    from app_back.main import app as fastapi_app  # pylint: disable=import-outside-toplevel, redefined-outer-name
    ^^^^^^^^^^^^^^^^^^^^^^^^^^^^^^^^^^^^^^^^^^^^
app_back/main.py:8: in &lt;module&gt;
    from app_back.router import v1_api_router
app_back/router.py:4: in &lt;module&gt;
    from app_back.v1 import (
app_back/v1/__init__.py:6: in &lt;module&gt;
    from .documents import router as documents_router  # type: ignore
    ^^^^^^^^^^^^^^^^^^^^^^^^^^^^^^^^^^^^^^^^^^^^^^^^^
app_back/v1/documents.py:6: in &lt;module&gt;
    from app_back.utils.documents import create_document_buffer
app_back/utils/documents.py:5: in &lt;module&gt;
    from weasyprint import HTML
venv/lib64/python3.12/site-packages/weasyprint/__init__.py:372: in &lt;module&gt;
    from .css import preprocess_stylesheet  # noqa: I001, E402
    ^^^^^^^^^^^^^^^^^^^^^^^^^^^^^^^^^^^^^^
venv/lib64/python3.12/site-packages/weasyprint/css/__init__.py:29: in &lt;module&gt;
    from ..text.fonts import FontConfiguration
venv/lib64/python3.12/site-packages/weasyprint/text/fonts.py:17: in &lt;module&gt;
    from .constants import (  # isort:skip
venv/lib64/python3.12/site-packages/weasyprint/text/constants.py:5: in &lt;module&gt;
    from .ffi import pango
venv/lib64/python3.12/site-packages/weasyprint/text/ffi.py:479: in &lt;module&gt;
    pango = _dlopen(
venv/lib64/python3.12/site-packages/weasyprint/text/ffi.py:464: in _dlopen
    return ffi.dlopen(names[0], flags)  # pragma: no cover
           ^^^^^^^^^^^^^^^^^^^^^^^^^^^
venv/lib64/python3.12/site-packages/cffi/api.py:150: in dlopen
    lib, function_cache = _make_ffi_library(self, name, flags)
                          ^^^^^^^^^^^^^^^^^^^^^^^^^^^^^^^^^^^^
venv/lib64/python3.12/site-packages/cffi/api.py:834: in _make_ffi_library
    backendlib = _load_backend_lib(backend, libname, flags)
                 ^^^^^^^^^^^^^^^^^^^^^^^^^^^^^^^^^^^^^^^^^^
venv/lib64/python3.12/site-packages/cffi/api.py:829: in _load_backend_lib
    raise OSError(msg)
E   OSError: cannot load library 'libpango-1.0-0': libpango-1.0-0: cannot open shared object file: No such file or directory.  Additionally, ctypes.util.find_library() did not manage to locate a library called 'libpango-1.0-0'</error></testcase><testcase classname="tests.front.test_inventory" name="test_inventory_authorization_success[client_logistique]" time="0.067"><error message="failed on setup with &quot;OSError: cannot load library 'libpango-1.0-0': libpango-1.0-0: cannot open shared object file: No such file or directory.  Additionally, ctypes.util.find_library() did not manage to locate a library called 'libpango-1.0-0'&quot;">tests/front/conftest.py:244: in fastapi_test_client
    fastapi_app = get_fast_app()
                  ^^^^^^^^^^^^^^
tests/front/conftest.py:173: in get_fast_app
    from app_back.main import app as fastapi_app  # pylint: disable=import-outside-toplevel, redefined-outer-name
    ^^^^^^^^^^^^^^^^^^^^^^^^^^^^^^^^^^^^^^^^^^^^
app_back/main.py:8: in &lt;module&gt;
    from app_back.router import v1_api_router
app_back/router.py:4: in &lt;module&gt;
    from app_back.v1 import (
app_back/v1/__init__.py:6: in &lt;module&gt;
    from .documents import router as documents_router  # type: ignore
    ^^^^^^^^^^^^^^^^^^^^^^^^^^^^^^^^^^^^^^^^^^^^^^^^^
app_back/v1/documents.py:6: in &lt;module&gt;
    from app_back.utils.documents import create_document_buffer
app_back/utils/documents.py:5: in &lt;module&gt;
    from weasyprint import HTML
venv/lib64/python3.12/site-packages/weasyprint/__init__.py:372: in &lt;module&gt;
    from .css import preprocess_stylesheet  # noqa: I001, E402
    ^^^^^^^^^^^^^^^^^^^^^^^^^^^^^^^^^^^^^^
venv/lib64/python3.12/site-packages/weasyprint/css/__init__.py:29: in &lt;module&gt;
    from ..text.fonts import FontConfiguration
venv/lib64/python3.12/site-packages/weasyprint/text/fonts.py:17: in &lt;module&gt;
    from .constants import (  # isort:skip
venv/lib64/python3.12/site-packages/weasyprint/text/constants.py:5: in &lt;module&gt;
    from .ffi import pango
venv/lib64/python3.12/site-packages/weasyprint/text/ffi.py:479: in &lt;module&gt;
    pango = _dlopen(
venv/lib64/python3.12/site-packages/weasyprint/text/ffi.py:464: in _dlopen
    return ffi.dlopen(names[0], flags)  # pragma: no cover
           ^^^^^^^^^^^^^^^^^^^^^^^^^^^
venv/lib64/python3.12/site-packages/cffi/api.py:150: in dlopen
    lib, function_cache = _make_ffi_library(self, name, flags)
                          ^^^^^^^^^^^^^^^^^^^^^^^^^^^^^^^^^^^^
venv/lib64/python3.12/site-packages/cffi/api.py:834: in _make_ffi_library
    backendlib = _load_backend_lib(backend, libname, flags)
                 ^^^^^^^^^^^^^^^^^^^^^^^^^^^^^^^^^^^^^^^^^^
venv/lib64/python3.12/site-packages/cffi/api.py:829: in _load_backend_lib
    raise OSError(msg)
E   OSError: cannot load library 'libpango-1.0-0': libpango-1.0-0: cannot open shared object file: No such file or directory.  Additionally, ctypes.util.find_library() did not manage to locate a library called 'libpango-1.0-0'</error></testcase><testcase classname="tests.front.test_inventory" name="test_inventory_authorization_success[client_support]" time="0.068"><error message="failed on setup with &quot;OSError: cannot load library 'libpango-1.0-0': libpango-1.0-0: cannot open shared object file: No such file or directory.  Additionally, ctypes.util.find_library() did not manage to locate a library called 'libpango-1.0-0'&quot;">tests/front/conftest.py:244: in fastapi_test_client
    fastapi_app = get_fast_app()
                  ^^^^^^^^^^^^^^
tests/front/conftest.py:173: in get_fast_app
    from app_back.main import app as fastapi_app  # pylint: disable=import-outside-toplevel, redefined-outer-name
    ^^^^^^^^^^^^^^^^^^^^^^^^^^^^^^^^^^^^^^^^^^^^
app_back/main.py:8: in &lt;module&gt;
    from app_back.router import v1_api_router
app_back/router.py:4: in &lt;module&gt;
    from app_back.v1 import (
app_back/v1/__init__.py:6: in &lt;module&gt;
    from .documents import router as documents_router  # type: ignore
    ^^^^^^^^^^^^^^^^^^^^^^^^^^^^^^^^^^^^^^^^^^^^^^^^^
app_back/v1/documents.py:6: in &lt;module&gt;
    from app_back.utils.documents import create_document_buffer
app_back/utils/documents.py:5: in &lt;module&gt;
    from weasyprint import HTML
venv/lib64/python3.12/site-packages/weasyprint/__init__.py:372: in &lt;module&gt;
    from .css import preprocess_stylesheet  # noqa: I001, E402
    ^^^^^^^^^^^^^^^^^^^^^^^^^^^^^^^^^^^^^^
venv/lib64/python3.12/site-packages/weasyprint/css/__init__.py:29: in &lt;module&gt;
    from ..text.fonts import FontConfiguration
venv/lib64/python3.12/site-packages/weasyprint/text/fonts.py:17: in &lt;module&gt;
    from .constants import (  # isort:skip
venv/lib64/python3.12/site-packages/weasyprint/text/constants.py:5: in &lt;module&gt;
    from .ffi import pango
venv/lib64/python3.12/site-packages/weasyprint/text/ffi.py:479: in &lt;module&gt;
    pango = _dlopen(
venv/lib64/python3.12/site-packages/weasyprint/text/ffi.py:464: in _dlopen
    return ffi.dlopen(names[0], flags)  # pragma: no cover
           ^^^^^^^^^^^^^^^^^^^^^^^^^^^
venv/lib64/python3.12/site-packages/cffi/api.py:150: in dlopen
    lib, function_cache = _make_ffi_library(self, name, flags)
                          ^^^^^^^^^^^^^^^^^^^^^^^^^^^^^^^^^^^^
venv/lib64/python3.12/site-packages/cffi/api.py:834: in _make_ffi_library
    backendlib = _load_backend_lib(backend, libname, flags)
                 ^^^^^^^^^^^^^^^^^^^^^^^^^^^^^^^^^^^^^^^^^^
venv/lib64/python3.12/site-packages/cffi/api.py:829: in _load_backend_lib
    raise OSError(msg)
E   OSError: cannot load library 'libpango-1.0-0': libpango-1.0-0: cannot open shared object file: No such file or directory.  Additionally, ctypes.util.find_library() did not manage to locate a library called 'libpango-1.0-0'</error></testcase><testcase classname="tests.front.test_inventory" name="test_inventory_authorization_success[client_admin]" time="0.067"><error message="failed on setup with &quot;OSError: cannot load library 'libpango-1.0-0': libpango-1.0-0: cannot open shared object file: No such file or directory.  Additionally, ctypes.util.find_library() did not manage to locate a library called 'libpango-1.0-0'&quot;">tests/front/conftest.py:244: in fastapi_test_client
    fastapi_app = get_fast_app()
                  ^^^^^^^^^^^^^^
tests/front/conftest.py:173: in get_fast_app
    from app_back.main import app as fastapi_app  # pylint: disable=import-outside-toplevel, redefined-outer-name
    ^^^^^^^^^^^^^^^^^^^^^^^^^^^^^^^^^^^^^^^^^^^^
app_back/main.py:8: in &lt;module&gt;
    from app_back.router import v1_api_router
app_back/router.py:4: in &lt;module&gt;
    from app_back.v1 import (
app_back/v1/__init__.py:6: in &lt;module&gt;
    from .documents import router as documents_router  # type: ignore
    ^^^^^^^^^^^^^^^^^^^^^^^^^^^^^^^^^^^^^^^^^^^^^^^^^
app_back/v1/documents.py:6: in &lt;module&gt;
    from app_back.utils.documents import create_document_buffer
app_back/utils/documents.py:5: in &lt;module&gt;
    from weasyprint import HTML
venv/lib64/python3.12/site-packages/weasyprint/__init__.py:372: in &lt;module&gt;
    from .css import preprocess_stylesheet  # noqa: I001, E402
    ^^^^^^^^^^^^^^^^^^^^^^^^^^^^^^^^^^^^^^
venv/lib64/python3.12/site-packages/weasyprint/css/__init__.py:29: in &lt;module&gt;
    from ..text.fonts import FontConfiguration
venv/lib64/python3.12/site-packages/weasyprint/text/fonts.py:17: in &lt;module&gt;
    from .constants import (  # isort:skip
venv/lib64/python3.12/site-packages/weasyprint/text/constants.py:5: in &lt;module&gt;
    from .ffi import pango
venv/lib64/python3.12/site-packages/weasyprint/text/ffi.py:479: in &lt;module&gt;
    pango = _dlopen(
venv/lib64/python3.12/site-packages/weasyprint/text/ffi.py:464: in _dlopen
    return ffi.dlopen(names[0], flags)  # pragma: no cover
           ^^^^^^^^^^^^^^^^^^^^^^^^^^^
venv/lib64/python3.12/site-packages/cffi/api.py:150: in dlopen
    lib, function_cache = _make_ffi_library(self, name, flags)
                          ^^^^^^^^^^^^^^^^^^^^^^^^^^^^^^^^^^^^
venv/lib64/python3.12/site-packages/cffi/api.py:834: in _make_ffi_library
    backendlib = _load_backend_lib(backend, libname, flags)
                 ^^^^^^^^^^^^^^^^^^^^^^^^^^^^^^^^^^^^^^^^^^
venv/lib64/python3.12/site-packages/cffi/api.py:829: in _load_backend_lib
    raise OSError(msg)
E   OSError: cannot load library 'libpango-1.0-0': libpango-1.0-0: cannot open shared object file: No such file or directory.  Additionally, ctypes.util.find_library() did not manage to locate a library called 'libpango-1.0-0'</error></testcase><testcase classname="tests.front.test_inventory_e2e.TestInventoryE2E" name="test_workflow_single_product" time="0.087"><error message="failed on setup with &quot;OSError: cannot load library 'libpango-1.0-0': libpango-1.0-0: cannot open shared object file: No such file or directory.  Additionally, ctypes.util.find_library() did not manage to locate a library called 'libpango-1.0-0'&quot;">tests/front/conftest.py:244: in fastapi_test_client
    fastapi_app = get_fast_app()
                  ^^^^^^^^^^^^^^
tests/front/conftest.py:173: in get_fast_app
    from app_back.main import app as fastapi_app  # pylint: disable=import-outside-toplevel, redefined-outer-name
    ^^^^^^^^^^^^^^^^^^^^^^^^^^^^^^^^^^^^^^^^^^^^
app_back/main.py:8: in &lt;module&gt;
    from app_back.router import v1_api_router
app_back/router.py:4: in &lt;module&gt;
    from app_back.v1 import (
app_back/v1/__init__.py:6: in &lt;module&gt;
    from .documents import router as documents_router  # type: ignore
    ^^^^^^^^^^^^^^^^^^^^^^^^^^^^^^^^^^^^^^^^^^^^^^^^^
app_back/v1/documents.py:6: in &lt;module&gt;
    from app_back.utils.documents import create_document_buffer
app_back/utils/documents.py:5: in &lt;module&gt;
    from weasyprint import HTML
venv/lib64/python3.12/site-packages/weasyprint/__init__.py:372: in &lt;module&gt;
    from .css import preprocess_stylesheet  # noqa: I001, E402
    ^^^^^^^^^^^^^^^^^^^^^^^^^^^^^^^^^^^^^^
venv/lib64/python3.12/site-packages/weasyprint/css/__init__.py:29: in &lt;module&gt;
    from ..text.fonts import FontConfiguration
venv/lib64/python3.12/site-packages/weasyprint/text/fonts.py:17: in &lt;module&gt;
    from .constants import (  # isort:skip
venv/lib64/python3.12/site-packages/weasyprint/text/constants.py:5: in &lt;module&gt;
    from .ffi import pango
venv/lib64/python3.12/site-packages/weasyprint/text/ffi.py:479: in &lt;module&gt;
    pango = _dlopen(
venv/lib64/python3.12/site-packages/weasyprint/text/ffi.py:464: in _dlopen
    return ffi.dlopen(names[0], flags)  # pragma: no cover
           ^^^^^^^^^^^^^^^^^^^^^^^^^^^
venv/lib64/python3.12/site-packages/cffi/api.py:150: in dlopen
    lib, function_cache = _make_ffi_library(self, name, flags)
                          ^^^^^^^^^^^^^^^^^^^^^^^^^^^^^^^^^^^^
venv/lib64/python3.12/site-packages/cffi/api.py:834: in _make_ffi_library
    backendlib = _load_backend_lib(backend, libname, flags)
                 ^^^^^^^^^^^^^^^^^^^^^^^^^^^^^^^^^^^^^^^^^^
venv/lib64/python3.12/site-packages/cffi/api.py:829: in _load_backend_lib
    raise OSError(msg)
E   OSError: cannot load library 'libpango-1.0-0': libpango-1.0-0: cannot open shared object file: No such file or directory.  Additionally, ctypes.util.find_library() did not manage to locate a library called 'libpango-1.0-0'</error></testcase><testcase classname="tests.front.test_inventory_e2e.TestInventoryE2E" name="test_workflow_with_unknown_product" time="0.076"><error message="failed on setup with &quot;OSError: cannot load library 'libpango-1.0-0': libpango-1.0-0: cannot open shared object file: No such file or directory.  Additionally, ctypes.util.find_library() did not manage to locate a library called 'libpango-1.0-0'&quot;">tests/front/conftest.py:244: in fastapi_test_client
    fastapi_app = get_fast_app()
                  ^^^^^^^^^^^^^^
tests/front/conftest.py:173: in get_fast_app
    from app_back.main import app as fastapi_app  # pylint: disable=import-outside-toplevel, redefined-outer-name
    ^^^^^^^^^^^^^^^^^^^^^^^^^^^^^^^^^^^^^^^^^^^^
app_back/main.py:8: in &lt;module&gt;
    from app_back.router import v1_api_router
app_back/router.py:4: in &lt;module&gt;
    from app_back.v1 import (
app_back/v1/__init__.py:6: in &lt;module&gt;
    from .documents import router as documents_router  # type: ignore
    ^^^^^^^^^^^^^^^^^^^^^^^^^^^^^^^^^^^^^^^^^^^^^^^^^
app_back/v1/documents.py:6: in &lt;module&gt;
    from app_back.utils.documents import create_document_buffer
app_back/utils/documents.py:5: in &lt;module&gt;
    from weasyprint import HTML
venv/lib64/python3.12/site-packages/weasyprint/__init__.py:372: in &lt;module&gt;
    from .css import preprocess_stylesheet  # noqa: I001, E402
    ^^^^^^^^^^^^^^^^^^^^^^^^^^^^^^^^^^^^^^
venv/lib64/python3.12/site-packages/weasyprint/css/__init__.py:29: in &lt;module&gt;
    from ..text.fonts import FontConfiguration
venv/lib64/python3.12/site-packages/weasyprint/text/fonts.py:17: in &lt;module&gt;
    from .constants import (  # isort:skip
venv/lib64/python3.12/site-packages/weasyprint/text/constants.py:5: in &lt;module&gt;
    from .ffi import pango
venv/lib64/python3.12/site-packages/weasyprint/text/ffi.py:479: in &lt;module&gt;
    pango = _dlopen(
venv/lib64/python3.12/site-packages/weasyprint/text/ffi.py:464: in _dlopen
    return ffi.dlopen(names[0], flags)  # pragma: no cover
           ^^^^^^^^^^^^^^^^^^^^^^^^^^^
venv/lib64/python3.12/site-packages/cffi/api.py:150: in dlopen
    lib, function_cache = _make_ffi_library(self, name, flags)
                          ^^^^^^^^^^^^^^^^^^^^^^^^^^^^^^^^^^^^
venv/lib64/python3.12/site-packages/cffi/api.py:834: in _make_ffi_library
    backendlib = _load_backend_lib(backend, libname, flags)
                 ^^^^^^^^^^^^^^^^^^^^^^^^^^^^^^^^^^^^^^^^^^
venv/lib64/python3.12/site-packages/cffi/api.py:829: in _load_backend_lib
    raise OSError(msg)
E   OSError: cannot load library 'libpango-1.0-0': libpango-1.0-0: cannot open shared object file: No such file or directory.  Additionally, ctypes.util.find_library() did not manage to locate a library called 'libpango-1.0-0'</error></testcase><testcase classname="tests.front.test_inventory_e2e.TestInventoryE2E" name="test_workflow_with_existing_stock" time="0.068"><error message="failed on setup with &quot;OSError: cannot load library 'libpango-1.0-0': libpango-1.0-0: cannot open shared object file: No such file or directory.  Additionally, ctypes.util.find_library() did not manage to locate a library called 'libpango-1.0-0'&quot;">tests/front/conftest.py:244: in fastapi_test_client
    fastapi_app = get_fast_app()
                  ^^^^^^^^^^^^^^
tests/front/conftest.py:173: in get_fast_app
    from app_back.main import app as fastapi_app  # pylint: disable=import-outside-toplevel, redefined-outer-name
    ^^^^^^^^^^^^^^^^^^^^^^^^^^^^^^^^^^^^^^^^^^^^
app_back/main.py:8: in &lt;module&gt;
    from app_back.router import v1_api_router
app_back/router.py:4: in &lt;module&gt;
    from app_back.v1 import (
app_back/v1/__init__.py:6: in &lt;module&gt;
    from .documents import router as documents_router  # type: ignore
    ^^^^^^^^^^^^^^^^^^^^^^^^^^^^^^^^^^^^^^^^^^^^^^^^^
app_back/v1/documents.py:6: in &lt;module&gt;
    from app_back.utils.documents import create_document_buffer
app_back/utils/documents.py:5: in &lt;module&gt;
    from weasyprint import HTML
venv/lib64/python3.12/site-packages/weasyprint/__init__.py:372: in &lt;module&gt;
    from .css import preprocess_stylesheet  # noqa: I001, E402
    ^^^^^^^^^^^^^^^^^^^^^^^^^^^^^^^^^^^^^^
venv/lib64/python3.12/site-packages/weasyprint/css/__init__.py:29: in &lt;module&gt;
    from ..text.fonts import FontConfiguration
venv/lib64/python3.12/site-packages/weasyprint/text/fonts.py:17: in &lt;module&gt;
    from .constants import (  # isort:skip
venv/lib64/python3.12/site-packages/weasyprint/text/constants.py:5: in &lt;module&gt;
    from .ffi import pango
venv/lib64/python3.12/site-packages/weasyprint/text/ffi.py:479: in &lt;module&gt;
    pango = _dlopen(
venv/lib64/python3.12/site-packages/weasyprint/text/ffi.py:464: in _dlopen
    return ffi.dlopen(names[0], flags)  # pragma: no cover
           ^^^^^^^^^^^^^^^^^^^^^^^^^^^
venv/lib64/python3.12/site-packages/cffi/api.py:150: in dlopen
    lib, function_cache = _make_ffi_library(self, name, flags)
                          ^^^^^^^^^^^^^^^^^^^^^^^^^^^^^^^^^^^^
venv/lib64/python3.12/site-packages/cffi/api.py:834: in _make_ffi_library
    backendlib = _load_backend_lib(backend, libname, flags)
                 ^^^^^^^^^^^^^^^^^^^^^^^^^^^^^^^^^^^^^^^^^^
venv/lib64/python3.12/site-packages/cffi/api.py:829: in _load_backend_lib
    raise OSError(msg)
E   OSError: cannot load library 'libpango-1.0-0': libpango-1.0-0: cannot open shared object file: No such file or directory.  Additionally, ctypes.util.find_library() did not manage to locate a library called 'libpango-1.0-0'</error></testcase><testcase classname="tests.front.test_order" name="test_order_index_access[client_direction]" time="0.066"><error message="failed on setup with &quot;OSError: cannot load library 'libpango-1.0-0': libpango-1.0-0: cannot open shared object file: No such file or directory.  Additionally, ctypes.util.find_library() did not manage to locate a library called 'libpango-1.0-0'&quot;">tests/front/conftest.py:244: in fastapi_test_client
    fastapi_app = get_fast_app()
                  ^^^^^^^^^^^^^^
tests/front/conftest.py:173: in get_fast_app
    from app_back.main import app as fastapi_app  # pylint: disable=import-outside-toplevel, redefined-outer-name
    ^^^^^^^^^^^^^^^^^^^^^^^^^^^^^^^^^^^^^^^^^^^^
app_back/main.py:8: in &lt;module&gt;
    from app_back.router import v1_api_router
app_back/router.py:4: in &lt;module&gt;
    from app_back.v1 import (
app_back/v1/__init__.py:6: in &lt;module&gt;
    from .documents import router as documents_router  # type: ignore
    ^^^^^^^^^^^^^^^^^^^^^^^^^^^^^^^^^^^^^^^^^^^^^^^^^
app_back/v1/documents.py:6: in &lt;module&gt;
    from app_back.utils.documents import create_document_buffer
app_back/utils/documents.py:5: in &lt;module&gt;
    from weasyprint import HTML
venv/lib64/python3.12/site-packages/weasyprint/__init__.py:372: in &lt;module&gt;
    from .css import preprocess_stylesheet  # noqa: I001, E402
    ^^^^^^^^^^^^^^^^^^^^^^^^^^^^^^^^^^^^^^
venv/lib64/python3.12/site-packages/weasyprint/css/__init__.py:29: in &lt;module&gt;
    from ..text.fonts import FontConfiguration
venv/lib64/python3.12/site-packages/weasyprint/text/fonts.py:17: in &lt;module&gt;
    from .constants import (  # isort:skip
venv/lib64/python3.12/site-packages/weasyprint/text/constants.py:5: in &lt;module&gt;
    from .ffi import pango
venv/lib64/python3.12/site-packages/weasyprint/text/ffi.py:479: in &lt;module&gt;
    pango = _dlopen(
venv/lib64/python3.12/site-packages/weasyprint/text/ffi.py:464: in _dlopen
    return ffi.dlopen(names[0], flags)  # pragma: no cover
           ^^^^^^^^^^^^^^^^^^^^^^^^^^^
venv/lib64/python3.12/site-packages/cffi/api.py:150: in dlopen
    lib, function_cache = _make_ffi_library(self, name, flags)
                          ^^^^^^^^^^^^^^^^^^^^^^^^^^^^^^^^^^^^
venv/lib64/python3.12/site-packages/cffi/api.py:834: in _make_ffi_library
    backendlib = _load_backend_lib(backend, libname, flags)
                 ^^^^^^^^^^^^^^^^^^^^^^^^^^^^^^^^^^^^^^^^^^
venv/lib64/python3.12/site-packages/cffi/api.py:829: in _load_backend_lib
    raise OSError(msg)
E   OSError: cannot load library 'libpango-1.0-0': libpango-1.0-0: cannot open shared object file: No such file or directory.  Additionally, ctypes.util.find_library() did not manage to locate a library called 'libpango-1.0-0'</error></testcase><testcase classname="tests.front.test_order" name="test_order_index_access[client_logistique]" time="0.066"><error message="failed on setup with &quot;OSError: cannot load library 'libpango-1.0-0': libpango-1.0-0: cannot open shared object file: No such file or directory.  Additionally, ctypes.util.find_library() did not manage to locate a library called 'libpango-1.0-0'&quot;">tests/front/conftest.py:244: in fastapi_test_client
    fastapi_app = get_fast_app()
                  ^^^^^^^^^^^^^^
tests/front/conftest.py:173: in get_fast_app
    from app_back.main import app as fastapi_app  # pylint: disable=import-outside-toplevel, redefined-outer-name
    ^^^^^^^^^^^^^^^^^^^^^^^^^^^^^^^^^^^^^^^^^^^^
app_back/main.py:8: in &lt;module&gt;
    from app_back.router import v1_api_router
app_back/router.py:4: in &lt;module&gt;
    from app_back.v1 import (
app_back/v1/__init__.py:6: in &lt;module&gt;
    from .documents import router as documents_router  # type: ignore
    ^^^^^^^^^^^^^^^^^^^^^^^^^^^^^^^^^^^^^^^^^^^^^^^^^
app_back/v1/documents.py:6: in &lt;module&gt;
    from app_back.utils.documents import create_document_buffer
app_back/utils/documents.py:5: in &lt;module&gt;
    from weasyprint import HTML
venv/lib64/python3.12/site-packages/weasyprint/__init__.py:372: in &lt;module&gt;
    from .css import preprocess_stylesheet  # noqa: I001, E402
    ^^^^^^^^^^^^^^^^^^^^^^^^^^^^^^^^^^^^^^
venv/lib64/python3.12/site-packages/weasyprint/css/__init__.py:29: in &lt;module&gt;
    from ..text.fonts import FontConfiguration
venv/lib64/python3.12/site-packages/weasyprint/text/fonts.py:17: in &lt;module&gt;
    from .constants import (  # isort:skip
venv/lib64/python3.12/site-packages/weasyprint/text/constants.py:5: in &lt;module&gt;
    from .ffi import pango
venv/lib64/python3.12/site-packages/weasyprint/text/ffi.py:479: in &lt;module&gt;
    pango = _dlopen(
venv/lib64/python3.12/site-packages/weasyprint/text/ffi.py:464: in _dlopen
    return ffi.dlopen(names[0], flags)  # pragma: no cover
           ^^^^^^^^^^^^^^^^^^^^^^^^^^^
venv/lib64/python3.12/site-packages/cffi/api.py:150: in dlopen
    lib, function_cache = _make_ffi_library(self, name, flags)
                          ^^^^^^^^^^^^^^^^^^^^^^^^^^^^^^^^^^^^
venv/lib64/python3.12/site-packages/cffi/api.py:834: in _make_ffi_library
    backendlib = _load_backend_lib(backend, libname, flags)
                 ^^^^^^^^^^^^^^^^^^^^^^^^^^^^^^^^^^^^^^^^^^
venv/lib64/python3.12/site-packages/cffi/api.py:829: in _load_backend_lib
    raise OSError(msg)
E   OSError: cannot load library 'libpango-1.0-0': libpango-1.0-0: cannot open shared object file: No such file or directory.  Additionally, ctypes.util.find_library() did not manage to locate a library called 'libpango-1.0-0'</error></testcase><testcase classname="tests.front.test_order" name="test_order_index_access[client_support]" time="0.068"><error message="failed on setup with &quot;OSError: cannot load library 'libpango-1.0-0': libpango-1.0-0: cannot open shared object file: No such file or directory.  Additionally, ctypes.util.find_library() did not manage to locate a library called 'libpango-1.0-0'&quot;">tests/front/conftest.py:244: in fastapi_test_client
    fastapi_app = get_fast_app()
                  ^^^^^^^^^^^^^^
tests/front/conftest.py:173: in get_fast_app
    from app_back.main import app as fastapi_app  # pylint: disable=import-outside-toplevel, redefined-outer-name
    ^^^^^^^^^^^^^^^^^^^^^^^^^^^^^^^^^^^^^^^^^^^^
app_back/main.py:8: in &lt;module&gt;
    from app_back.router import v1_api_router
app_back/router.py:4: in &lt;module&gt;
    from app_back.v1 import (
app_back/v1/__init__.py:6: in &lt;module&gt;
    from .documents import router as documents_router  # type: ignore
    ^^^^^^^^^^^^^^^^^^^^^^^^^^^^^^^^^^^^^^^^^^^^^^^^^
app_back/v1/documents.py:6: in &lt;module&gt;
    from app_back.utils.documents import create_document_buffer
app_back/utils/documents.py:5: in &lt;module&gt;
    from weasyprint import HTML
venv/lib64/python3.12/site-packages/weasyprint/__init__.py:372: in &lt;module&gt;
    from .css import preprocess_stylesheet  # noqa: I001, E402
    ^^^^^^^^^^^^^^^^^^^^^^^^^^^^^^^^^^^^^^
venv/lib64/python3.12/site-packages/weasyprint/css/__init__.py:29: in &lt;module&gt;
    from ..text.fonts import FontConfiguration
venv/lib64/python3.12/site-packages/weasyprint/text/fonts.py:17: in &lt;module&gt;
    from .constants import (  # isort:skip
venv/lib64/python3.12/site-packages/weasyprint/text/constants.py:5: in &lt;module&gt;
    from .ffi import pango
venv/lib64/python3.12/site-packages/weasyprint/text/ffi.py:479: in &lt;module&gt;
    pango = _dlopen(
venv/lib64/python3.12/site-packages/weasyprint/text/ffi.py:464: in _dlopen
    return ffi.dlopen(names[0], flags)  # pragma: no cover
           ^^^^^^^^^^^^^^^^^^^^^^^^^^^
venv/lib64/python3.12/site-packages/cffi/api.py:150: in dlopen
    lib, function_cache = _make_ffi_library(self, name, flags)
                          ^^^^^^^^^^^^^^^^^^^^^^^^^^^^^^^^^^^^
venv/lib64/python3.12/site-packages/cffi/api.py:834: in _make_ffi_library
    backendlib = _load_backend_lib(backend, libname, flags)
                 ^^^^^^^^^^^^^^^^^^^^^^^^^^^^^^^^^^^^^^^^^^
venv/lib64/python3.12/site-packages/cffi/api.py:829: in _load_backend_lib
    raise OSError(msg)
E   OSError: cannot load library 'libpango-1.0-0': libpango-1.0-0: cannot open shared object file: No such file or directory.  Additionally, ctypes.util.find_library() did not manage to locate a library called 'libpango-1.0-0'</error></testcase><testcase classname="tests.front.test_order" name="test_order_index_access[client_admin]" time="0.141"><error message="failed on setup with &quot;OSError: cannot load library 'libpango-1.0-0': libpango-1.0-0: cannot open shared object file: No such file or directory.  Additionally, ctypes.util.find_library() did not manage to locate a library called 'libpango-1.0-0'&quot;">tests/front/conftest.py:244: in fastapi_test_client
    fastapi_app = get_fast_app()
                  ^^^^^^^^^^^^^^
tests/front/conftest.py:173: in get_fast_app
    from app_back.main import app as fastapi_app  # pylint: disable=import-outside-toplevel, redefined-outer-name
    ^^^^^^^^^^^^^^^^^^^^^^^^^^^^^^^^^^^^^^^^^^^^
app_back/main.py:8: in &lt;module&gt;
    from app_back.router import v1_api_router
app_back/router.py:4: in &lt;module&gt;
    from app_back.v1 import (
app_back/v1/__init__.py:6: in &lt;module&gt;
    from .documents import router as documents_router  # type: ignore
    ^^^^^^^^^^^^^^^^^^^^^^^^^^^^^^^^^^^^^^^^^^^^^^^^^
app_back/v1/documents.py:6: in &lt;module&gt;
    from app_back.utils.documents import create_document_buffer
app_back/utils/documents.py:5: in &lt;module&gt;
    from weasyprint import HTML
venv/lib64/python3.12/site-packages/weasyprint/__init__.py:372: in &lt;module&gt;
    from .css import preprocess_stylesheet  # noqa: I001, E402
    ^^^^^^^^^^^^^^^^^^^^^^^^^^^^^^^^^^^^^^
venv/lib64/python3.12/site-packages/weasyprint/css/__init__.py:29: in &lt;module&gt;
    from ..text.fonts import FontConfiguration
venv/lib64/python3.12/site-packages/weasyprint/text/fonts.py:17: in &lt;module&gt;
    from .constants import (  # isort:skip
venv/lib64/python3.12/site-packages/weasyprint/text/constants.py:5: in &lt;module&gt;
    from .ffi import pango
venv/lib64/python3.12/site-packages/weasyprint/text/ffi.py:479: in &lt;module&gt;
    pango = _dlopen(
venv/lib64/python3.12/site-packages/weasyprint/text/ffi.py:464: in _dlopen
    return ffi.dlopen(names[0], flags)  # pragma: no cover
           ^^^^^^^^^^^^^^^^^^^^^^^^^^^
venv/lib64/python3.12/site-packages/cffi/api.py:150: in dlopen
    lib, function_cache = _make_ffi_library(self, name, flags)
                          ^^^^^^^^^^^^^^^^^^^^^^^^^^^^^^^^^^^^
venv/lib64/python3.12/site-packages/cffi/api.py:834: in _make_ffi_library
    backendlib = _load_backend_lib(backend, libname, flags)
                 ^^^^^^^^^^^^^^^^^^^^^^^^^^^^^^^^^^^^^^^^^^
venv/lib64/python3.12/site-packages/cffi/api.py:829: in _load_backend_lib
    raise OSError(msg)
E   OSError: cannot load library 'libpango-1.0-0': libpango-1.0-0: cannot open shared object file: No such file or directory.  Additionally, ctypes.util.find_library() did not manage to locate a library called 'libpango-1.0-0'</error></testcase><testcase classname="tests.front.test_stocks" name="test_cleared_authenticated" time="0.004" /><testcase classname="tests.front.test_stocks" name="test_cleared_unauthenticated" time="0.003" /><testcase classname="tests.front.test_stocks" name="test_search_table" time="0.058" /><testcase classname="tests.front.test_stocks" name="test_dilicom_modal" time="0.019" /><testcase classname="tests.front.test_stocks" name="test_object_autocomplete" time="0.015" /><testcase classname="tests.front.test_stocks" name="test_create_tag_htmx" time="0.008" /><testcase classname="tests.front.test_stocks" name="test_object_form" time="0.033" /><testcase classname="tests.front.test_stocks" name="test_object_view_or_edit" time="0.030" /><testcase classname="tests.front.test_stocks" name="test_object_complement" time="0.054" /><testcase classname="tests.front.test_stocks" name="test_create_object" time="0.010"><failure message="assert 423 == 200&#10; +  where 423 = &lt;WrapperTestResponse streamed [423 LOCKED]&gt;.status_code">tests/front/test_stocks.py:165: in test_create_object
    assert response.status_code == 200
E   assert 423 == 200
E    +  where 423 = &lt;WrapperTestResponse streamed [423 LOCKED]&gt;.status_code</failure></testcase><testcase classname="tests.front.test_stocks" name="test_edit_object" time="0.023" /><testcase classname="tests.front.test_stocks" name="test_object_toggle_active_modal" time="0.020" /><testcase classname="tests.front.test_stocks" name="test_object_toggle_active" time="0.022" /><testcase classname="tests.front.test_stocks" name="test_dilicom_add" time="0.019"><failure message="RuntimeError: Erreur lors de la création de la référence Dilicom : 'FakeLogger' object has no attribute 'log_dilicom_event'">db_models/repositories/stocks/dilicom.py:154: in create_status
    logger.info(
/usr/lib64/python3.12/logging/__init__.py:1539: in info
    self._log(INFO, msg, args, **kwargs)
/usr/lib64/python3.12/logging/__init__.py:1684: in _log
    self.handle(record)
/usr/lib64/python3.12/logging/__init__.py:1700: in handle
    self.callHandlers(record)
/usr/lib64/python3.12/logging/__init__.py:1762: in callHandlers
    hdlr.handle(record)
/usr/lib64/python3.12/logging/__init__.py:1028: in handle
    self.emit(record)
logs/logger.py:344: in emit
    self.mongo_logger.log_dilicom_event(
    ^^^^^^^^^^^^^^^^^^^^^^^^^^^^^^^^^^^
E   AttributeError: 'FakeLogger' object has no attribute 'log_dilicom_event'. Did you mean: 'log_client_event'?

The above exception was the direct cause of the following exception:
tests/front/test_stocks.py:231: in test_dilicom_add
    response = client_all.post(f"/stock/htmx/search/dilicom/{book_object.id}/add",
venv/lib64/python3.12/site-packages/werkzeug/test.py:1167: in post
    return self.open(*args, **kw)
           ^^^^^^^^^^^^^^^^^^^^^^
venv/lib64/python3.12/site-packages/flask/testing.py:235: in open
    response = super().open(
venv/lib64/python3.12/site-packages/werkzeug/test.py:1116: in open
    response_parts = self.run_wsgi_app(request.environ, buffered=buffered)
                     ^^^^^^^^^^^^^^^^^^^^^^^^^^^^^^^^^^^^^^^^^^^^^^^^^^^^^
venv/lib64/python3.12/site-packages/werkzeug/test.py:988: in run_wsgi_app
    rv = run_wsgi_app(self.application, environ, buffered=buffered)
         ^^^^^^^^^^^^^^^^^^^^^^^^^^^^^^^^^^^^^^^^^^^^^^^^^^^^^^^^^^
venv/lib64/python3.12/site-packages/werkzeug/test.py:1264: in run_wsgi_app
    app_rv = app(environ, start_response)
             ^^^^^^^^^^^^^^^^^^^^^^^^^^^^
venv/lib64/python3.12/site-packages/flask/app.py:1536: in __call__
    return self.wsgi_app(environ, start_response)
           ^^^^^^^^^^^^^^^^^^^^^^^^^^^^^^^^^^^^^^
venv/lib64/python3.12/site-packages/werkzeug/middleware/proxy_fix.py:183: in __call__
    return self.app(environ, start_response)
           ^^^^^^^^^^^^^^^^^^^^^^^^^^^^^^^^^
venv/lib64/python3.12/site-packages/flask/app.py:1514: in wsgi_app
    response = self.handle_exception(e)
               ^^^^^^^^^^^^^^^^^^^^^^^^
venv/lib64/python3.12/site-packages/flask/app.py:1511: in wsgi_app
    response = self.full_dispatch_request()
               ^^^^^^^^^^^^^^^^^^^^^^^^^^^^
venv/lib64/python3.12/site-packages/flask/app.py:919: in full_dispatch_request
    rv = self.handle_user_exception(e)
         ^^^^^^^^^^^^^^^^^^^^^^^^^^^^^
venv/lib64/python3.12/site-packages/flask/app.py:917: in full_dispatch_request
    rv = self.dispatch_request()
         ^^^^^^^^^^^^^^^^^^^^^^^
venv/lib64/python3.12/site-packages/flask/app.py:902: in dispatch_request
    return self.ensure_sync(self.view_functions[rule.endpoint])(**view_args)  # type: ignore[no-any-return]
           ^^^^^^^^^^^^^^^^^^^^^^^^^^^^^^^^^^^^^^^^^^^^^^^^^^^^^^^^^^^^^^^^^
app_front/blueprints/stock/routes_htmx_search.py:356: in dilicom_add
    add_object_to_dilicom(object_id, gln13)
app_front/blueprints/stock/utils.py:302: in add_object_to_dilicom
    dilicom_ref = dilicom_repo.create_status(obj.ean13, gln13, movement="to_create")
                  ^^^^^^^^^^^^^^^^^^^^^^^^^^^^^^^^^^^^^^^^^^^^^^^^^^^^^^^^^^^^^^^^^^
db_models/repositories/stocks/dilicom.py:163: in create_status
    raise RuntimeError(message) from exc
E   RuntimeError: Erreur lors de la création de la référence Dilicom : 'FakeLogger' object has no attribute 'log_dilicom_event'</failure></testcase><testcase classname="tests.front.test_stocks" name="test_dilicom_remove" time="0.020"><failure message="RuntimeError: Erreur lors de la création de la référence Dilicom : 'FakeLogger' object has no attribute 'log_dilicom_event'">db_models/repositories/stocks/dilicom.py:154: in create_status
    logger.info(
/usr/lib64/python3.12/logging/__init__.py:1539: in info
    self._log(INFO, msg, args, **kwargs)
/usr/lib64/python3.12/logging/__init__.py:1684: in _log
    self.handle(record)
/usr/lib64/python3.12/logging/__init__.py:1700: in handle
    self.callHandlers(record)
/usr/lib64/python3.12/logging/__init__.py:1762: in callHandlers
    hdlr.handle(record)
/usr/lib64/python3.12/logging/__init__.py:1028: in handle
    self.emit(record)
logs/logger.py:344: in emit
    self.mongo_logger.log_dilicom_event(
    ^^^^^^^^^^^^^^^^^^^^^^^^^^^^^^^^^^^
E   AttributeError: 'FakeLogger' object has no attribute 'log_dilicom_event'. Did you mean: 'log_client_event'?

The above exception was the direct cause of the following exception:
tests/front/test_stocks.py:245: in test_dilicom_remove
    response = client_all.post(
venv/lib64/python3.12/site-packages/werkzeug/test.py:1167: in post
    return self.open(*args, **kw)
           ^^^^^^^^^^^^^^^^^^^^^^
venv/lib64/python3.12/site-packages/flask/testing.py:235: in open
    response = super().open(
venv/lib64/python3.12/site-packages/werkzeug/test.py:1116: in open
    response_parts = self.run_wsgi_app(request.environ, buffered=buffered)
                     ^^^^^^^^^^^^^^^^^^^^^^^^^^^^^^^^^^^^^^^^^^^^^^^^^^^^^
venv/lib64/python3.12/site-packages/werkzeug/test.py:988: in run_wsgi_app
    rv = run_wsgi_app(self.application, environ, buffered=buffered)
         ^^^^^^^^^^^^^^^^^^^^^^^^^^^^^^^^^^^^^^^^^^^^^^^^^^^^^^^^^^
venv/lib64/python3.12/site-packages/werkzeug/test.py:1264: in run_wsgi_app
    app_rv = app(environ, start_response)
             ^^^^^^^^^^^^^^^^^^^^^^^^^^^^
venv/lib64/python3.12/site-packages/flask/app.py:1536: in __call__
    return self.wsgi_app(environ, start_response)
           ^^^^^^^^^^^^^^^^^^^^^^^^^^^^^^^^^^^^^^
venv/lib64/python3.12/site-packages/werkzeug/middleware/proxy_fix.py:183: in __call__
    return self.app(environ, start_response)
           ^^^^^^^^^^^^^^^^^^^^^^^^^^^^^^^^^
venv/lib64/python3.12/site-packages/flask/app.py:1514: in wsgi_app
    response = self.handle_exception(e)
               ^^^^^^^^^^^^^^^^^^^^^^^^
venv/lib64/python3.12/site-packages/flask/app.py:1511: in wsgi_app
    response = self.full_dispatch_request()
               ^^^^^^^^^^^^^^^^^^^^^^^^^^^^
venv/lib64/python3.12/site-packages/flask/app.py:919: in full_dispatch_request
    rv = self.handle_user_exception(e)
         ^^^^^^^^^^^^^^^^^^^^^^^^^^^^^
venv/lib64/python3.12/site-packages/flask/app.py:917: in full_dispatch_request
    rv = self.dispatch_request()
         ^^^^^^^^^^^^^^^^^^^^^^^
venv/lib64/python3.12/site-packages/flask/app.py:902: in dispatch_request
    return self.ensure_sync(self.view_functions[rule.endpoint])(**view_args)  # type: ignore[no-any-return]
           ^^^^^^^^^^^^^^^^^^^^^^^^^^^^^^^^^^^^^^^^^^^^^^^^^^^^^^^^^^^^^^^^^
app_front/blueprints/stock/routes_htmx_search.py:368: in dilicom_remove
    remove_object_from_dilicom(object_id)
app_front/blueprints/stock/utils.py:324: in remove_object_from_dilicom
    dilicom_ref = dilicom_repo.create_status(
db_models/repositories/stocks/dilicom.py:163: in create_status
    raise RuntimeError(message) from exc
E   RuntimeError: Erreur lors de la création de la référence Dilicom : 'FakeLogger' object has no attribute 'log_dilicom_event'</failure></testcase><testcase classname="tests.front.test_stocks" name="test_index" time="0.018" /><testcase classname="tests.front.test_stocks" name="test_council" time="0.017" /><testcase classname="tests.front.test_stocks" name="test_orders" time="0.033" /><testcase classname="tests.front.test_stocks" name="test_create_order" time="0.019" /><testcase classname="tests.front.test_stocks" name="test_create_return" time="0.005" /><testcase classname="tests.front.test_stocks" name="test_search" time="0.010" /><testcase classname="tests.front.test_stocks" name="test_cleared_return" time="0.004" /><testcase classname="tests.front.test_stocks" name="test_returns" time="0.016" /><testcase classname="tests.front.test_stocks" name="test_new_return_section" time="0.005" /><testcase classname="tests.front.test_stocks" name="test_view_return" time="0.017" /><testcase classname="tests.front.test_stocks" name="test_new_return_table" time="0.006" /><testcase classname="tests.front.test_stocks" name="test_new_return_line_form" time="0.005" /><testcase classname="tests.front.test_stocks" name="test_cleared_orders" time="0.004" /><testcase classname="tests.front.test_stocks" name="test_orders_htmx" time="0.013" /><testcase classname="tests.front.test_stocks" name="test_new_order_section" time="0.058" /><testcase classname="tests.front.test_stocks" name="test_edit_order" time="0.020" /><testcase classname="tests.front.test_stocks" name="test_view_order" time="0.019" /><testcase classname="tests.front.test_stocks" name="test_cancel_order" time="0.033" /><testcase classname="tests.front.test_stocks" name="test_new_order_line" time="0.027" /><testcase classname="tests.front.test_stocks" name="test_edit_order_line" time="0.030" /><testcase classname="tests.front.test_stocks" name="test_confirm_order" time="0.025" /><testcase classname="tests.front.test_stocks" name="test_receipt_order" time="0.017" /><testcase classname="tests.front.test_stocks" name="test_receive_order_line" time="0.028" /><testcase classname="tests.front.test_stocks" name="test_update_external_ref" time="0.017" /><testcase classname="tests.front.test_stocks" name="test_api_update_price" time="0.017" /><testcase classname="tests.front.test_stocks" name="test_api_create_order" time="0.008" /><testcase classname="tests.front.test_supplier" name="test_index" time="0.008" /><testcase classname="tests.front.test_supplier" name="test_get_suppliers" time="0.019" /><testcase classname="tests.front.test_supplier" name="test_add_new_supplier" time="0.017" /><testcase classname="tests.front.test_supplier" name="test_create_supplier_htmx" time="0.008" /><testcase classname="tests.front.test_supplier" name="test_select_supplier" time="0.007" /><testcase classname="tests.front.test_supplier" name="test_select_dilicom_supplier" time="0.005" /><testcase classname="tests.front.test_supplier" name="test_close_modal" time="0.003" /><testcase classname="tests.front.test_user" name="test_login" time="0.069"><error message="failed on setup with &quot;OSError: cannot load library 'libpango-1.0-0': libpango-1.0-0: cannot open shared object file: No such file or directory.  Additionally, ctypes.util.find_library() did not manage to locate a library called 'libpango-1.0-0'&quot;">tests/front/conftest.py:244: in fastapi_test_client
    fastapi_app = get_fast_app()
                  ^^^^^^^^^^^^^^
tests/front/conftest.py:173: in get_fast_app
    from app_back.main import app as fastapi_app  # pylint: disable=import-outside-toplevel, redefined-outer-name
    ^^^^^^^^^^^^^^^^^^^^^^^^^^^^^^^^^^^^^^^^^^^^
app_back/main.py:8: in &lt;module&gt;
    from app_back.router import v1_api_router
app_back/router.py:4: in &lt;module&gt;
    from app_back.v1 import (
app_back/v1/__init__.py:6: in &lt;module&gt;
    from .documents import router as documents_router  # type: ignore
    ^^^^^^^^^^^^^^^^^^^^^^^^^^^^^^^^^^^^^^^^^^^^^^^^^
app_back/v1/documents.py:6: in &lt;module&gt;
    from app_back.utils.documents import create_document_buffer
app_back/utils/documents.py:5: in &lt;module&gt;
    from weasyprint import HTML
venv/lib64/python3.12/site-packages/weasyprint/__init__.py:372: in &lt;module&gt;
    from .css import preprocess_stylesheet  # noqa: I001, E402
    ^^^^^^^^^^^^^^^^^^^^^^^^^^^^^^^^^^^^^^
venv/lib64/python3.12/site-packages/weasyprint/css/__init__.py:29: in &lt;module&gt;
    from ..text.fonts import FontConfiguration
venv/lib64/python3.12/site-packages/weasyprint/text/fonts.py:17: in &lt;module&gt;
    from .constants import (  # isort:skip
venv/lib64/python3.12/site-packages/weasyprint/text/constants.py:5: in &lt;module&gt;
    from .ffi import pango
venv/lib64/python3.12/site-packages/weasyprint/text/ffi.py:479: in &lt;module&gt;
    pango = _dlopen(
venv/lib64/python3.12/site-packages/weasyprint/text/ffi.py:464: in _dlopen
    return ffi.dlopen(names[0], flags)  # pragma: no cover
           ^^^^^^^^^^^^^^^^^^^^^^^^^^^
venv/lib64/python3.12/site-packages/cffi/api.py:150: in dlopen
    lib, function_cache = _make_ffi_library(self, name, flags)
                          ^^^^^^^^^^^^^^^^^^^^^^^^^^^^^^^^^^^^
venv/lib64/python3.12/site-packages/cffi/api.py:834: in _make_ffi_library
    backendlib = _load_backend_lib(backend, libname, flags)
                 ^^^^^^^^^^^^^^^^^^^^^^^^^^^^^^^^^^^^^^^^^^
venv/lib64/python3.12/site-packages/cffi/api.py:829: in _load_backend_lib
    raise OSError(msg)
E   OSError: cannot load library 'libpango-1.0-0': libpango-1.0-0: cannot open shared object file: No such file or directory.  Additionally, ctypes.util.find_library() did not manage to locate a library called 'libpango-1.0-0'</error></testcase><testcase classname="tests.front.test_user" name="test_register" time="0.068"><error message="failed on setup with &quot;OSError: cannot load library 'libpango-1.0-0': libpango-1.0-0: cannot open shared object file: No such file or directory.  Additionally, ctypes.util.find_library() did not manage to locate a library called 'libpango-1.0-0'&quot;">tests/front/conftest.py:244: in fastapi_test_client
    fastapi_app = get_fast_app()
                  ^^^^^^^^^^^^^^
tests/front/conftest.py:173: in get_fast_app
    from app_back.main import app as fastapi_app  # pylint: disable=import-outside-toplevel, redefined-outer-name
    ^^^^^^^^^^^^^^^^^^^^^^^^^^^^^^^^^^^^^^^^^^^^
app_back/main.py:8: in &lt;module&gt;
    from app_back.router import v1_api_router
app_back/router.py:4: in &lt;module&gt;
    from app_back.v1 import (
app_back/v1/__init__.py:6: in &lt;module&gt;
    from .documents import router as documents_router  # type: ignore
    ^^^^^^^^^^^^^^^^^^^^^^^^^^^^^^^^^^^^^^^^^^^^^^^^^
app_back/v1/documents.py:6: in &lt;module&gt;
    from app_back.utils.documents import create_document_buffer
app_back/utils/documents.py:5: in &lt;module&gt;
    from weasyprint import HTML
venv/lib64/python3.12/site-packages/weasyprint/__init__.py:372: in &lt;module&gt;
    from .css import preprocess_stylesheet  # noqa: I001, E402
    ^^^^^^^^^^^^^^^^^^^^^^^^^^^^^^^^^^^^^^
venv/lib64/python3.12/site-packages/weasyprint/css/__init__.py:29: in &lt;module&gt;
    from ..text.fonts import FontConfiguration
venv/lib64/python3.12/site-packages/weasyprint/text/fonts.py:17: in &lt;module&gt;
    from .constants import (  # isort:skip
venv/lib64/python3.12/site-packages/weasyprint/text/constants.py:5: in &lt;module&gt;
    from .ffi import pango
venv/lib64/python3.12/site-packages/weasyprint/text/ffi.py:479: in &lt;module&gt;
    pango = _dlopen(
venv/lib64/python3.12/site-packages/weasyprint/text/ffi.py:464: in _dlopen
    return ffi.dlopen(names[0], flags)  # pragma: no cover
           ^^^^^^^^^^^^^^^^^^^^^^^^^^^
venv/lib64/python3.12/site-packages/cffi/api.py:150: in dlopen
    lib, function_cache = _make_ffi_library(self, name, flags)
                          ^^^^^^^^^^^^^^^^^^^^^^^^^^^^^^^^^^^^
venv/lib64/python3.12/site-packages/cffi/api.py:834: in _make_ffi_library
    backendlib = _load_backend_lib(backend, libname, flags)
                 ^^^^^^^^^^^^^^^^^^^^^^^^^^^^^^^^^^^^^^^^^^
venv/lib64/python3.12/site-packages/cffi/api.py:829: in _load_backend_lib
    raise OSError(msg)
E   OSError: cannot load library 'libpango-1.0-0': libpango-1.0-0: cannot open shared object file: No such file or directory.  Additionally, ctypes.util.find_library() did not manage to locate a library called 'libpango-1.0-0'</error></testcase><testcase classname="tests.front.test_user" name="test_logout" time="0.152"><failure message="requests.exceptions.ConnectionError: HTTPConnectionPool(host='app-back', port=8000): Max retries exceeded with url: /api/v1/users/no-user (Caused by NameResolutionError(&quot;HTTPConnection(host='app-back', port=8000): Failed to resolve 'app-back' ([Errno -2] Name or service not known)&quot;))">tests/front/conftest.py:128: in fake_request
    fastapp = get_fast_app()
              ^^^^^^^^^^^^^^
tests/front/conftest.py:173: in get_fast_app
    from app_back.main import app as fastapi_app  # pylint: disable=import-outside-toplevel, redefined-outer-name
    ^^^^^^^^^^^^^^^^^^^^^^^^^^^^^^^^^^^^^^^^^^^^
app_back/main.py:8: in &lt;module&gt;
    from app_back.router import v1_api_router
app_back/router.py:4: in &lt;module&gt;
    from app_back.v1 import (
app_back/v1/__init__.py:6: in &lt;module&gt;
    from .documents import router as documents_router  # type: ignore
    ^^^^^^^^^^^^^^^^^^^^^^^^^^^^^^^^^^^^^^^^^^^^^^^^^
app_back/v1/documents.py:6: in &lt;module&gt;
    from app_back.utils.documents import create_document_buffer
app_back/utils/documents.py:5: in &lt;module&gt;
    from weasyprint import HTML
venv/lib64/python3.12/site-packages/weasyprint/__init__.py:372: in &lt;module&gt;
    from .css import preprocess_stylesheet  # noqa: I001, E402
    ^^^^^^^^^^^^^^^^^^^^^^^^^^^^^^^^^^^^^^
venv/lib64/python3.12/site-packages/weasyprint/css/__init__.py:29: in &lt;module&gt;
    from ..text.fonts import FontConfiguration
venv/lib64/python3.12/site-packages/weasyprint/text/fonts.py:17: in &lt;module&gt;
    from .constants import (  # isort:skip
venv/lib64/python3.12/site-packages/weasyprint/text/constants.py:5: in &lt;module&gt;
    from .ffi import pango
venv/lib64/python3.12/site-packages/weasyprint/text/ffi.py:479: in &lt;module&gt;
    pango = _dlopen(
venv/lib64/python3.12/site-packages/weasyprint/text/ffi.py:464: in _dlopen
    return ffi.dlopen(names[0], flags)  # pragma: no cover
           ^^^^^^^^^^^^^^^^^^^^^^^^^^^
venv/lib64/python3.12/site-packages/cffi/api.py:150: in dlopen
    lib, function_cache = _make_ffi_library(self, name, flags)
                          ^^^^^^^^^^^^^^^^^^^^^^^^^^^^^^^^^^^^
venv/lib64/python3.12/site-packages/cffi/api.py:834: in _make_ffi_library
    backendlib = _load_backend_lib(backend, libname, flags)
                 ^^^^^^^^^^^^^^^^^^^^^^^^^^^^^^^^^^^^^^^^^^
venv/lib64/python3.12/site-packages/cffi/api.py:829: in _load_backend_lib
    raise OSError(msg)
E   OSError: cannot load library 'libpango-1.0-0': libpango-1.0-0: cannot open shared object file: No such file or directory.  Additionally, ctypes.util.find_library() did not manage to locate a library called 'libpango-1.0-0'

During handling of the above exception, another exception occurred:
venv/lib64/python3.12/site-packages/urllib3/connection.py:204: in _new_conn
    sock = connection.create_connection(
venv/lib64/python3.12/site-packages/urllib3/util/connection.py:60: in create_connection
    for res in socket.getaddrinfo(host, port, family, socket.SOCK_STREAM):
               ^^^^^^^^^^^^^^^^^^^^^^^^^^^^^^^^^^^^^^^^^^^^^^^^^^^^^^^^^^
/usr/lib64/python3.12/socket.py:978: in getaddrinfo
    for res in _socket.getaddrinfo(host, port, family, type, proto, flags):
               ^^^^^^^^^^^^^^^^^^^^^^^^^^^^^^^^^^^^^^^^^^^^^^^^^^^^^^^^^^^
E   socket.gaierror: [Errno -2] Name or service not known

The above exception was the direct cause of the following exception:
venv/lib64/python3.12/site-packages/urllib3/connectionpool.py:787: in urlopen
    response = self._make_request(
venv/lib64/python3.12/site-packages/urllib3/connectionpool.py:493: in _make_request
    conn.request(
venv/lib64/python3.12/site-packages/urllib3/connection.py:500: in request
    self.endheaders()
/usr/lib64/python3.12/http/client.py:1353: in endheaders
    self._send_output(message_body, encode_chunked=encode_chunked)
/usr/lib64/python3.12/http/client.py:1113: in _send_output
    self.send(msg)
/usr/lib64/python3.12/http/client.py:1057: in send
    self.connect()
venv/lib64/python3.12/site-packages/urllib3/connection.py:331: in connect
    self.sock = self._new_conn()
                ^^^^^^^^^^^^^^^^
venv/lib64/python3.12/site-packages/urllib3/connection.py:211: in _new_conn
    raise NameResolutionError(self.host, self, e) from e
E   urllib3.exceptions.NameResolutionError: HTTPConnection(host='app-back', port=8000): Failed to resolve 'app-back' ([Errno -2] Name or service not known)

The above exception was the direct cause of the following exception:
venv/lib64/python3.12/site-packages/requests/adapters.py:644: in send
    resp = conn.urlopen(
venv/lib64/python3.12/site-packages/urllib3/connectionpool.py:841: in urlopen
    retries = retries.increment(
venv/lib64/python3.12/site-packages/urllib3/util/retry.py:535: in increment
    raise MaxRetryError(_pool, url, reason) from reason  # type: ignore[arg-type]
    ^^^^^^^^^^^^^^^^^^^^^^^^^^^^^^^^^^^^^^^^^^^^^^^^^^^
E   urllib3.exceptions.MaxRetryError: HTTPConnectionPool(host='app-back', port=8000): Max retries exceeded with url: /api/v1/users/no-user (Caused by NameResolutionError("HTTPConnection(host='app-back', port=8000): Failed to resolve 'app-back' ([Errno -2] Name or service not known)"))

During handling of the above exception, another exception occurred:
tests/front/test_user.py:95: in test_logout
    response_get_2 = client_all.get("/user/logout", follow_redirects=True)
                     ^^^^^^^^^^^^^^^^^^^^^^^^^^^^^^^^^^^^^^^^^^^^^^^^^^^^^
venv/lib64/python3.12/site-packages/werkzeug/test.py:1162: in get
    return self.open(*args, **kw)
           ^^^^^^^^^^^^^^^^^^^^^^
venv/lib64/python3.12/site-packages/flask/testing.py:235: in open
    response = super().open(
venv/lib64/python3.12/site-packages/werkzeug/test.py:1150: in open
    response = self.resolve_redirect(response, buffered=buffered)
               ^^^^^^^^^^^^^^^^^^^^^^^^^^^^^^^^^^^^^^^^^^^^^^^^^^
venv/lib64/python3.12/site-packages/werkzeug/test.py:1056: in resolve_redirect
    return self.open(builder, buffered=buffered)
           ^^^^^^^^^^^^^^^^^^^^^^^^^^^^^^^^^^^^^
venv/lib64/python3.12/site-packages/flask/testing.py:235: in open
    response = super().open(
venv/lib64/python3.12/site-packages/werkzeug/test.py:1116: in open
    response_parts = self.run_wsgi_app(request.environ, buffered=buffered)
                     ^^^^^^^^^^^^^^^^^^^^^^^^^^^^^^^^^^^^^^^^^^^^^^^^^^^^^
venv/lib64/python3.12/site-packages/werkzeug/test.py:988: in run_wsgi_app
    rv = run_wsgi_app(self.application, environ, buffered=buffered)
         ^^^^^^^^^^^^^^^^^^^^^^^^^^^^^^^^^^^^^^^^^^^^^^^^^^^^^^^^^^
venv/lib64/python3.12/site-packages/werkzeug/test.py:1264: in run_wsgi_app
    app_rv = app(environ, start_response)
             ^^^^^^^^^^^^^^^^^^^^^^^^^^^^
venv/lib64/python3.12/site-packages/flask/app.py:1536: in __call__
    return self.wsgi_app(environ, start_response)
           ^^^^^^^^^^^^^^^^^^^^^^^^^^^^^^^^^^^^^^
venv/lib64/python3.12/site-packages/werkzeug/middleware/proxy_fix.py:183: in __call__
    return self.app(environ, start_response)
           ^^^^^^^^^^^^^^^^^^^^^^^^^^^^^^^^^
venv/lib64/python3.12/site-packages/flask/app.py:1514: in wsgi_app
    response = self.handle_exception(e)
               ^^^^^^^^^^^^^^^^^^^^^^^^
venv/lib64/python3.12/site-packages/flask/app.py:1511: in wsgi_app
    response = self.full_dispatch_request()
               ^^^^^^^^^^^^^^^^^^^^^^^^^^^^
venv/lib64/python3.12/site-packages/flask/app.py:919: in full_dispatch_request
    rv = self.handle_user_exception(e)
         ^^^^^^^^^^^^^^^^^^^^^^^^^^^^^
venv/lib64/python3.12/site-packages/flask/app.py:917: in full_dispatch_request
    rv = self.dispatch_request()
         ^^^^^^^^^^^^^^^^^^^^^^^
venv/lib64/python3.12/site-packages/flask/app.py:902: in dispatch_request
    return self.ensure_sync(self.view_functions[rule.endpoint])(**view_args)  # type: ignore[no-any-return]
           ^^^^^^^^^^^^^^^^^^^^^^^^^^^^^^^^^^^^^^^^^^^^^^^^^^^^^^^^^^^^^^^^^
app_front/blueprints/user/routes.py:38: in login
    no_users = check_no_users()
               ^^^^^^^^^^^^^^^^
app_front/blueprints/user/utils.py:20: in check_no_users
    response = requests.get(USERS["no_users"], timeout=10)
               ^^^^^^^^^^^^^^^^^^^^^^^^^^^^^^^^^^^^^^^^^^^
venv/lib64/python3.12/site-packages/requests/api.py:73: in get
    return request("get", url, params=params, **kwargs)
           ^^^^^^^^^^^^^^^^^^^^^^^^^^^^^^^^^^^^^^^^^^^^
venv/lib64/python3.12/site-packages/requests/api.py:59: in request
    return session.request(method=method, url=url, **kwargs)
           ^^^^^^^^^^^^^^^^^^^^^^^^^^^^^^^^^^^^^^^^^^^^^^^^^
tests/front/conftest.py:134: in fake_request
    return original_request(self, method, url, **kwargs)
           ^^^^^^^^^^^^^^^^^^^^^^^^^^^^^^^^^^^^^^^^^^^^^
venv/lib64/python3.12/site-packages/requests/sessions.py:589: in request
    resp = self.send(prep, **send_kwargs)
           ^^^^^^^^^^^^^^^^^^^^^^^^^^^^^^
venv/lib64/python3.12/site-packages/requests/sessions.py:703: in send
    r = adapter.send(request, **kwargs)
        ^^^^^^^^^^^^^^^^^^^^^^^^^^^^^^^
venv/lib64/python3.12/site-packages/requests/adapters.py:677: in send
    raise ConnectionError(e, request=request)
E   requests.exceptions.ConnectionError: HTTPConnectionPool(host='app-back', port=8000): Max retries exceeded with url: /api/v1/users/no-user (Caused by NameResolutionError("HTTPConnection(host='app-back', port=8000): Failed to resolve 'app-back' ([Errno -2] Name or service not known)"))</failure></testcase><testcase classname="tests.front.test_user" name="test_chg_pwd" time="0.068"><error message="failed on setup with &quot;OSError: cannot load library 'libpango-1.0-0': libpango-1.0-0: cannot open shared object file: No such file or directory.  Additionally, ctypes.util.find_library() did not manage to locate a library called 'libpango-1.0-0'&quot;">tests/front/conftest.py:244: in fastapi_test_client
    fastapi_app = get_fast_app()
                  ^^^^^^^^^^^^^^
tests/front/conftest.py:173: in get_fast_app
    from app_back.main import app as fastapi_app  # pylint: disable=import-outside-toplevel, redefined-outer-name
    ^^^^^^^^^^^^^^^^^^^^^^^^^^^^^^^^^^^^^^^^^^^^
app_back/main.py:8: in &lt;module&gt;
    from app_back.router import v1_api_router
app_back/router.py:4: in &lt;module&gt;
    from app_back.v1 import (
app_back/v1/__init__.py:6: in &lt;module&gt;
    from .documents import router as documents_router  # type: ignore
    ^^^^^^^^^^^^^^^^^^^^^^^^^^^^^^^^^^^^^^^^^^^^^^^^^
app_back/v1/documents.py:6: in &lt;module&gt;
    from app_back.utils.documents import create_document_buffer
app_back/utils/documents.py:5: in &lt;module&gt;
    from weasyprint import HTML
venv/lib64/python3.12/site-packages/weasyprint/__init__.py:372: in &lt;module&gt;
    from .css import preprocess_stylesheet  # noqa: I001, E402
    ^^^^^^^^^^^^^^^^^^^^^^^^^^^^^^^^^^^^^^
venv/lib64/python3.12/site-packages/weasyprint/css/__init__.py:29: in &lt;module&gt;
    from ..text.fonts import FontConfiguration
venv/lib64/python3.12/site-packages/weasyprint/text/fonts.py:17: in &lt;module&gt;
    from .constants import (  # isort:skip
venv/lib64/python3.12/site-packages/weasyprint/text/constants.py:5: in &lt;module&gt;
    from .ffi import pango
venv/lib64/python3.12/site-packages/weasyprint/text/ffi.py:479: in &lt;module&gt;
    pango = _dlopen(
venv/lib64/python3.12/site-packages/weasyprint/text/ffi.py:464: in _dlopen
    return ffi.dlopen(names[0], flags)  # pragma: no cover
           ^^^^^^^^^^^^^^^^^^^^^^^^^^^
venv/lib64/python3.12/site-packages/cffi/api.py:150: in dlopen
    lib, function_cache = _make_ffi_library(self, name, flags)
                          ^^^^^^^^^^^^^^^^^^^^^^^^^^^^^^^^^^^^
venv/lib64/python3.12/site-packages/cffi/api.py:834: in _make_ffi_library
    backendlib = _load_backend_lib(backend, libname, flags)
                 ^^^^^^^^^^^^^^^^^^^^^^^^^^^^^^^^^^^^^^^^^^
venv/lib64/python3.12/site-packages/cffi/api.py:829: in _load_backend_lib
    raise OSError(msg)
E   OSError: cannot load library 'libpango-1.0-0': libpango-1.0-0: cannot open shared object file: No such file or directory.  Additionally, ctypes.util.find_library() did not manage to locate a library called 'libpango-1.0-0'</error></testcase><testcase classname="tests.front.test_user" name="test_modify" time="0.069"><error message="failed on setup with &quot;OSError: cannot load library 'libpango-1.0-0': libpango-1.0-0: cannot open shared object file: No such file or directory.  Additionally, ctypes.util.find_library() did not manage to locate a library called 'libpango-1.0-0'&quot;">tests/front/conftest.py:244: in fastapi_test_client
    fastapi_app = get_fast_app()
                  ^^^^^^^^^^^^^^
tests/front/conftest.py:173: in get_fast_app
    from app_back.main import app as fastapi_app  # pylint: disable=import-outside-toplevel, redefined-outer-name
    ^^^^^^^^^^^^^^^^^^^^^^^^^^^^^^^^^^^^^^^^^^^^
app_back/main.py:8: in &lt;module&gt;
    from app_back.router import v1_api_router
app_back/router.py:4: in &lt;module&gt;
    from app_back.v1 import (
app_back/v1/__init__.py:6: in &lt;module&gt;
    from .documents import router as documents_router  # type: ignore
    ^^^^^^^^^^^^^^^^^^^^^^^^^^^^^^^^^^^^^^^^^^^^^^^^^
app_back/v1/documents.py:6: in &lt;module&gt;
    from app_back.utils.documents import create_document_buffer
app_back/utils/documents.py:5: in &lt;module&gt;
    from weasyprint import HTML
venv/lib64/python3.12/site-packages/weasyprint/__init__.py:372: in &lt;module&gt;
    from .css import preprocess_stylesheet  # noqa: I001, E402
    ^^^^^^^^^^^^^^^^^^^^^^^^^^^^^^^^^^^^^^
venv/lib64/python3.12/site-packages/weasyprint/css/__init__.py:29: in &lt;module&gt;
    from ..text.fonts import FontConfiguration
venv/lib64/python3.12/site-packages/weasyprint/text/fonts.py:17: in &lt;module&gt;
    from .constants import (  # isort:skip
venv/lib64/python3.12/site-packages/weasyprint/text/constants.py:5: in &lt;module&gt;
    from .ffi import pango
venv/lib64/python3.12/site-packages/weasyprint/text/ffi.py:479: in &lt;module&gt;
    pango = _dlopen(
venv/lib64/python3.12/site-packages/weasyprint/text/ffi.py:464: in _dlopen
    return ffi.dlopen(names[0], flags)  # pragma: no cover
           ^^^^^^^^^^^^^^^^^^^^^^^^^^^
venv/lib64/python3.12/site-packages/cffi/api.py:150: in dlopen
    lib, function_cache = _make_ffi_library(self, name, flags)
                          ^^^^^^^^^^^^^^^^^^^^^^^^^^^^^^^^^^^^
venv/lib64/python3.12/site-packages/cffi/api.py:834: in _make_ffi_library
    backendlib = _load_backend_lib(backend, libname, flags)
                 ^^^^^^^^^^^^^^^^^^^^^^^^^^^^^^^^^^^^^^^^^^
venv/lib64/python3.12/site-packages/cffi/api.py:829: in _load_backend_lib
    raise OSError(msg)
E   OSError: cannot load library 'libpango-1.0-0': libpango-1.0-0: cannot open shared object file: No such file or directory.  Additionally, ctypes.util.find_library() did not manage to locate a library called 'libpango-1.0-0'</error></testcase></testsuite></testsuites>