<?xml version="1.0" encoding="utf-8"?>
<testsuites name="pytest tests">
  <testsuite name="pytest" errors="0" failures="0" skipped="0" tests="115" time="20.599" timestamp="2026-08-24T08:49:12.460155+02:00" hostname="sauvetage">
    <testcase classname="tests.front.test_admin" name="test_index" time="2.877"/>
    <testcase classname="tests.front.test_admin" name="test_create_first_user" time="0.071"/>
    <testcase classname="tests.front.test_customer" name="test_permissions[client_all-200-routes0-&lt;!DOCTYPE html&gt;\n&lt;html lang=&quot;fr&quot;&gt;\n&lt;head&gt;\n]" time="0.804"/>
    <testcase classname="tests.front.test_customer" name="test_permissions[client-302-routes1-&lt;!doctype html&gt;\n&lt;html lang=en&gt;\n&lt;title&gt;Redirecting...&lt;/]" time="0.073"/>
    <testcase classname="tests.front.test_customer" name="test_permissions[client_informatique-403-routes2-&lt;!DOCTYPE html&gt;\n&lt;html lang=&quot;fr&quot;&gt;\n&lt;head&gt;\n    &lt;meta charset=&quot;UTF-8&quot;&gt;]" time="0.652"/>
    <testcase classname="tests.front.test_customer" name="test_permissions[client_compta-200-routes3-&lt;!DOCTYPE html&gt;\n&lt;html lang=&quot;fr&quot;&gt;\n&lt;head&gt;\n]" time="0.493"/>
    <testcase classname="tests.front.test_customer" name="test_permissions[client_commercial-200-routes4-&lt;!DOCTYPE html&gt;\n&lt;html lang=&quot;fr&quot;&gt;\n&lt;head&gt;\n]" time="0.506"/>
    <testcase classname="tests.front.test_customer" name="test_permissions[client_direction-200-routes5-&lt;!DOCTYPE html&gt;\n&lt;html lang=&quot;fr&quot;&gt;\n&lt;head&gt;\n]" time="0.522"/>
    <testcase classname="tests.front.test_customer" name="test_search_fast_pro_part[tes-1-pro-complete_customer_pro]" time="0.047"/>
    <testcase classname="tests.front.test_customer" name="test_search_fast_pro_part[jan-1-part-complete_customer_part]" time="0.046"/>
    <testcase classname="tests.front.test_customer" name="test_search_fast_pro_part[xyz-0-None-None]" time="0.029"/>
    <testcase classname="tests.front.test_customer" name="test_search_fast_pro_part[-0-None-None]" time="0.024"/>
    <testcase classname="tests.front.test_dashboard" name="test_dashboard_authorization[routes0-client-302]" time="0.011"/>
    <testcase classname="tests.front.test_dashboard" name="test_dashboard_authorization[routes1-client_informatique-403]" time="0.088"/>
    <testcase classname="tests.front.test_dashboard" name="test_dashboard_authorization[routes2-client_compta-200]" time="0.100"/>
    <testcase classname="tests.front.test_dashboard" name="test_dashboard_authorization[routes3-client_commercial-200]" time="0.148"/>
    <testcase classname="tests.front.test_dashboard" name="test_dashboard_authorization[routes4-client_direction-200]" time="0.060"/>
    <testcase classname="tests.front.test_dashboard" name="test_dashboard_authorization[routes5-client_admin-200]" time="0.060"/>
    <testcase classname="tests.front.test_dashboard" name="test_dashboard_authorization[routes6-client_logistique-200]" time="0.060"/>
    <testcase classname="tests.front.test_dashboard" name="test_dashboard_finances_retourne_les_series_mensuelles" time="0.014"/>
    <testcase classname="tests.front.test_dashboard" name="test_dashboard_stock_by_category_retourne_les_totaux" time="0.018"/>
    <testcase classname="tests.front.test_dashboard" name="test_dashboard_stock_slow_moving_limite_et_trie_les_articles" time="0.019"/>
    <testcase classname="tests.front.test_dashboard" name="test_dashboard_commandes_rejette_une_pagination_invalide[pagination0]" time="0.014"/>
    <testcase classname="tests.front.test_dashboard" name="test_dashboard_commandes_rejette_une_pagination_invalide[pagination1]" time="0.013"/>
    <testcase classname="tests.front.test_inventory" name="test_inventory_authorization_denied[route0-client-302]" time="0.073"/>
    <testcase classname="tests.front.test_inventory" name="test_inventory_authorization_denied[route1-client_informatique-403]" time="0.354"/>
    <testcase classname="tests.front.test_inventory" name="test_inventory_authorization_success[client_direction]" time="0.653"/>
    <testcase classname="tests.front.test_inventory" name="test_inventory_authorization_success[client_logistique]" time="0.262"/>
    <testcase classname="tests.front.test_inventory" name="test_inventory_authorization_success[client_support]" time="0.267"/>
    <testcase classname="tests.front.test_inventory" name="test_inventory_authorization_success[client_admin]" time="0.275"/>
    <testcase classname="tests.front.test_inventory_e2e.TestInventoryE2E" name="test_workflow_single_product" time="0.085"/>
    <testcase classname="tests.front.test_inventory_e2e.TestInventoryE2E" name="test_workflow_with_unknown_product" time="0.120"/>
    <testcase classname="tests.front.test_inventory_e2e.TestInventoryE2E" name="test_workflow_with_existing_stock" time="0.089"/>
    <testcase classname="tests.front.test_order" name="test_order_index_access[client_direction]" time="0.054"/>
    <testcase classname="tests.front.test_order" name="test_order_index_access[client_logistique]" time="0.047"/>
    <testcase classname="tests.front.test_order" name="test_order_index_access[client_support]" time="0.046"/>
    <testcase classname="tests.front.test_order" name="test_order_index_access[client_admin]" time="0.045"/>
    <testcase classname="tests.front.test_order" name="test_order_article_search_accepts_ean13_or_title" time="0.096"/>
    <testcase classname="tests.front.test_stocks" name="test_cleared_authenticated" time="0.025"/>
    <testcase classname="tests.front.test_stocks" name="test_create_reservation_with_context" time="0.140"/>
    <testcase classname="tests.front.test_stocks" name="test_cleared_unauthenticated" time="0.006"/>
    <testcase classname="tests.front.test_stocks" name="test_search_table" time="0.119"/>
    <testcase classname="tests.front.test_stocks" name="test_dilicom_modal" time="0.051"/>
    <testcase classname="tests.front.test_stocks" name="test_supplier_object_filter_for_order_line" time="0.081"/>
    <testcase classname="tests.front.test_stocks" name="test_supplier_object_search_uses_exact_ean13" time="0.074"/>
    <testcase classname="tests.front.test_stocks" name="test_supplier_object_search_keeps_supplier_filter_for_ean13" time="0.041"/>
    <testcase classname="tests.front.test_stocks" name="test_order_object_dropdown_does_not_limit_quantity_like_reservation" time="0.040"/>
    <testcase classname="tests.front.test_stocks" name="test_object_autocomplete" time="0.048"/>
    <testcase classname="tests.front.test_stocks" name="test_create_tag_htmx" time="0.033"/>
    <testcase classname="tests.front.test_stocks" name="test_object_form" time="0.101"/>
    <testcase classname="tests.front.test_stocks" name="test_object_view_or_edit" time="0.076"/>
    <testcase classname="tests.front.test_stocks" name="test_object_complement" time="0.171"/>
    <testcase classname="tests.front.test_stocks" name="test_create_object" time="0.102"/>
    <testcase classname="tests.front.test_stocks" name="test_create_object_with_variations" time="0.065"/>
    <testcase classname="tests.front.test_stocks" name="test_create_object_without_variation" time="0.047"/>
    <testcase classname="tests.front.test_stocks" name="test_edit_object_add_variation" time="0.085"/>
    <testcase classname="tests.front.test_stocks" name="test_edit_object" time="0.056"/>
    <testcase classname="tests.front.test_stocks" name="test_object_toggle_active_modal" time="0.054"/>
    <testcase classname="tests.front.test_stocks" name="test_object_toggle_active" time="0.058"/>
    <testcase classname="tests.front.test_stocks" name="test_dilicom_add" time="0.068"/>
    <testcase classname="tests.front.test_stocks" name="test_dilicom_remove" time="0.057"/>
    <testcase classname="tests.front.test_stocks" name="test_index" time="0.068"/>
    <testcase classname="tests.front.test_stocks" name="test_council" time="0.067"/>
    <testcase classname="tests.front.test_stocks" name="test_orders" time="0.104"/>
    <testcase classname="tests.front.test_stocks" name="test_create_order" time="0.068"/>
    <testcase classname="tests.front.test_stocks" name="test_create_return" time="0.041"/>
    <testcase classname="tests.front.test_stocks" name="test_search" time="0.052"/>
    <testcase classname="tests.front.test_stocks" name="test_cleared_return" time="0.025"/>
    <testcase classname="tests.front.test_stocks" name="test_returns" time="0.050"/>
    <testcase classname="tests.front.test_stocks" name="test_new_return_section" time="0.041"/>
    <testcase classname="tests.front.test_stocks" name="test_view_return" time="0.059"/>
    <testcase classname="tests.front.test_stocks" name="test_new_return_table" time="0.041"/>
    <testcase classname="tests.front.test_stocks" name="test_new_return_line_form" time="0.040"/>
    <testcase classname="tests.front.test_stocks" name="test_cleared_orders" time="0.024"/>
    <testcase classname="tests.front.test_stocks" name="test_orders_htmx" time="0.040"/>
    <testcase classname="tests.front.test_stocks" name="test_new_order_section" time="0.077"/>
    <testcase classname="tests.front.test_stocks" name="test_edit_order" time="0.057"/>
    <testcase classname="tests.front.test_stocks" name="test_view_order" time="0.051"/>
    <testcase classname="tests.front.test_stocks" name="test_cancel_order" time="0.090"/>
    <testcase classname="tests.front.test_stocks" name="test_create_reservation_line" time="0.082"/>
    <testcase classname="tests.front.test_stocks" name="test_delete_reservation_line_reintegrates_stock" time="0.028"/>
    <testcase classname="tests.front.test_stocks" name="test_new_order_line" time="0.096"/>
    <testcase classname="tests.front.test_stocks" name="test_edit_order_line" time="0.077"/>
    <testcase classname="tests.front.test_stocks" name="test_confirm_order" time="0.072"/>
    <testcase classname="tests.front.test_stocks" name="test_confirm_order_mail_choice" time="0.055"/>
    <testcase classname="tests.front.test_stocks" name="test_send_order_mail_success_and_failure_states" time="0.065"/>
    <testcase classname="tests.front.test_stocks" name="test_receipt_order" time="0.051"/>
    <testcase classname="tests.front.test_stocks" name="test_receive_order_line" time="0.083"/>
    <testcase classname="tests.front.test_stocks" name="test_update_external_ref" time="0.051"/>
    <testcase classname="tests.front.test_stocks" name="test_api_update_price" time="0.099"/>
    <testcase classname="tests.front.test_stocks" name="test_api_create_order" time="0.045"/>
    <testcase classname="tests.front.test_supplier" name="test_index" time="0.051"/>
    <testcase classname="tests.front.test_supplier" name="test_get_suppliers" time="0.090"/>
    <testcase classname="tests.front.test_supplier" name="test_add_new_supplier" time="0.056"/>
    <testcase classname="tests.front.test_supplier" name="test_create_supplier_htmx" time="0.043"/>
    <testcase classname="tests.front.test_supplier" name="test_select_supplier" time="0.032"/>
    <testcase classname="tests.front.test_supplier" name="test_select_dilicom_supplier" time="0.025"/>
    <testcase classname="tests.front.test_supplier" name="test_close_modal" time="0.022"/>
    <testcase classname="tests.front.test_user" name="test_login" time="2.196"/>
    <testcase classname="tests.front.test_user" name="test_register" time="0.140"/>
    <testcase classname="tests.front.test_user" name="test_logout" time="0.112"/>
    <testcase classname="tests.front.test_user" name="test_logout_revokes_server_session" time="0.064"/>
    <testcase classname="tests.front.test_user" name="test_revoked_session_redirects_on_next_protected_request" time="0.032"/>
    <testcase classname="tests.front.test_user" name="test_disabled_or_locked_account_invalidates_existing_session[is_active]" time="0.306"/>
    <testcase classname="tests.front.test_user" name="test_disabled_or_locked_account_invalidates_existing_session[is_locked]" time="0.310"/>
    <testcase classname="tests.front.test_user" name="test_permissions_are_refreshed_before_authorization" time="0.050"/>
    <testcase classname="tests.front.test_user" name="test_expired_or_idle_session_is_rejected[expires_at]" time="0.415"/>
    <testcase classname="tests.front.test_user" name="test_expired_or_idle_session_is_rejected[last_seen_at]" time="0.306"/>
    <testcase classname="tests.front.test_user" name="test_authentication_backend_failure_returns_service_unavailable" time="0.036"/>
    <testcase classname="tests.front.test_user" name="test_login_creates_distinct_opaque_server_sessions" time="0.587"/>
    <testcase classname="tests.front.test_user" name="test_change_password_requires_authenticated_owner_or_administrator" time="0.394"/>
    <testcase classname="tests.front.test_user" name="test_administrator_roles_can_reset_another_users_password[1]" time="0.313"/>
    <testcase classname="tests.front.test_user" name="test_administrator_roles_can_reset_another_users_password[9]" time="0.314"/>
    <testcase classname="tests.front.test_user" name="test_password_change_revokes_server_sessions" time="1.158"/>
    <testcase classname="tests.front.test_user" name="test_modify" time="0.282"/>
  </testsuite>
</testsuites>
