<?xml version="1.0" encoding="utf-8"?>
<testsuites name="pytest tests">
  <testsuite name="pytest" errors="0" failures="0" skipped="0" tests="65" time="3.534" timestamp="2026-03-26T20:20:20.288942+01:00" hostname="remy-fixe.home">
    <testcase classname="front.test_admin" name="test_index" time="0.102"/>
    <testcase classname="front.test_admin" name="test_create_first_user" time="0.056"/>
    <testcase classname="front.test_customer" name="test_permissions[client_all-200-routes0-&lt;!DOCTYPE html&gt;\n&lt;html lang=&quot;fr&quot;&gt;\n&lt;head&gt;\n]" time="0.149"/>
    <testcase classname="front.test_customer" name="test_permissions[client-302-routes1-&lt;!doctype html&gt;\n&lt;html lang=en&gt;\n&lt;title&gt;Redirecting...&lt;/]" time="0.015"/>
    <testcase classname="front.test_customer" name="test_permissions[client_informatique-403-routes2-&lt;!doctype html&gt;\n&lt;html lang=en&gt;\n&lt;title&gt;403 Forbidden]" time="0.021"/>
    <testcase classname="front.test_customer" name="test_permissions[client_compta-200-routes3-&lt;!DOCTYPE html&gt;\n&lt;html lang=&quot;fr&quot;&gt;\n&lt;head&gt;\n]" time="0.074"/>
    <testcase classname="front.test_customer" name="test_permissions[client_commercial-200-routes4-&lt;!DOCTYPE html&gt;\n&lt;html lang=&quot;fr&quot;&gt;\n&lt;head&gt;\n]" time="0.071"/>
    <testcase classname="front.test_customer" name="test_permissions[client_direction-200-routes5-&lt;!DOCTYPE html&gt;\n&lt;html lang=&quot;fr&quot;&gt;\n&lt;head&gt;\n]" time="0.070"/>
    <testcase classname="front.test_customer" name="test_search_fast_pro_part[tes-1-pro-complete_customer_pro]" time="0.010"/>
    <testcase classname="front.test_customer" name="test_search_fast_pro_part[jan-1-part-complete_customer_part]" time="0.010"/>
    <testcase classname="front.test_customer" name="test_search_fast_pro_part[xyz-0-None-None]" time="0.004"/>
    <testcase classname="front.test_customer" name="test_search_fast_pro_part[-0-None-None]" time="0.002"/>
    <testcase classname="front.test_stocks" name="test_cleared_authenticated" time="0.002"/>
    <testcase classname="front.test_stocks" name="test_cleared_unauthenticated" time="0.002"/>
    <testcase classname="front.test_stocks" name="test_search_table" time="0.032"/>
    <testcase classname="front.test_stocks" name="test_dilicom_modal" time="0.017"/>
    <testcase classname="front.test_stocks" name="test_object_autocomplete" time="0.009"/>
    <testcase classname="front.test_stocks" name="test_create_tag_htmx" time="0.005"/>
    <testcase classname="front.test_stocks" name="test_object_form" time="0.013"/>
    <testcase classname="front.test_stocks" name="test_object_view_or_edit" time="0.013"/>
    <testcase classname="front.test_stocks" name="test_object_complement" time="0.033"/>
    <testcase classname="front.test_stocks" name="test_create_object" time="0.014"/>
    <testcase classname="front.test_stocks" name="test_edit_object" time="0.010"/>
    <testcase classname="front.test_stocks" name="test_object_toggle_active_modal" time="0.010"/>
    <testcase classname="front.test_stocks" name="test_object_toggle_active" time="0.013"/>
    <testcase classname="front.test_stocks" name="test_dilicom_add" time="0.017"/>
    <testcase classname="front.test_stocks" name="test_dilicom_remove" time="0.012"/>
    <testcase classname="front.test_stocks" name="test_index" time="0.011"/>
    <testcase classname="front.test_stocks" name="test_council" time="0.009"/>
    <testcase classname="front.test_stocks" name="test_orders" time="0.014"/>
    <testcase classname="front.test_stocks" name="test_create_order" time="0.010"/>
    <testcase classname="front.test_stocks" name="test_create_return" time="0.003"/>
    <testcase classname="front.test_stocks" name="test_search" time="0.007"/>
    <testcase classname="front.test_stocks" name="test_cleared_return" time="0.002"/>
    <testcase classname="front.test_stocks" name="test_returns" time="0.007"/>
    <testcase classname="front.test_stocks" name="test_new_return_section" time="0.002"/>
    <testcase classname="front.test_stocks" name="test_view_return" time="0.009"/>
    <testcase classname="front.test_stocks" name="test_new_return_table" time="0.002"/>
    <testcase classname="front.test_stocks" name="test_new_return_line_form" time="0.002"/>
    <testcase classname="front.test_stocks" name="test_cleared_orders" time="0.002"/>
    <testcase classname="front.test_stocks" name="test_orders_htmx" time="0.007"/>
    <testcase classname="front.test_stocks" name="test_new_order_section" time="0.028"/>
    <testcase classname="front.test_stocks" name="test_edit_order" time="0.011"/>
    <testcase classname="front.test_stocks" name="test_view_order" time="0.010"/>
    <testcase classname="front.test_stocks" name="test_cancel_order" time="0.018"/>
    <testcase classname="front.test_stocks" name="test_new_order_line" time="0.015"/>
    <testcase classname="front.test_stocks" name="test_edit_order_line" time="0.019"/>
    <testcase classname="front.test_stocks" name="test_confirm_order" time="0.015"/>
    <testcase classname="front.test_stocks" name="test_receipt_order" time="0.011"/>
    <testcase classname="front.test_stocks" name="test_receive_order_line" time="0.017"/>
    <testcase classname="front.test_stocks" name="test_update_external_ref" time="0.011"/>
    <testcase classname="front.test_stocks" name="test_api_update_price" time="0.009"/>
    <testcase classname="front.test_stocks" name="test_api_create_order" time="0.005"/>
    <testcase classname="front.test_supplier" name="test_index" time="0.003"/>
    <testcase classname="front.test_supplier" name="test_get_suppliers" time="0.010"/>
    <testcase classname="front.test_supplier" name="test_add_new_supplier" time="0.005"/>
    <testcase classname="front.test_supplier" name="test_create_supplier_htmx" time="0.006"/>
    <testcase classname="front.test_supplier" name="test_select_supplier" time="0.004"/>
    <testcase classname="front.test_supplier" name="test_select_dilicom_supplier" time="0.004"/>
    <testcase classname="front.test_supplier" name="test_close_modal" time="0.002"/>
    <testcase classname="front.test_user" name="test_login" time="1.494"/>
    <testcase classname="front.test_user" name="test_register" time="0.008"/>
    <testcase classname="front.test_user" name="test_logout" time="0.010"/>
    <testcase classname="front.test_user" name="test_chg_pwd" time="0.853"/>
    <testcase classname="front.test_user" name="test_modify" time="0.034"/>
  </testsuite>
</testsuites>
