<?xml version="1.0" encoding="utf-8"?>
<testsuites name="pytest tests">
  <testsuite name="pytest" errors="0" failures="0" skipped="0" tests="125" time="19.649" timestamp="2026-09-01T15:09:02.348574+02:00" hostname="sauvetage">
    <testcase classname="tests.front.test_admin" name="test_index" time="2.921"/>
    <testcase classname="tests.front.test_admin" name="test_create_first_user" time="0.067"/>
    <testcase classname="tests.front.test_customer" name="test_permissions[client_all-200-routes0-&lt;!DOCTYPE html&gt;\n&lt;html lang=&quot;fr&quot;&gt;\n&lt;head&gt;\n]" time="0.830"/>
    <testcase classname="tests.front.test_customer" name="test_permissions[client-302-routes1-&lt;!doctype html&gt;\n&lt;html lang=en&gt;\n&lt;title&gt;Redirecting...&lt;/]" time="0.065"/>
    <testcase classname="tests.front.test_customer" name="test_permissions[client_informatique-403-routes2-&lt;!DOCTYPE html&gt;\n&lt;html lang=&quot;fr&quot;&gt;\n&lt;head&gt;\n    &lt;meta charset=&quot;UTF-8&quot;&gt;]" time="0.603"/>
    <testcase classname="tests.front.test_customer" name="test_permissions[client_compta-200-routes3-&lt;!DOCTYPE html&gt;\n&lt;html lang=&quot;fr&quot;&gt;\n&lt;head&gt;\n]" time="0.470"/>
    <testcase classname="tests.front.test_customer" name="test_permissions[client_commercial-200-routes4-&lt;!DOCTYPE html&gt;\n&lt;html lang=&quot;fr&quot;&gt;\n&lt;head&gt;\n]" time="0.468"/>
    <testcase classname="tests.front.test_customer" name="test_permissions[client_direction-200-routes5-&lt;!DOCTYPE html&gt;\n&lt;html lang=&quot;fr&quot;&gt;\n&lt;head&gt;\n]" time="0.473"/>
    <testcase classname="tests.front.test_customer" name="test_search_fast_pro_part[tes-1-pro-complete_customer_pro]" time="0.042"/>
    <testcase classname="tests.front.test_customer" name="test_search_fast_pro_part[jan-1-part-complete_customer_part]" time="0.043"/>
    <testcase classname="tests.front.test_customer" name="test_search_fast_pro_part[xyz-0-None-None]" time="0.027"/>
    <testcase classname="tests.front.test_customer" name="test_search_fast_pro_part[-0-None-None]" time="0.025"/>
    <testcase classname="tests.front.test_dashboard" name="test_dashboard_authorization[routes0-client-302]" time="0.010"/>
    <testcase classname="tests.front.test_dashboard" name="test_dashboard_authorization[routes1-client_informatique-403]" time="0.086"/>
    <testcase classname="tests.front.test_dashboard" name="test_dashboard_authorization[routes2-client_compta-200]" time="0.097"/>
    <testcase classname="tests.front.test_dashboard" name="test_dashboard_authorization[routes3-client_commercial-200]" time="0.059"/>
    <testcase classname="tests.front.test_dashboard" name="test_dashboard_authorization[routes4-client_direction-200]" time="0.058"/>
    <testcase classname="tests.front.test_dashboard" name="test_dashboard_authorization[routes5-client_admin-200]" time="0.058"/>
    <testcase classname="tests.front.test_dashboard" name="test_dashboard_authorization[routes6-client_logistique-200]" time="0.058"/>
    <testcase classname="tests.front.test_dashboard" name="test_dashboard_finances_retourne_les_series_mensuelles" time="0.014"/>
    <testcase classname="tests.front.test_dashboard" name="test_dashboard_stock_by_category_retourne_les_totaux" time="0.018"/>
    <testcase classname="tests.front.test_dashboard" name="test_dashboard_stock_slow_moving_limite_et_trie_les_articles" time="0.019"/>
    <testcase classname="tests.front.test_dashboard" name="test_dashboard_commandes_rejette_une_pagination_invalide[pagination0]" time="0.012"/>
    <testcase classname="tests.front.test_dashboard" name="test_dashboard_commandes_rejette_une_pagination_invalide[pagination1]" time="0.012"/>
    <testcase classname="tests.front.test_inventory" name="test_inventory_authorization_denied[route0-client-302]" time="0.066"/>
    <testcase classname="tests.front.test_inventory" name="test_inventory_authorization_denied[route1-client_informatique-403]" time="0.327"/>
    <testcase classname="tests.front.test_inventory" name="test_inventory_authorization_success[client_direction]" time="0.302"/>
    <testcase classname="tests.front.test_inventory" name="test_inventory_authorization_success[client_logistique]" time="0.201"/>
    <testcase classname="tests.front.test_inventory" name="test_inventory_authorization_success[client_support]" time="0.200"/>
    <testcase classname="tests.front.test_inventory" name="test_inventory_authorization_success[client_admin]" time="0.200"/>
    <testcase classname="tests.front.test_inventory_e2e.TestInventoryE2E" name="test_workflow_single_product" time="0.083"/>
    <testcase classname="tests.front.test_inventory_e2e.TestInventoryE2E" name="test_workflow_with_unknown_product" time="0.121"/>
    <testcase classname="tests.front.test_inventory_e2e.TestInventoryE2E" name="test_workflow_with_existing_stock" time="0.089"/>
    <testcase classname="tests.front.test_inventory_e2e.TestInventoryE2E" name="test_complete_inventory_preserves_negative_stock" time="0.063"/>
    <testcase classname="tests.front.test_order" name="test_order_index_access[client_direction]" time="0.050"/>
    <testcase classname="tests.front.test_order" name="test_order_index_access[client_logistique]" time="0.043"/>
    <testcase classname="tests.front.test_order" name="test_order_index_access[client_support]" time="0.043"/>
    <testcase classname="tests.front.test_order" name="test_order_index_access[client_admin]" time="0.042"/>
    <testcase classname="tests.front.test_order" name="test_order_article_search_accepts_ean13_or_title" time="0.094"/>
    <testcase classname="tests.front.test_stocks" name="test_stock_media_small_returns_webp_thumbnail" time="0.137"/>
    <testcase classname="tests.front.test_stocks" name="test_stock_media_small_false_returns_original_file" time="0.020"/>
    <testcase classname="tests.front.test_stocks" name="test_stock_media_small_returns_404_for_missing_file" time="0.031"/>
    <testcase classname="tests.front.test_stocks" name="test_stock_media_returns_503_without_upload_directory" time="0.033"/>
    <testcase classname="tests.front.test_stocks" name="test_stock_media_small_falls_back_to_original_non_image" time="0.023"/>
    <testcase classname="tests.front.test_stocks" name="test_object_complement_routes_legacy_local_media_path[edit]" time="0.188"/>
    <testcase classname="tests.front.test_stocks" name="test_object_complement_routes_legacy_local_media_path[view]" time="0.054"/>
    <testcase classname="tests.front.test_stocks" name="test_cleared_authenticated" time="0.022"/>
    <testcase classname="tests.front.test_stocks" name="test_create_reservation_with_context" time="0.145"/>
    <testcase classname="tests.front.test_stocks" name="test_cleared_unauthenticated" time="0.005"/>
    <testcase classname="tests.front.test_stocks" name="test_search_table" time="0.108"/>
    <testcase classname="tests.front.test_stocks" name="test_dilicom_modal" time="0.046"/>
    <testcase classname="tests.front.test_stocks" name="test_supplier_object_filter_for_order_line" time="0.077"/>
    <testcase classname="tests.front.test_stocks" name="test_supplier_object_search_uses_exact_ean13" time="0.070"/>
    <testcase classname="tests.front.test_stocks" name="test_supplier_object_search_keeps_supplier_filter_for_ean13" time="0.038"/>
    <testcase classname="tests.front.test_stocks" name="test_order_object_dropdown_does_not_limit_quantity_like_reservation" time="0.040"/>
    <testcase classname="tests.front.test_stocks" name="test_object_autocomplete" time="0.044"/>
    <testcase classname="tests.front.test_stocks" name="test_create_tag_htmx" time="0.031"/>
    <testcase classname="tests.front.test_stocks" name="test_object_form" time="0.085"/>
    <testcase classname="tests.front.test_stocks" name="test_object_view_or_edit" time="0.040"/>
    <testcase classname="tests.front.test_stocks" name="test_object_complement" time="0.063"/>
    <testcase classname="tests.front.test_stocks" name="test_create_object" time="0.084"/>
    <testcase classname="tests.front.test_stocks" name="test_create_object_with_variations" time="0.060"/>
    <testcase classname="tests.front.test_stocks" name="test_create_object_without_variation" time="0.048"/>
    <testcase classname="tests.front.test_stocks" name="test_edit_object_add_variation" time="0.082"/>
    <testcase classname="tests.front.test_stocks" name="test_create_variation_htmx_normalizes_parent_attribut" time="0.074"/>
    <testcase classname="tests.front.test_stocks" name="test_edit_object" time="0.054"/>
    <testcase classname="tests.front.test_stocks" name="test_object_toggle_active_modal" time="0.052"/>
    <testcase classname="tests.front.test_stocks" name="test_object_toggle_active" time="0.146"/>
    <testcase classname="tests.front.test_stocks" name="test_dilicom_add" time="0.064"/>
    <testcase classname="tests.front.test_stocks" name="test_dilicom_remove" time="0.055"/>
    <testcase classname="tests.front.test_stocks" name="test_index" time="0.065"/>
    <testcase classname="tests.front.test_stocks" name="test_council" time="0.061"/>
    <testcase classname="tests.front.test_stocks" name="test_orders" time="0.099"/>
    <testcase classname="tests.front.test_stocks" name="test_create_order" time="0.065"/>
    <testcase classname="tests.front.test_stocks" name="test_create_return" time="0.068"/>
    <testcase classname="tests.front.test_stocks" name="test_search" time="0.050"/>
    <testcase classname="tests.front.test_stocks" name="test_cleared_return" time="0.022"/>
    <testcase classname="tests.front.test_stocks" name="test_returns" time="0.038"/>
    <testcase classname="tests.front.test_stocks" name="test_new_return_section" time="0.031"/>
    <testcase classname="tests.front.test_stocks" name="test_view_return" time="0.053"/>
    <testcase classname="tests.front.test_stocks" name="test_new_return_line_modal" time="0.067"/>
    <testcase classname="tests.front.test_stocks" name="test_new_return_table" time="0.040"/>
    <testcase classname="tests.front.test_stocks" name="test_new_return_line_form" time="0.043"/>
    <testcase classname="tests.front.test_stocks" name="test_cleared_orders" time="0.022"/>
    <testcase classname="tests.front.test_stocks" name="test_orders_htmx" time="0.036"/>
    <testcase classname="tests.front.test_stocks" name="test_new_order_section" time="0.071"/>
    <testcase classname="tests.front.test_stocks" name="test_edit_order" time="0.052"/>
    <testcase classname="tests.front.test_stocks" name="test_view_order" time="0.055"/>
    <testcase classname="tests.front.test_stocks" name="test_cancel_order" time="0.117"/>
    <testcase classname="tests.front.test_stocks" name="test_create_reservation_line" time="0.086"/>
    <testcase classname="tests.front.test_stocks" name="test_delete_reservation_line_reintegrates_stock" time="0.028"/>
    <testcase classname="tests.front.test_stocks" name="test_new_order_line" time="0.099"/>
    <testcase classname="tests.front.test_stocks" name="test_edit_order_line" time="0.087"/>
    <testcase classname="tests.front.test_stocks" name="test_confirm_order" time="0.077"/>
    <testcase classname="tests.front.test_stocks" name="test_confirm_order_mail_choice" time="0.056"/>
    <testcase classname="tests.front.test_stocks" name="test_send_order_mail_success_and_failure_states" time="0.067"/>
    <testcase classname="tests.front.test_stocks" name="test_receipt_order" time="0.050"/>
    <testcase classname="tests.front.test_stocks" name="test_receive_order_line" time="0.085"/>
    <testcase classname="tests.front.test_stocks" name="test_update_external_ref" time="0.050"/>
    <testcase classname="tests.front.test_stocks" name="test_api_update_price" time="0.088"/>
    <testcase classname="tests.front.test_stocks" name="test_api_create_order" time="0.040"/>
    <testcase classname="tests.front.test_supplier" name="test_index" time="0.045"/>
    <testcase classname="tests.front.test_supplier" name="test_get_suppliers" time="0.081"/>
    <testcase classname="tests.front.test_supplier" name="test_add_new_supplier" time="0.054"/>
    <testcase classname="tests.front.test_supplier" name="test_create_supplier_htmx" time="0.043"/>
    <testcase classname="tests.front.test_supplier" name="test_select_supplier" time="0.030"/>
    <testcase classname="tests.front.test_supplier" name="test_select_dilicom_supplier" time="0.025"/>
    <testcase classname="tests.front.test_supplier" name="test_close_modal" time="0.022"/>
    <testcase classname="tests.front.test_user" name="test_login" time="2.128"/>
    <testcase classname="tests.front.test_user" name="test_register" time="0.139"/>
    <testcase classname="tests.front.test_user" name="test_logout" time="0.108"/>
    <testcase classname="tests.front.test_user" name="test_logout_revokes_server_session" time="0.062"/>
    <testcase classname="tests.front.test_user" name="test_revoked_session_redirects_on_next_protected_request" time="0.031"/>
    <testcase classname="tests.front.test_user" name="test_disabled_or_locked_account_invalidates_existing_session[is_active]" time="0.301"/>
    <testcase classname="tests.front.test_user" name="test_disabled_or_locked_account_invalidates_existing_session[is_locked]" time="0.299"/>
    <testcase classname="tests.front.test_user" name="test_permissions_are_refreshed_before_authorization" time="0.045"/>
    <testcase classname="tests.front.test_user" name="test_expired_or_idle_session_is_rejected[expires_at]" time="0.299"/>
    <testcase classname="tests.front.test_user" name="test_expired_or_idle_session_is_rejected[last_seen_at]" time="0.297"/>
    <testcase classname="tests.front.test_user" name="test_authentication_backend_failure_returns_service_unavailable" time="0.031"/>
    <testcase classname="tests.front.test_user" name="test_login_creates_distinct_opaque_server_sessions" time="0.569"/>
    <testcase classname="tests.front.test_user" name="test_change_password_requires_authenticated_owner_or_administrator" time="0.383"/>
    <testcase classname="tests.front.test_user" name="test_administrator_roles_can_reset_another_users_password[1]" time="0.300"/>
    <testcase classname="tests.front.test_user" name="test_administrator_roles_can_reset_another_users_password[9]" time="0.300"/>
    <testcase classname="tests.front.test_user" name="test_password_change_revokes_server_sessions" time="1.143"/>
    <testcase classname="tests.front.test_user" name="test_modify" time="0.286"/>
  </testsuite>
</testsuites>
