<?xml version="1.0" encoding="utf-8"?>
<testsuites name="pytest tests">
  <testsuite name="pytest" errors="0" failures="0" skipped="0" tests="12" time="0.911" timestamp="2026-08-13T17:05:34.170083+02:00" hostname="sauvetage">
    <testcase classname="tests.db_objects.test_customers" name="test_customer_create_read_and_update" time="0.102"/>
    <testcase classname="tests.db_objects.test_customers" name="test_create_complete_customer" time="0.022"/>
    <testcase classname="tests.db_objects.test_inventory" name="test_multiple_prices_can_have_distinct_vat_rates" time="0.058"/>
    <testcase classname="tests.db_objects.test_inventory" name="test_order_line_is_split_for_multiple_valid_prices" time="0.033"/>
    <testcase classname="tests.db_objects.test_inventory" name="test_multi_price_order_can_be_invoiced_and_shipped_by_split_lines" time="0.254"/>
    <testcase classname="tests.db_objects.test_inventory" name="test_add_movements" time="0.017"/>
    <testcase classname="tests.db_objects.test_objects" name="test_object_create_read_and_update" time="0.034"/>
    <testcase classname="tests.db_objects.test_objects" name="test_get_by_ref_finds_existing_object_even_when_inactive" time="0.022"/>
    <testcase classname="tests.db_objects.test_orders" name="test_create_order_with_invoice_and_shipment" time="0.040"/>
    <testcase classname="tests.db_objects.test_users" name="test_user_to_dict" time="0.024"/>
    <testcase classname="tests.db_objects.test_users" name="test_user_from_dict" time="0.000"/>
    <testcase classname="tests.db_objects.test_users" name="test_complete_user" time="0.013"/>
  </testsuite>
</testsuites>
