<?xml version="1.0" encoding="utf-8"?>
<testsuites name="pytest tests">
  <testsuite name="pytest" errors="0" failures="0" skipped="0" tests="8" time="0.345" timestamp="2026-03-27T20:18:25.891347+01:00" hostname="remy-fixe.home">
    <testcase classname="db_objects.test_customers" name="test_customer_create_read_and_update" time="0.185"/>
    <testcase classname="db_objects.test_customers" name="test_create_complete_customer" time="0.018"/>
    <testcase classname="db_objects.test_inventory" name="test_add_movements" time="0.014"/>
    <testcase classname="db_objects.test_objects" name="test_object_create_read_and_update" time="0.027"/>
    <testcase classname="db_objects.test_orders" name="test_create_order_with_invoice_and_shipment" time="0.030"/>
    <testcase classname="db_objects.test_users" name="test_user_to_dict" time="0.012"/>
    <testcase classname="db_objects.test_users" name="test_user_from_dict" time="0.000"/>
    <testcase classname="db_objects.test_users" name="test_complete_user" time="0.007"/>
  </testsuite>
</testsuites>
