<?xml version="1.0" encoding="utf-8"?><testsuites name="pytest tests"><testsuite name="pytest" errors="3" failures="2" skipped="0" tests="10" time="2.363" timestamp="2026-08-13T11:30:45.881328+02:00" hostname="sauvetage"><testcase classname="tests.db_objects.test_customers" name="test_customer_create_read_and_update" time="0.632" /><testcase classname="tests.db_objects.test_customers" name="test_create_complete_customer" time="0.025" /><testcase classname="tests.db_objects.test_inventory" name="test_multiple_prices_can_have_distinct_vat_rates" time="0.013"><failure message="sqlalchemy.exc.ProgrammingError: (psycopg2.errors.UndefinedColumn) column &quot;vat_rate_id&quot; of relation &quot;object_prices&quot; does not exist&#10;LINE 1: ...p_schema.object_prices (general_object_id, price, vat_rate_i...&#10;                                                             ^&#10;&#10;[SQL: INSERT INTO app_schema.object_prices (general_object_id, price, vat_rate_id, from_date, to_date) SELECT p0::INTEGER, p1::NUMERIC(10, 2), p2::INTEGER, p3::DATE, p4::DATE FROM (VALUES (%(general_object_id__0)s, %(price__0)s, %(vat_rate_id__0)s, %(from_ ... 170 characters truncated ... er) ORDER BY sen_counter RETURNING app_schema.object_prices.id, app_schema.object_prices.id AS id__1]&#10;[parameters: {'from_date__0': datetime.date(2026, 8, 13), 'to_date__0': None, 'price__0': Decimal('10.00'), 'vat_rate_id__0': 1, 'general_object_id__0': 1, 'from_date__1': datetime.date(2026, 8, 13), 'to_date__1': None, 'price__1': Decimal('12.00'), 'vat_rate_id__1': 2, 'general_object_id__1': 1}]&#10;(Background on this error at: https://sqlalche.me/e/20/f405)">venv/lib64/python3.12/site-packages/sqlalchemy/engine/base.py:2125: in _exec_insertmany_context
    dialect.do_execute(
venv/lib64/python3.12/site-packages/sqlalchemy/engine/default.py:952: in do_execute
    cursor.execute(statement, parameters)
E   psycopg2.errors.UndefinedColumn: column "vat_rate_id" of relation "object_prices" does not exist
E   LINE 1: ...p_schema.object_prices (general_object_id, price, vat_rate_i...
E                                                                ^

The above exception was the direct cause of the following exception:
tests/db_objects/test_inventory.py:54: in test_multiple_prices_can_have_distinct_vat_rates
    db_session_main.flush()
venv/lib64/python3.12/site-packages/sqlalchemy/orm/session.py:4331: in flush
    self._flush(objects)
venv/lib64/python3.12/site-packages/sqlalchemy/orm/session.py:4466: in _flush
    with util.safe_reraise():
         ^^^^^^^^^^^^^^^^^^^
venv/lib64/python3.12/site-packages/sqlalchemy/util/langhelpers.py:224: in __exit__
    raise exc_value.with_traceback(exc_tb)
venv/lib64/python3.12/site-packages/sqlalchemy/orm/session.py:4427: in _flush
    flush_context.execute()
venv/lib64/python3.12/site-packages/sqlalchemy/orm/unitofwork.py:466: in execute
    rec.execute(self)
venv/lib64/python3.12/site-packages/sqlalchemy/orm/unitofwork.py:642: in execute
    util.preloaded.orm_persistence.save_obj(
venv/lib64/python3.12/site-packages/sqlalchemy/orm/persistence.py:93: in save_obj
    _emit_insert_statements(
venv/lib64/python3.12/site-packages/sqlalchemy/orm/persistence.py:1143: in _emit_insert_statements
    result = connection.execute(
venv/lib64/python3.12/site-packages/sqlalchemy/engine/base.py:1419: in execute
    return meth(
venv/lib64/python3.12/site-packages/sqlalchemy/sql/elements.py:527: in _execute_on_connection
    return connection._execute_clauseelement(
venv/lib64/python3.12/site-packages/sqlalchemy/engine/base.py:1641: in _execute_clauseelement
    ret = self._execute_context(
venv/lib64/python3.12/site-packages/sqlalchemy/engine/base.py:1844: in _execute_context
    return self._exec_insertmany_context(dialect, context)
           ^^^^^^^^^^^^^^^^^^^^^^^^^^^^^^^^^^^^^^^^^^^^^^^
venv/lib64/python3.12/site-packages/sqlalchemy/engine/base.py:2133: in _exec_insertmany_context
    self._handle_dbapi_exception(
venv/lib64/python3.12/site-packages/sqlalchemy/engine/base.py:2363: in _handle_dbapi_exception
    raise sqlalchemy_exception.with_traceback(exc_info[2]) from e
venv/lib64/python3.12/site-packages/sqlalchemy/engine/base.py:2125: in _exec_insertmany_context
    dialect.do_execute(
venv/lib64/python3.12/site-packages/sqlalchemy/engine/default.py:952: in do_execute
    cursor.execute(statement, parameters)
E   sqlalchemy.exc.ProgrammingError: (psycopg2.errors.UndefinedColumn) column "vat_rate_id" of relation "object_prices" does not exist
E   LINE 1: ...p_schema.object_prices (general_object_id, price, vat_rate_i...
E                                                                ^
E   
E   [SQL: INSERT INTO app_schema.object_prices (general_object_id, price, vat_rate_id, from_date, to_date) SELECT p0::INTEGER, p1::NUMERIC(10, 2), p2::INTEGER, p3::DATE, p4::DATE FROM (VALUES (%(general_object_id__0)s, %(price__0)s, %(vat_rate_id__0)s, %(from_ ... 170 characters truncated ... er) ORDER BY sen_counter RETURNING app_schema.object_prices.id, app_schema.object_prices.id AS id__1]
E   [parameters: {'from_date__0': datetime.date(2026, 8, 13), 'to_date__0': None, 'price__0': Decimal('10.00'), 'vat_rate_id__0': 1, 'general_object_id__0': 1, 'from_date__1': datetime.date(2026, 8, 13), 'to_date__1': None, 'price__1': Decimal('12.00'), 'vat_rate_id__1': 2, 'general_object_id__1': 1}]
E   (Background on this error at: https://sqlalche.me/e/20/f405)</failure></testcase><testcase classname="tests.db_objects.test_inventory" name="test_add_movements" time="0.006"><error message="failed on setup with &quot;sqlalchemy.exc.ProgrammingError: (psycopg2.errors.UndefinedColumn) column &quot;vat_rate_id&quot; of relation &quot;object_prices&quot; does not exist&#10;LINE 1: ...p_schema.object_prices (general_object_id, price, vat_rate_i...&#10;                                                             ^&#10;&#10;[SQL: INSERT INTO app_schema.object_prices (general_object_id, price, vat_rate_id, from_date, to_date) VALUES (%(general_object_id)s, %(price)s, %(vat_rate_id)s, %(from_date)s, %(to_date)s) RETURNING app_schema.object_prices.id]&#10;[parameters: {'general_object_id': 2, 'price': Decimal('29.99'), 'vat_rate_id': None, 'from_date': datetime.date(2026, 8, 13), 'to_date': None}]&#10;(Background on this error at: https://sqlalche.me/e/20/f405)&quot;">venv/lib64/python3.12/site-packages/sqlalchemy/engine/base.py:1967: in _exec_single_context
    self.dialect.do_execute(
venv/lib64/python3.12/site-packages/sqlalchemy/engine/default.py:952: in do_execute
    cursor.execute(statement, parameters)
E   psycopg2.errors.UndefinedColumn: column "vat_rate_id" of relation "object_prices" does not exist
E   LINE 1: ...p_schema.object_prices (general_object_id, price, vat_rate_i...
E                                                                ^

The above exception was the direct cause of the following exception:
tests/fixtures/f_objects.py:103: in general_object
    db_session_main.commit()
venv/lib64/python3.12/site-packages/sqlalchemy/orm/session.py:2030: in commit
    trans.commit(_to_root=True)
venv/lib64/python3.12/site-packages/sqlalchemy/orm/state_changes.py:137: in _go
    ret_value = fn(self, *arg, **kw)
                ^^^^^^^^^^^^^^^^^^^^
venv/lib64/python3.12/site-packages/sqlalchemy/orm/session.py:1311: in commit
    self._prepare_impl()
venv/lib64/python3.12/site-packages/sqlalchemy/orm/state_changes.py:137: in _go
    ret_value = fn(self, *arg, **kw)
                ^^^^^^^^^^^^^^^^^^^^
venv/lib64/python3.12/site-packages/sqlalchemy/orm/session.py:1286: in _prepare_impl
    self.session.flush()
venv/lib64/python3.12/site-packages/sqlalchemy/orm/session.py:4331: in flush
    self._flush(objects)
venv/lib64/python3.12/site-packages/sqlalchemy/orm/session.py:4466: in _flush
    with util.safe_reraise():
         ^^^^^^^^^^^^^^^^^^^
venv/lib64/python3.12/site-packages/sqlalchemy/util/langhelpers.py:224: in __exit__
    raise exc_value.with_traceback(exc_tb)
venv/lib64/python3.12/site-packages/sqlalchemy/orm/session.py:4427: in _flush
    flush_context.execute()
venv/lib64/python3.12/site-packages/sqlalchemy/orm/unitofwork.py:466: in execute
    rec.execute(self)
venv/lib64/python3.12/site-packages/sqlalchemy/orm/unitofwork.py:642: in execute
    util.preloaded.orm_persistence.save_obj(
venv/lib64/python3.12/site-packages/sqlalchemy/orm/persistence.py:93: in save_obj
    _emit_insert_statements(
venv/lib64/python3.12/site-packages/sqlalchemy/orm/persistence.py:1233: in _emit_insert_statements
    result = connection.execute(
venv/lib64/python3.12/site-packages/sqlalchemy/engine/base.py:1419: in execute
    return meth(
venv/lib64/python3.12/site-packages/sqlalchemy/sql/elements.py:527: in _execute_on_connection
    return connection._execute_clauseelement(
venv/lib64/python3.12/site-packages/sqlalchemy/engine/base.py:1641: in _execute_clauseelement
    ret = self._execute_context(
venv/lib64/python3.12/site-packages/sqlalchemy/engine/base.py:1846: in _execute_context
    return self._exec_single_context(
venv/lib64/python3.12/site-packages/sqlalchemy/engine/base.py:1986: in _exec_single_context
    self._handle_dbapi_exception(
venv/lib64/python3.12/site-packages/sqlalchemy/engine/base.py:2363: in _handle_dbapi_exception
    raise sqlalchemy_exception.with_traceback(exc_info[2]) from e
venv/lib64/python3.12/site-packages/sqlalchemy/engine/base.py:1967: in _exec_single_context
    self.dialect.do_execute(
venv/lib64/python3.12/site-packages/sqlalchemy/engine/default.py:952: in do_execute
    cursor.execute(statement, parameters)
E   sqlalchemy.exc.ProgrammingError: (psycopg2.errors.UndefinedColumn) column "vat_rate_id" of relation "object_prices" does not exist
E   LINE 1: ...p_schema.object_prices (general_object_id, price, vat_rate_i...
E                                                                ^
E   
E   [SQL: INSERT INTO app_schema.object_prices (general_object_id, price, vat_rate_id, from_date, to_date) VALUES (%(general_object_id)s, %(price)s, %(vat_rate_id)s, %(from_date)s, %(to_date)s) RETURNING app_schema.object_prices.id]
E   [parameters: {'general_object_id': 2, 'price': Decimal('29.99'), 'vat_rate_id': None, 'from_date': datetime.date(2026, 8, 13), 'to_date': None}]
E   (Background on this error at: https://sqlalche.me/e/20/f405)</error></testcase><testcase classname="tests.db_objects.test_objects" name="test_object_create_read_and_update" time="0.008"><error message="failed on setup with &quot;sqlalchemy.exc.ProgrammingError: (psycopg2.errors.UndefinedColumn) column &quot;vat_rate_id&quot; of relation &quot;object_prices&quot; does not exist&#10;LINE 1: ...p_schema.object_prices (general_object_id, price, vat_rate_i...&#10;                                                             ^&#10;&#10;[SQL: INSERT INTO app_schema.object_prices (general_object_id, price, vat_rate_id, from_date, to_date) VALUES (%(general_object_id)s, %(price)s, %(vat_rate_id)s, %(from_date)s, %(to_date)s) RETURNING app_schema.object_prices.id]&#10;[parameters: {'general_object_id': 3, 'price': Decimal('19.99'), 'vat_rate_id': None, 'from_date': datetime.date(2026, 8, 13), 'to_date': None}]&#10;(Background on this error at: https://sqlalche.me/e/20/f405)&quot;">venv/lib64/python3.12/site-packages/sqlalchemy/engine/base.py:1967: in _exec_single_context
    self.dialect.do_execute(
venv/lib64/python3.12/site-packages/sqlalchemy/engine/default.py:952: in do_execute
    cursor.execute(statement, parameters)
E   psycopg2.errors.UndefinedColumn: column "vat_rate_id" of relation "object_prices" does not exist
E   LINE 1: ...p_schema.object_prices (general_object_id, price, vat_rate_i...
E                                                                ^

The above exception was the direct cause of the following exception:
tests/fixtures/f_objects.py:52: in book_object
    db_session_main.flush()
venv/lib64/python3.12/site-packages/sqlalchemy/orm/session.py:4331: in flush
    self._flush(objects)
venv/lib64/python3.12/site-packages/sqlalchemy/orm/session.py:4466: in _flush
    with util.safe_reraise():
         ^^^^^^^^^^^^^^^^^^^
venv/lib64/python3.12/site-packages/sqlalchemy/util/langhelpers.py:224: in __exit__
    raise exc_value.with_traceback(exc_tb)
venv/lib64/python3.12/site-packages/sqlalchemy/orm/session.py:4427: in _flush
    flush_context.execute()
venv/lib64/python3.12/site-packages/sqlalchemy/orm/unitofwork.py:466: in execute
    rec.execute(self)
venv/lib64/python3.12/site-packages/sqlalchemy/orm/unitofwork.py:642: in execute
    util.preloaded.orm_persistence.save_obj(
venv/lib64/python3.12/site-packages/sqlalchemy/orm/persistence.py:93: in save_obj
    _emit_insert_statements(
venv/lib64/python3.12/site-packages/sqlalchemy/orm/persistence.py:1233: in _emit_insert_statements
    result = connection.execute(
venv/lib64/python3.12/site-packages/sqlalchemy/engine/base.py:1419: in execute
    return meth(
venv/lib64/python3.12/site-packages/sqlalchemy/sql/elements.py:527: in _execute_on_connection
    return connection._execute_clauseelement(
venv/lib64/python3.12/site-packages/sqlalchemy/engine/base.py:1641: in _execute_clauseelement
    ret = self._execute_context(
venv/lib64/python3.12/site-packages/sqlalchemy/engine/base.py:1846: in _execute_context
    return self._exec_single_context(
venv/lib64/python3.12/site-packages/sqlalchemy/engine/base.py:1986: in _exec_single_context
    self._handle_dbapi_exception(
venv/lib64/python3.12/site-packages/sqlalchemy/engine/base.py:2363: in _handle_dbapi_exception
    raise sqlalchemy_exception.with_traceback(exc_info[2]) from e
venv/lib64/python3.12/site-packages/sqlalchemy/engine/base.py:1967: in _exec_single_context
    self.dialect.do_execute(
venv/lib64/python3.12/site-packages/sqlalchemy/engine/default.py:952: in do_execute
    cursor.execute(statement, parameters)
E   sqlalchemy.exc.ProgrammingError: (psycopg2.errors.UndefinedColumn) column "vat_rate_id" of relation "object_prices" does not exist
E   LINE 1: ...p_schema.object_prices (general_object_id, price, vat_rate_i...
E                                                                ^
E   
E   [SQL: INSERT INTO app_schema.object_prices (general_object_id, price, vat_rate_id, from_date, to_date) VALUES (%(general_object_id)s, %(price)s, %(vat_rate_id)s, %(from_date)s, %(to_date)s) RETURNING app_schema.object_prices.id]
E   [parameters: {'general_object_id': 3, 'price': Decimal('19.99'), 'vat_rate_id': None, 'from_date': datetime.date(2026, 8, 13), 'to_date': None}]
E   (Background on this error at: https://sqlalche.me/e/20/f405)</error></testcase><testcase classname="tests.db_objects.test_objects" name="test_get_by_ref_finds_existing_object_even_when_inactive" time="0.022"><failure message="sqlalchemy.exc.ProgrammingError: (psycopg2.errors.UndefinedColumn) column object_prices_1.vat_rate_id does not exist&#10;LINE 1: ...rices_1.general_object_id, object_prices_1.price, object_pri...&#10;                                                             ^&#10;&#10;[SQL: SELECT app_schema.general_objects.id, app_schema.general_objects.wpwc_id, app_schema.general_objects.henrri_id, app_schema.general_objects.supplier_id, app_schema.general_objects.general_object_type, app_schema.general_objects.ean13, app_schema.general_objects.name, app_schema.general_objects.description, app_schema.general_objects.purchase_price, app_schema.general_objects.vat_rate_id, app_schema.general_objects.created_at, app_schema.general_objects.updated_at, app_schema.general_objects.last_inventory_timestamp, app_schema.general_objects.is_active, suppliers_1.id AS id_1, suppliers_1.name AS name_1, suppliers_1.gln13, suppliers_1.siren_siret, suppliers_1.vat_number, suppliers_1.address, suppliers_1.contact_email, suppliers_1.contact_phone, suppliers_1.contact_fax, suppliers_1.web_site, suppliers_1.is_active AS is_active_1, suppliers_1.edi_active, suppliers_1.collect_days, suppliers_1.cutoff_time, suppliers_1.created_at AS created_at_1, suppliers_1.updated_at AS updated_at_1, vat_rates_1.id AS id_2, vat_rates_1.wpwc_id AS wpwc_id_1, vat_rates_1.wpwc_slug, vat_rates_1.code, vat_rates_1.rate, vat_rates_1.label, vat_rates_1.date_start, vat_rates_1.date_end, object_prices_1.id AS id_3, object_prices_1.general_object_id, object_prices_1.price, object_prices_1.vat_rate_id AS vat_rate_id_1, object_prices_1.from_date, object_prices_1.to_date, books_1.id AS id_4, books_1.general_object_id AS general_object_id_1, books_1.author, books_1.diffuser, books_1.editor, books_1.genre, books_1.publication_year, books_1.pages, books_1.created_at AS created_at_2, books_1.updated_at AS updated_at_2, other_objects_1.id AS id_5, other_objects_1.general_object_id AS general_object_id_2, other_objects_1.created_at AS created_at_3, other_objects_1.updated_at AS updated_at_3, inventory_movements_1.id AS id_6, inventory_movements_1.general_object_id AS general_object_id_3, inventory_movements_1.movement_type, inventory_movements_1.quantity, inventory_movements_1.movement_timestamp, inventory_movements_1.price_at_movement, inventory_movements_1.source, inventory_movements_1.destination, inventory_movements_1.notes, obj_metadatas_1.id AS id_7, obj_metadatas_1.general_object_id AS general_object_id_4, obj_metadatas_1.semistructured_data, obj_metadatas_1.created_at AS created_at_4, obj_metadatas_1.updated_at AS updated_at_4, tags_1.id AS id_8, tags_1.wpwc_id AS wpwc_id_2, tags_1.name AS name_2, tags_1.description AS description_1, tags_1.is_active AS is_active_2, tags_1.created_at AS created_at_5, tags_1.updated_at AS updated_at_5, object_tags_1.id AS id_9, object_tags_1.general_object_id AS general_object_id_5, object_tags_1.tag_id, object_tags_1.created_at AS created_at_6, object_tags_1.updated_at AS updated_at_6, media_files_1.id AS id_10, media_files_1.wpwc_id AS wpwc_id_3, media_files_1.general_object_id AS general_object_id_6, media_files_1.file_type, media_files_1.alt_text, media_files_1.file_link, media_files_1.is_local, media_files_1.uploaded_at, media_files_1.is_principal, object_variations_1.id AS id_11, object_variations_1.wpwc_id AS wpwc_id_4, object_variations_1.general_object_id AS general_object_id_7, object_variations_1.name AS name_3, object_variations_1.description AS description_2, object_variations_1.price AS price_1, object_variations_1.purchase_price AS purchase_price_1, object_variations_1.vat_rate_id AS vat_rate_id_2, object_variations_1.created_at AS created_at_7, object_variations_1.updated_at AS updated_at_7, object_variations_1.is_active AS is_active_3 &#10;FROM app_schema.general_objects LEFT OUTER JOIN app_schema.suppliers AS suppliers_1 ON suppliers_1.id = app_schema.general_objects.supplier_id LEFT OUTER JOIN app_schema.vat_rates AS vat_rates_1 ON vat_rates_1.id = app_schema.general_objects.vat_rate_id LEFT OUTER JOIN app_schema.object_prices AS object_prices_1 ON app_schema.general_objects.id = object_prices_1.general_object_id LEFT OUTER JOIN app_schema.books AS books_1 ON app_schema.general_objects.id = books_1.general_object_id LEFT OUTER JOIN app_schema.other_objects AS other_objects_1 ON app_schema.general_objects.id = other_objects_1.general_object_id LEFT OUTER JOIN app_schema.inventory_movements AS inventory_movements_1 ON app_schema.general_objects.id = inventory_movements_1.general_object_id LEFT OUTER JOIN app_schema.obj_metadatas AS obj_metadatas_1 ON app_schema.general_objects.id = obj_metadatas_1.general_object_id LEFT OUTER JOIN app_schema.object_tags AS object_tags_1 ON app_schema.general_objects.id = object_tags_1.general_object_id LEFT OUTER JOIN app_schema.tags AS tags_1 ON tags_1.id = object_tags_1.tag_id LEFT OUTER JOIN app_schema.media_files AS media_files_1 ON app_schema.general_objects.id = media_files_1.general_object_id LEFT OUTER JOIN app_schema.object_variations AS object_variations_1 ON app_schema.general_objects.id = object_variations_1.general_object_id &#10;WHERE app_schema.general_objects.ean13 = %(ean13_1)s ORDER BY object_prices_1.from_date]&#10;[parameters: {'ean13_1': '9780000000001'}]&#10;(Background on this error at: https://sqlalche.me/e/20/f405)">venv/lib64/python3.12/site-packages/sqlalchemy/engine/base.py:1967: in _exec_single_context
    self.dialect.do_execute(
venv/lib64/python3.12/site-packages/sqlalchemy/engine/default.py:952: in do_execute
    cursor.execute(statement, parameters)
E   psycopg2.errors.UndefinedColumn: column object_prices_1.vat_rate_id does not exist
E   LINE 1: ...rices_1.general_object_id, object_prices_1.price, object_pri...
E                                                                ^

The above exception was the direct cause of the following exception:
tests/db_objects/test_objects.py:64: in test_get_by_ref_finds_existing_object_even_when_inactive
    found = repo.get_by_ref("9780000000001", only_actives=False)
            ^^^^^^^^^^^^^^^^^^^^^^^^^^^^^^^^^^^^^^^^^^^^^^^^^^^^
db_models/repositories/objects/objects.py:107: in get_by_ref
    return self.session.execute(stmt).unique().scalar_one_or_none()
           ^^^^^^^^^^^^^^^^^^^^^^^^^^
venv/lib64/python3.12/site-packages/sqlalchemy/orm/session.py:2351: in execute
    return self._execute_internal(
venv/lib64/python3.12/site-packages/sqlalchemy/orm/session.py:2249: in _execute_internal
    result: Result[Any] = compile_state_cls.orm_execute_statement(
venv/lib64/python3.12/site-packages/sqlalchemy/orm/context.py:306: in orm_execute_statement
    result = conn.execute(
venv/lib64/python3.12/site-packages/sqlalchemy/engine/base.py:1419: in execute
    return meth(
venv/lib64/python3.12/site-packages/sqlalchemy/sql/elements.py:527: in _execute_on_connection
    return connection._execute_clauseelement(
venv/lib64/python3.12/site-packages/sqlalchemy/engine/base.py:1641: in _execute_clauseelement
    ret = self._execute_context(
venv/lib64/python3.12/site-packages/sqlalchemy/engine/base.py:1846: in _execute_context
    return self._exec_single_context(
venv/lib64/python3.12/site-packages/sqlalchemy/engine/base.py:1986: in _exec_single_context
    self._handle_dbapi_exception(
venv/lib64/python3.12/site-packages/sqlalchemy/engine/base.py:2363: in _handle_dbapi_exception
    raise sqlalchemy_exception.with_traceback(exc_info[2]) from e
venv/lib64/python3.12/site-packages/sqlalchemy/engine/base.py:1967: in _exec_single_context
    self.dialect.do_execute(
venv/lib64/python3.12/site-packages/sqlalchemy/engine/default.py:952: in do_execute
    cursor.execute(statement, parameters)
E   sqlalchemy.exc.ProgrammingError: (psycopg2.errors.UndefinedColumn) column object_prices_1.vat_rate_id does not exist
E   LINE 1: ...rices_1.general_object_id, object_prices_1.price, object_pri...
E                                                                ^
E   
E   [SQL: SELECT app_schema.general_objects.id, app_schema.general_objects.wpwc_id, app_schema.general_objects.henrri_id, app_schema.general_objects.supplier_id, app_schema.general_objects.general_object_type, app_schema.general_objects.ean13, app_schema.general_objects.name, app_schema.general_objects.description, app_schema.general_objects.purchase_price, app_schema.general_objects.vat_rate_id, app_schema.general_objects.created_at, app_schema.general_objects.updated_at, app_schema.general_objects.last_inventory_timestamp, app_schema.general_objects.is_active, suppliers_1.id AS id_1, suppliers_1.name AS name_1, suppliers_1.gln13, suppliers_1.siren_siret, suppliers_1.vat_number, suppliers_1.address, suppliers_1.contact_email, suppliers_1.contact_phone, suppliers_1.contact_fax, suppliers_1.web_site, suppliers_1.is_active AS is_active_1, suppliers_1.edi_active, suppliers_1.collect_days, suppliers_1.cutoff_time, suppliers_1.created_at AS created_at_1, suppliers_1.updated_at AS updated_at_1, vat_rates_1.id AS id_2, vat_rates_1.wpwc_id AS wpwc_id_1, vat_rates_1.wpwc_slug, vat_rates_1.code, vat_rates_1.rate, vat_rates_1.label, vat_rates_1.date_start, vat_rates_1.date_end, object_prices_1.id AS id_3, object_prices_1.general_object_id, object_prices_1.price, object_prices_1.vat_rate_id AS vat_rate_id_1, object_prices_1.from_date, object_prices_1.to_date, books_1.id AS id_4, books_1.general_object_id AS general_object_id_1, books_1.author, books_1.diffuser, books_1.editor, books_1.genre, books_1.publication_year, books_1.pages, books_1.created_at AS created_at_2, books_1.updated_at AS updated_at_2, other_objects_1.id AS id_5, other_objects_1.general_object_id AS general_object_id_2, other_objects_1.created_at AS created_at_3, other_objects_1.updated_at AS updated_at_3, inventory_movements_1.id AS id_6, inventory_movements_1.general_object_id AS general_object_id_3, inventory_movements_1.movement_type, inventory_movements_1.quantity, inventory_movements_1.movement_timestamp, inventory_movements_1.price_at_movement, inventory_movements_1.source, inventory_movements_1.destination, inventory_movements_1.notes, obj_metadatas_1.id AS id_7, obj_metadatas_1.general_object_id AS general_object_id_4, obj_metadatas_1.semistructured_data, obj_metadatas_1.created_at AS created_at_4, obj_metadatas_1.updated_at AS updated_at_4, tags_1.id AS id_8, tags_1.wpwc_id AS wpwc_id_2, tags_1.name AS name_2, tags_1.description AS description_1, tags_1.is_active AS is_active_2, tags_1.created_at AS created_at_5, tags_1.updated_at AS updated_at_5, object_tags_1.id AS id_9, object_tags_1.general_object_id AS general_object_id_5, object_tags_1.tag_id, object_tags_1.created_at AS created_at_6, object_tags_1.updated_at AS updated_at_6, media_files_1.id AS id_10, media_files_1.wpwc_id AS wpwc_id_3, media_files_1.general_object_id AS general_object_id_6, media_files_1.file_type, media_files_1.alt_text, media_files_1.file_link, media_files_1.is_local, media_files_1.uploaded_at, media_files_1.is_principal, object_variations_1.id AS id_11, object_variations_1.wpwc_id AS wpwc_id_4, object_variations_1.general_object_id AS general_object_id_7, object_variations_1.name AS name_3, object_variations_1.description AS description_2, object_variations_1.price AS price_1, object_variations_1.purchase_price AS purchase_price_1, object_variations_1.vat_rate_id AS vat_rate_id_2, object_variations_1.created_at AS created_at_7, object_variations_1.updated_at AS updated_at_7, object_variations_1.is_active AS is_active_3 
E   FROM app_schema.general_objects LEFT OUTER JOIN app_schema.suppliers AS suppliers_1 ON suppliers_1.id = app_schema.general_objects.supplier_id LEFT OUTER JOIN app_schema.vat_rates AS vat_rates_1 ON vat_rates_1.id = app_schema.general_objects.vat_rate_id LEFT OUTER JOIN app_schema.object_prices AS object_prices_1 ON app_schema.general_objects.id = object_prices_1.general_object_id LEFT OUTER JOIN app_schema.books AS books_1 ON app_schema.general_objects.id = books_1.general_object_id LEFT OUTER JOIN app_schema.other_objects AS other_objects_1 ON app_schema.general_objects.id = other_objects_1.general_object_id LEFT OUTER JOIN app_schema.inventory_movements AS inventory_movements_1 ON app_schema.general_objects.id = inventory_movements_1.general_object_id LEFT OUTER JOIN app_schema.obj_metadatas AS obj_metadatas_1 ON app_schema.general_objects.id = obj_metadatas_1.general_object_id LEFT OUTER JOIN app_schema.object_tags AS object_tags_1 ON app_schema.general_objects.id = object_tags_1.general_object_id LEFT OUTER JOIN app_schema.tags AS tags_1 ON tags_1.id = object_tags_1.tag_id LEFT OUTER JOIN app_schema.media_files AS media_files_1 ON app_schema.general_objects.id = media_files_1.general_object_id LEFT OUTER JOIN app_schema.object_variations AS object_variations_1 ON app_schema.general_objects.id = object_variations_1.general_object_id 
E   WHERE app_schema.general_objects.ean13 = %(ean13_1)s ORDER BY object_prices_1.from_date]
E   [parameters: {'ean13_1': '9780000000001'}]
E   (Background on this error at: https://sqlalche.me/e/20/f405)</failure></testcase><testcase classname="tests.db_objects.test_orders" name="test_create_order_with_invoice_and_shipment" time="0.012"><error message="failed on setup with &quot;sqlalchemy.exc.ProgrammingError: (psycopg2.errors.UndefinedColumn) column &quot;vat_rate_id&quot; of relation &quot;object_prices&quot; does not exist&#10;LINE 1: ...p_schema.object_prices (general_object_id, price, vat_rate_i...&#10;                                                             ^&#10;&#10;[SQL: INSERT INTO app_schema.object_prices (general_object_id, price, vat_rate_id, from_date, to_date) VALUES (%(general_object_id)s, %(price)s, %(vat_rate_id)s, %(from_date)s, %(to_date)s) RETURNING app_schema.object_prices.id]&#10;[parameters: {'general_object_id': 5, 'price': Decimal('19.99'), 'vat_rate_id': None, 'from_date': datetime.date(2026, 8, 13), 'to_date': None}]&#10;(Background on this error at: https://sqlalche.me/e/20/f405)&quot;">venv/lib64/python3.12/site-packages/sqlalchemy/engine/base.py:1967: in _exec_single_context
    self.dialect.do_execute(
venv/lib64/python3.12/site-packages/sqlalchemy/engine/default.py:952: in do_execute
    cursor.execute(statement, parameters)
E   psycopg2.errors.UndefinedColumn: column "vat_rate_id" of relation "object_prices" does not exist
E   LINE 1: ...p_schema.object_prices (general_object_id, price, vat_rate_i...
E                                                                ^

The above exception was the direct cause of the following exception:
tests/fixtures/f_objects.py:52: in book_object
    db_session_main.flush()
venv/lib64/python3.12/site-packages/sqlalchemy/orm/session.py:4331: in flush
    self._flush(objects)
venv/lib64/python3.12/site-packages/sqlalchemy/orm/session.py:4466: in _flush
    with util.safe_reraise():
         ^^^^^^^^^^^^^^^^^^^
venv/lib64/python3.12/site-packages/sqlalchemy/util/langhelpers.py:224: in __exit__
    raise exc_value.with_traceback(exc_tb)
venv/lib64/python3.12/site-packages/sqlalchemy/orm/session.py:4427: in _flush
    flush_context.execute()
venv/lib64/python3.12/site-packages/sqlalchemy/orm/unitofwork.py:466: in execute
    rec.execute(self)
venv/lib64/python3.12/site-packages/sqlalchemy/orm/unitofwork.py:642: in execute
    util.preloaded.orm_persistence.save_obj(
venv/lib64/python3.12/site-packages/sqlalchemy/orm/persistence.py:93: in save_obj
    _emit_insert_statements(
venv/lib64/python3.12/site-packages/sqlalchemy/orm/persistence.py:1233: in _emit_insert_statements
    result = connection.execute(
venv/lib64/python3.12/site-packages/sqlalchemy/engine/base.py:1419: in execute
    return meth(
venv/lib64/python3.12/site-packages/sqlalchemy/sql/elements.py:527: in _execute_on_connection
    return connection._execute_clauseelement(
venv/lib64/python3.12/site-packages/sqlalchemy/engine/base.py:1641: in _execute_clauseelement
    ret = self._execute_context(
venv/lib64/python3.12/site-packages/sqlalchemy/engine/base.py:1846: in _execute_context
    return self._exec_single_context(
venv/lib64/python3.12/site-packages/sqlalchemy/engine/base.py:1986: in _exec_single_context
    self._handle_dbapi_exception(
venv/lib64/python3.12/site-packages/sqlalchemy/engine/base.py:2363: in _handle_dbapi_exception
    raise sqlalchemy_exception.with_traceback(exc_info[2]) from e
venv/lib64/python3.12/site-packages/sqlalchemy/engine/base.py:1967: in _exec_single_context
    self.dialect.do_execute(
venv/lib64/python3.12/site-packages/sqlalchemy/engine/default.py:952: in do_execute
    cursor.execute(statement, parameters)
E   sqlalchemy.exc.ProgrammingError: (psycopg2.errors.UndefinedColumn) column "vat_rate_id" of relation "object_prices" does not exist
E   LINE 1: ...p_schema.object_prices (general_object_id, price, vat_rate_i...
E                                                                ^
E   
E   [SQL: INSERT INTO app_schema.object_prices (general_object_id, price, vat_rate_id, from_date, to_date) VALUES (%(general_object_id)s, %(price)s, %(vat_rate_id)s, %(from_date)s, %(to_date)s) RETURNING app_schema.object_prices.id]
E   [parameters: {'general_object_id': 5, 'price': Decimal('19.99'), 'vat_rate_id': None, 'from_date': datetime.date(2026, 8, 13), 'to_date': None}]
E   (Background on this error at: https://sqlalche.me/e/20/f405)</error></testcase><testcase classname="tests.db_objects.test_users" name="test_user_to_dict" time="0.022" /><testcase classname="tests.db_objects.test_users" name="test_user_from_dict" time="0.000" /><testcase classname="tests.db_objects.test_users" name="test_complete_user" time="0.011" /></testsuite></testsuites>