<?xml version="1.0" encoding="utf-8"?>
<testsuites name="pytest tests">
  <testsuite name="pytest" errors="0" failures="0" skipped="0" tests="111" time="2.781" timestamp="2026-08-24T16:04:50.551358+02:00" hostname="sauvetage">
    <testcase classname="tests.db_objects.test_customers" name="test_customer_create_read_and_update" time="0.232"/>
    <testcase classname="tests.db_objects.test_customers" name="test_create_complete_customer" time="0.043"/>
    <testcase classname="tests.db_objects.test_henrri_addresses" name="test_address_payload_contains_city_and_post_code" time="0.001"/>
    <testcase classname="tests.db_objects.test_henrri_addresses" name="test_address_payload_handles_missing_second_line" time="0.001"/>
    <testcase classname="tests.db_objects.test_henrri_addresses" name="test_address_payload_omits_id_when_not_synced" time="0.001"/>
    <testcase classname="tests.db_objects.test_henrri_addresses" name="test_address_payload_rejects_incomplete_address[city-ville]" time="0.002"/>
    <testcase classname="tests.db_objects.test_henrri_addresses" name="test_address_payload_rejects_incomplete_address[postal_code-code postal]" time="0.002"/>
    <testcase classname="tests.db_objects.test_henrri_addresses" name="test_address_payload_rejects_incomplete_address[address_line1-rue]" time="0.001"/>
    <testcase classname="tests.db_objects.test_henrri_addresses" name="test_customer_uses_active_billing_address" time="0.001"/>
    <testcase classname="tests.db_objects.test_henrri_addresses" name="test_customer_prefers_complete_active_billing_address" time="0.001"/>
    <testcase classname="tests.db_objects.test_henrri_addresses" name="test_customer_without_active_billing_address_raises" time="0.002"/>
    <testcase classname="tests.db_objects.test_henrri_payloads" name="test_customer_to_dict_henrri_contract_for_professional" time="0.002"/>
    <testcase classname="tests.db_objects.test_henrri_payloads" name="test_customer_to_dict_henrri_normalizes_empty_professional_vat_number" time="0.001"/>
    <testcase classname="tests.db_objects.test_henrri_payloads" name="test_customer_to_dict_henrri_contract_for_individual" time="0.001"/>
    <testcase classname="tests.db_objects.test_henrri_payloads" name="test_customer_to_dict_henrri_includes_id_for_update" time="0.001"/>
    <testcase classname="tests.db_objects.test_henrri_payloads" name="test_customer_to_dict_henrri_omits_contact_when_requested" time="0.001"/>
    <testcase classname="tests.db_objects.test_henrri_payloads" name="test_invoice_to_dict_henrri_contract" time="0.002"/>
    <testcase classname="tests.db_objects.test_henrri_payloads" name="test_henri_product_contract" time="0.001"/>
    <testcase classname="tests.db_objects.test_henrri_payloads" name="test_henri_invoice_line_contract_omits_totals_when_tax_is_excluded" time="0.002"/>
    <testcase classname="tests.db_objects.test_henrri_payloads" name="test_henri_service_configures_http_timeout" time="0.157"/>
    <testcase classname="tests.db_objects.test_henrri_payloads" name="test_henri_invoice_orchestrates_customer_product_and_document" time="0.008"/>
    <testcase classname="tests.db_objects.test_henrri_payloads" name="test_create_invoice_does_not_send_lines_when_creating_henrri_document" time="0.005"/>
    <testcase classname="tests.db_objects.test_henrri_payloads" name="test_retry_henrri_invoice_is_idempotent_when_remote_document_is_finalized" time="0.003"/>
    <testcase classname="tests.db_objects.test_henrri_payloads" name="test_sync_invoice_with_henrri_logs_failed_status_when_sync_fails" time="0.002"/>
    <testcase classname="tests.db_objects.test_henrri_payloads" name="test_customer_partners_push_uses_partner_sync_for_both_targets" time="0.012"/>
    <testcase classname="tests.db_objects.test_henrri_payloads" name="test_customer_partners_push_returns_http_error_when_sync_fails" time="0.003"/>
    <testcase classname="tests.db_objects.test_henrri_payloads" name="test_order_wc_push_returns_http_error_when_sync_fails" time="0.004"/>
    <testcase classname="tests.db_objects.test_henrri_payloads" name="test_invoice_order_rejects_already_fully_invoiced_order" time="0.004"/>
    <testcase classname="tests.db_objects.test_henrri_payloads" name="test_check_product_returns_true_when_item_exists_in_henrri" time="0.002"/>
    <testcase classname="tests.db_objects.test_henrri_payloads" name="test_check_customer_returns_false_when_customer_lookup_fails" time="0.002"/>
    <testcase classname="tests.db_objects.test_henrri_payloads" name="test_create_invoice_updates_known_customer_product_and_document" time="0.008"/>
    <testcase classname="tests.db_objects.test_henrri_payloads" name="test_create_invoice_leaves_finalized_remote_document_untouched" time="0.006"/>
    <testcase classname="tests.db_objects.test_henrri_upsert" name="test_upsert_customer_creates_when_identifier_is_unknown" time="0.001"/>
    <testcase classname="tests.db_objects.test_henrri_upsert" name="test_upsert_customer_updates_when_identifier_is_known" time="0.002"/>
    <testcase classname="tests.db_objects.test_henrri_upsert" name="test_upsert_product_creates_then_updates" time="0.001"/>
    <testcase classname="tests.db_objects.test_henrri_upsert" name="test_sync_customer_persists_all_returned_identifiers" time="0.002"/>
    <testcase classname="tests.db_objects.test_henrri_upsert" name="test_sync_customer_sends_full_address" time="0.002"/>
    <testcase classname="tests.db_objects.test_henrri_upsert" name="test_sync_customer_updates_contact_separately" time="0.002"/>
    <testcase classname="tests.db_objects.test_henrri_upsert" name="test_sync_customer_passes_known_identifier_for_update" time="0.003"/>
    <testcase classname="tests.db_objects.test_henrri_upsert" name="test_sync_product_persists_returned_identifier" time="0.002"/>
    <testcase classname="tests.db_objects.test_inventory" name="test_multiple_prices_can_have_distinct_vat_rates" time="0.027"/>
    <testcase classname="tests.db_objects.test_inventory" name="test_order_line_is_split_for_multiple_valid_prices" time="0.065"/>
    <testcase classname="tests.db_objects.test_inventory" name="test_multi_price_order_can_be_invoiced_and_shipped_by_split_lines" time="0.319"/>
    <testcase classname="tests.db_objects.test_inventory" name="test_add_movements" time="0.035"/>
    <testcase classname="tests.db_objects.test_objects" name="test_object_create_read_and_update" time="0.069"/>
    <testcase classname="tests.db_objects.test_objects" name="test_get_by_ref_finds_existing_object_even_when_inactive" time="0.046"/>
    <testcase classname="tests.db_objects.test_orders" name="test_cancel_order_cancels_lines_and_releases_reservations" time="0.002"/>
    <testcase classname="tests.db_objects.test_orders" name="test_create_order_with_invoice_and_shipment" time="0.080"/>
    <testcase classname="tests.db_objects.test_users" name="test_user_to_dict" time="0.035"/>
    <testcase classname="tests.db_objects.test_users" name="test_user_from_dict" time="0.001"/>
    <testcase classname="tests.db_objects.test_users" name="test_complete_user" time="0.021"/>
    <testcase classname="tests.db_objects.test_woo_payloads" name="test_wc_customer_sync_links_existing_customer_by_email" time="0.004"/>
    <testcase classname="tests.db_objects.test_woo_payloads" name="test_wc_customer_sync_creates_and_links_missing_customer" time="0.003"/>
    <testcase classname="tests.db_objects.test_woo_payloads" name="test_customer_repository_updates_partner_identifiers" time="0.002"/>
    <testcase classname="tests.db_objects.test_woo_payloads" name="test_general_object_payload_uses_wc_tax_slug" time="0.002"/>
    <testcase classname="tests.db_objects.test_woo_payloads" name="test_metadata_payload_uses_woo_attribute_shape" time="0.001"/>
    <testcase classname="tests.db_objects.test_woo_payloads" name="test_book_payload_keeps_woo_attribute_keys" time="0.001"/>
    <testcase classname="tests.db_objects.test_woo_payloads" name="test_other_object_payload_has_empty_attributes" time="0.001"/>
    <testcase classname="tests.db_objects.test_woo_payloads" name="test_variation_payload_uses_wc_keys" time="0.001"/>
    <testcase classname="tests.db_objects.test_woo_payloads" name="test_object_tag_payload_uses_wc_tag_id" time="0.001"/>
    <testcase classname="tests.db_objects.test_woo_payloads" name="test_wc_product_payload_includes_synced_tags" time="0.002"/>
    <testcase classname="tests.db_objects.test_woo_payloads" name="test_update_product_syncs_missing_wc_tags_before_export" time="0.007"/>
    <testcase classname="tests.db_objects.test_woo_payloads" name="test_order_line_payload_uses_wc_tax_class_and_variation_id" time="0.001"/>
    <testcase classname="tests.db_objects.test_woo_payloads" name="test_order_line_payload_raises_clear_error_when_product_not_synced_to_woo" time="0.003"/>
    <testcase classname="tests.db_objects.test_woo_payloads" name="test_wc_product_payload_builds_catalog_payload_with_merged_attributes" time="0.002"/>
    <testcase classname="tests.db_objects.test_woo_payloads" name="test_wc_diff_objects_detects_create_update_and_delete_batches" time="0.002"/>
    <testcase classname="tests.db_objects.test_woo_payloads" name="test_order_payload_uses_wc_customer_and_line_contract" time="0.002"/>
    <testcase classname="tests.db_objects.test_woo_payloads" name="test_cancelled_order_payload_updates_status_without_zeroing_lines" time="0.002"/>
    <testcase classname="tests.db_objects.test_woo_payloads" name="test_returned_order_payload_uses_refunded_status" time="0.002"/>
    <testcase classname="tests.db_objects.test_woo_payloads" name="test_match_line_to_wc_uses_product_and_variation_ids" time="0.001"/>
    <testcase classname="tests.db_objects.test_woo_payloads" name="test_wc_orders_service_uses_customer_woo_email_and_remote_customer_payload" time="0.005"/>
    <testcase classname="tests.db_objects.test_woo_payloads" name="test_wc_orders_service_creates_missing_remote_customer_when_local_customer_exists" time="0.006"/>
    <testcase classname="tests.db_objects.test_woo_payloads" name="test_wc_orders_service_preserves_existing_line_ids" time="0.001"/>
    <testcase classname="tests.db_objects.test_woo_payloads" name="test_wc_product_update_fails_when_woo_returns_no_wc_id" time="0.006"/>
    <testcase classname="tests.db_objects.test_woo_payloads" name="test_wc_product_build_media_src_uses_internal_public_host_when_env_missing" time="0.005"/>
    <testcase classname="tests.db_objects.test_woo_payloads" name="test_woo_media_route_resolves_media_by_id_and_serves_file" time="0.004"/>
    <testcase classname="tests.db_objects.test_woo_payloads" name="test_wc_product_build_media_src_uses_token_for_absolute_local_paths" time="0.003"/>
    <testcase classname="tests.db_objects.test_woo_payloads" name="test_woo_media_route_uses_basename_for_local_file" time="0.004"/>
    <testcase classname="tests.db_objects.test_woo_payloads" name="test_woo_media_route_serves_existing_absolute_local_file" time="0.008"/>
    <testcase classname="tests.db_objects.test_woo_payloads" name="test_woo_media_route_detects_real_mime_from_file_content" time="0.007"/>
    <testcase classname="tests.db_objects.test_woo_payloads" name="test_wc_orders_service_creates_missing_products_before_push" time="0.007"/>
    <testcase classname="tests.db_objects.test_woo_payloads" name="test_wc_orders_service_push_order_updates_remote_order_and_logs_success" time="0.007"/>
    <testcase classname="tests.db_objects.test_woo_payloads" name="test_customer_payload_and_repo_match_woo_customer_id" time="0.003"/>
    <testcase classname="tests.db_objects.woo_payloads.test_customers" name="test_customer_payload_and_repo_match_woo_customer_id" time="0.004"/>
    <testcase classname="tests.db_objects.woo_payloads.test_customers" name="test_professional_customer_payload_uses_string_names" time="0.002"/>
    <testcase classname="tests.db_objects.woo_payloads.test_media" name="test_wc_product_build_media_src_uses_internal_public_host_when_env_missing" time="0.005"/>
    <testcase classname="tests.db_objects.woo_payloads.test_media" name="test_wc_product_build_media_src_uses_token_for_absolute_local_paths" time="0.004"/>
    <testcase classname="tests.db_objects.woo_payloads.test_media" name="test_woo_media_route_resolves_media_by_id_and_serves_file" time="0.005"/>
    <testcase classname="tests.db_objects.woo_payloads.test_media" name="test_woo_media_route_uses_basename_for_local_file" time="0.074"/>
    <testcase classname="tests.db_objects.woo_payloads.test_media" name="test_woo_media_route_serves_existing_absolute_local_file" time="0.005"/>
    <testcase classname="tests.db_objects.woo_payloads.test_media" name="test_woo_media_route_detects_real_mime_from_file_content" time="0.005"/>
    <testcase classname="tests.db_objects.woo_payloads.test_orders" name="test_order_line_payload_uses_wc_tax_class_and_variation_id" time="0.001"/>
    <testcase classname="tests.db_objects.woo_payloads.test_orders" name="test_order_line_payload_raises_clear_error_when_product_not_synced_to_woo" time="0.001"/>
    <testcase classname="tests.db_objects.woo_payloads.test_orders" name="test_order_payload_uses_wc_customer_and_line_contract" time="0.002"/>
    <testcase classname="tests.db_objects.woo_payloads.test_orders" name="test_wc_orders_service_uses_customer_woo_email_and_remote_customer_payload" time="0.004"/>
    <testcase classname="tests.db_objects.woo_payloads.test_orders" name="test_wc_orders_service_creates_missing_remote_customer_when_local_customer_exists" time="0.004"/>
    <testcase classname="tests.db_objects.woo_payloads.test_orders" name="test_wc_orders_service_preserves_existing_line_ids" time="0.001"/>
    <testcase classname="tests.db_objects.woo_payloads.test_orders" name="test_wc_orders_service_creates_missing_products_before_push" time="0.008"/>
    <testcase classname="tests.db_objects.woo_payloads.test_orders" name="test_wc_orders_service_push_order_updates_remote_order_and_logs_success" time="0.007"/>
    <testcase classname="tests.db_objects.woo_payloads.test_orders" name="test_push_recent_local_orders_includes_commands_already_linked_to_woo" time="0.005"/>
    <testcase classname="tests.db_objects.woo_payloads.test_products" name="test_general_object_payload_uses_wc_tax_slug" time="0.001"/>
    <testcase classname="tests.db_objects.woo_payloads.test_products" name="test_object_tag_payload_uses_wc_tag_id" time="0.001"/>
    <testcase classname="tests.db_objects.woo_payloads.test_products" name="test_wc_product_payload_includes_synced_tags" time="0.002"/>
    <testcase classname="tests.db_objects.woo_payloads.test_products" name="test_update_product_syncs_missing_wc_tags_before_export" time="0.007"/>
    <testcase classname="tests.db_objects.woo_payloads.test_products" name="test_book_payload_keeps_woo_attribute_keys" time="0.001"/>
    <testcase classname="tests.db_objects.woo_payloads.test_products" name="test_other_object_payload_has_empty_attributes" time="0.001"/>
    <testcase classname="tests.db_objects.woo_payloads.test_products" name="test_variation_payload_uses_wc_keys" time="0.001"/>
    <testcase classname="tests.db_objects.woo_payloads.test_products" name="test_wc_diff_objects_detects_create_update_and_delete_batches" time="0.002"/>
    <testcase classname="tests.db_objects.woo_payloads.test_products" name="test_wc_product_builds_catalog_payload_with_merged_attributes" time="0.002"/>
    <testcase classname="tests.db_objects.woo_payloads.test_products" name="test_wc_product_update_fails_when_woo_returns_no_wc_id" time="0.007"/>
    <testcase classname="tests.db_objects.woo_payloads.test_products" name="test_match_line_to_wc_uses_product_and_variation_ids" time="0.001"/>
  </testsuite>
</testsuites>
