<?xml version="1.0" encoding="utf-8"?>
<testsuites name="pytest tests">
  <testsuite name="pytest" errors="0" failures="0" skipped="0" tests="8" time="0.261" timestamp="2026-03-27T11:23:48.697572+01:00" hostname="remy-fixe.home">
    <testcase classname="db_objects.test_customers" name="test_customer_create_read_and_update" time="0.132"/>
    <testcase classname="db_objects.test_customers" name="test_create_complete_customer" time="0.016"/>
    <testcase classname="db_objects.test_inventory" name="test_add_movements" time="0.013"/>
    <testcase classname="db_objects.test_objects" name="test_object_create_read_and_update" time="0.031"/>
    <testcase classname="db_objects.test_orders" name="test_create_order_with_invoice_and_shipment" time="0.028"/>
    <testcase classname="db_objects.test_users" name="test_user_to_dict" time="0.013"/>
    <testcase classname="db_objects.test_users" name="test_user_from_dict" time="0.000"/>
    <testcase classname="db_objects.test_users" name="test_complete_user" time="0.006"/>
  </testsuite>
</testsuites>
