<?xml version="1.0" encoding="utf-8"?>
<testsuites name="pytest tests">
  <testsuite name="pytest" errors="0" failures="0" skipped="0" tests="12" time="0.947" timestamp="2026-08-14T09:05:18.977527+02:00" hostname="sauvetage">
    <testcase classname="tests.db_objects.test_customers" name="test_customer_create_read_and_update" time="0.106"/>
    <testcase classname="tests.db_objects.test_customers" name="test_create_complete_customer" time="0.023"/>
    <testcase classname="tests.db_objects.test_inventory" name="test_multiple_prices_can_have_distinct_vat_rates" time="0.059"/>
    <testcase classname="tests.db_objects.test_inventory" name="test_order_line_is_split_for_multiple_valid_prices" time="0.037"/>
    <testcase classname="tests.db_objects.test_inventory" name="test_multi_price_order_can_be_invoiced_and_shipped_by_split_lines" time="0.249"/>
    <testcase classname="tests.db_objects.test_inventory" name="test_add_movements" time="0.018"/>
    <testcase classname="tests.db_objects.test_objects" name="test_object_create_read_and_update" time="0.037"/>
    <testcase classname="tests.db_objects.test_objects" name="test_get_by_ref_finds_existing_object_even_when_inactive" time="0.023"/>
    <testcase classname="tests.db_objects.test_orders" name="test_create_order_with_invoice_and_shipment" time="0.040"/>
    <testcase classname="tests.db_objects.test_users" name="test_user_to_dict" time="0.023"/>
    <testcase classname="tests.db_objects.test_users" name="test_user_from_dict" time="0.000"/>
    <testcase classname="tests.db_objects.test_users" name="test_complete_user" time="0.010"/>
  </testsuite>
</testsuites>
