Name                                                     Stmts   Miss Branch BrPart  Cover
------------------------------------------------------------------------------------------
app_back/bootstrap.py                                       74     74      8      0     0%
app_back/config/__init__.py                                  0      0      0      0   100%
app_back/config/mails.py                                    11      0      0      0   100%
app_back/config/security.py                                  6      0      2      0   100%
app_back/db_connection/__init__.py                           0      0      0      0   100%
app_back/db_connection/config.py                            49     22      0      0    55%
app_back/main.py                                            39      6      0      0    85%
app_back/migration.py                                       83      8     12      3    88%
app_back/router.py                                           9      0      0      0   100%
app_back/utils/__init__.py                                   0      0      0      0   100%
app_back/utils/decorators.py                                17      0      8      1    96%
app_back/utils/documents.py                                 18     13      2      0    25%
app_back/utils/mails.py                                     87     70     24      0    15%
app_back/v1/__init__.py                                      6      0      0      0   100%
app_back/v1/dilicom/__init__.py                              6      0      0      0   100%
app_back/v1/dilicom/background_transactions.py             123    102     32      0    14%
app_back/v1/dilicom/orders.py                               21      7      0      0    67%
app_back/v1/documents.py                                    16      2      0      0    88%
app_back/v1/henrri/__init__.py                               4      4      0      0     0%
app_back/v1/henrri/background_transactions.py               20     20      0      0     0%
app_back/v1/inventory.py                                   182     26     48     15    82%
app_back/v1/mails/__init__.py                                2      0      0      0   100%
app_back/v1/mails/routes.py                                 18      3      2      1    80%
app_back/v1/mails/utils.py                                  70     13      8      3    77%
app_back/v1/schems/__init__.py                               0      0      0      0   100%
app_back/v1/schems/dilicom.py                                3      0      0      0   100%
app_back/v1/schems/documents.py                              7      0      0      0   100%
app_back/v1/schems/inventory.py                             76      0      0      0   100%
app_back/v1/schems/mails.py                                 19      0      0      0   100%
app_back/v1/user.py                                        193     85     54     14    53%
app_back/v1/woocommerce/__init__.py                          6      0      0      0   100%
app_back/v1/woocommerce/background_transactions.py          83     54      2      0    34%
app_back/v1/woocommerce/media.py                            25     13      2      0    44%
app_back/v1/woocommerce/orders.py                            0      0      0      0   100%
app_front/__init__.py                                        0      0      0      0   100%
app_front/blueprints/__init__.py                            26      0      0      0   100%
app_front/blueprints/admin/__init__.py                       0      0      0      0   100%
app_front/blueprints/admin/forms.py                         34      0      0      0   100%
app_front/blueprints/admin/routes.py                        46     18      8      1    57%
app_front/blueprints/admin/routes_htmx_logs.py              44     25      6      0    38%
app_front/blueprints/admin/routes_htmx_users.py            142    100     28      0    25%
app_front/blueprints/admin/routes_htmx_vat.py               98     65     16      0    29%
app_front/blueprints/admin/utils.py                        179    156     62      0    10%
app_front/blueprints/customer/__init__.py                    0      0      0      0   100%
app_front/blueprints/customer/forms.py                      34      0      0      0   100%
app_front/blueprints/customer/routes.py                     50      3     10      2    92%
app_front/blueprints/customer/routes_data.py               146     24     44     20    77%
app_front/blueprints/customer/utils/__init__.py              0      0      0      0   100%
app_front/blueprints/customer/utils/addresses.py            33      9      6      3    69%
app_front/blueprints/customer/utils/emails.py               36     12      4      2    65%
app_front/blueprints/customer/utils/phones.py               36     12      4      2    65%
app_front/blueprints/customer/utils/users.py               106     30     28      9    68%
app_front/blueprints/dashboard/__init__.py                   0      0      0      0   100%
app_front/blueprints/dashboard/routes.py                     8      0      0      0   100%
app_front/blueprints/dashboard/routes_data.py              228     69     82     15    63%
app_front/blueprints/dashboard/utils.py                     49     23     18      5    49%
app_front/blueprints/inventory/__init__.py                   0      0      0      0   100%
app_front/blueprints/inventory/forms.py                     55      0      0      0   100%
app_front/blueprints/inventory/routes.py                    10      0      0      0   100%
app_front/blueprints/inventory/routes_data.py               74     15     10      4    75%
app_front/blueprints/inventory/routes_htmx.py               22      0      0      0   100%
app_front/blueprints/inventory/utils.py                     78     23     22      7    64%
app_front/blueprints/order/__init__.py                       0      0      0      0   100%
app_front/blueprints/order/forms.py                         23      0      0      0   100%
app_front/blueprints/order/routes.py                        71     41     12      2    39%
app_front/blueprints/order/routes_htmx_create.py           194    139     44      2    25%
app_front/blueprints/order/routes_htmx_list.py              37     26      8      0    24%
app_front/blueprints/order/utils.py                        431    279    148     25    33%
app_front/blueprints/order/utils_henrri.py                 167     65     42      9    58%
app_front/blueprints/stock/__init__.py                       0      0      0      0   100%
app_front/blueprints/stock/forms.py                        234     38     50     12    80%
app_front/blueprints/stock/routes.py                        99     53     12      2    43%
app_front/blueprints/stock/routes_data.py                   32      2      2      0    94%
app_front/blueprints/stock/routes_htmx_council.py           27     16      4      0    35%
app_front/blueprints/stock/routes_htmx_orders.py           124     18     30     10    81%
app_front/blueprints/stock/routes_htmx_reservations.py      87     35     14      3    54%
app_front/blueprints/stock/routes_htmx_return.py            28      7      0      0    75%
app_front/blueprints/stock/routes_htmx_search.py           278    119     56     16    54%
app_front/blueprints/stock/utils.py                        246     86     52     14    62%
app_front/blueprints/supplier/__init__.py                    0      0      0      0   100%
app_front/blueprints/supplier/forms.py                      36      0      0      0   100%
app_front/blueprints/supplier/routes.py                      6      0      0      0   100%
app_front/blueprints/supplier/routes_data.py                 5      5      0      0     0%
app_front/blueprints/supplier/routes_htmx.py                56      7     10      2    86%
app_front/blueprints/supplier/routes_htmx_list.py          121     90     22      0    22%
app_front/blueprints/supplier/utils.py                      60     31     16      3    47%
app_front/blueprints/user/__init__.py                        0      0      0      0   100%
app_front/blueprints/user/forms.py                          24      0      0      0   100%
app_front/blueprints/user/routes.py                        129     24     28      9    79%
app_front/blueprints/user/utils.py                          58     20     16      7    61%
app_front/blueprints/woocommerce/__init__.py                 0      0      0      0   100%
app_front/blueprints/woocommerce/routes.py                  57     18     14      6    66%
app_front/config/__init__.py                                28      4      0      0    86%
app_front/config/db_conf.py                                 28      8      4      1    66%
app_front/config/flask_conf.py                              22      3      4      1    77%
app_front/main.py                                          149     31     20      5    79%
app_front/utils/__init__.py                                  0      0      0      0   100%
app_front/utils/decorators.py                               35      2      8      2    91%
app_front/utils/documents.py                                27     18      4      0    29%
app_front/utils/pages.py                                    17      1      2      1    89%
app_front/utils/pictures.py                                  2      2      0      0     0%
app_front/utils/request_meta.py                             70     24     38     10    57%
app_front/utils/router.py                                    4      0      0      0   100%
db_models/__init__.py                                        3      0      0      0   100%
db_models/config.py                                         18     18      2      0     0%
db_models/config/__init__.py                                 3      0      0      0   100%
db_models/config/dilicom.py                                 12      2      0      0    83%
db_models/config/henrri.py                                   9      1      0      0    89%
db_models/config/woocommerce.py                             22      5      6      3    71%
db_models/models/__init__.py                                 2      0      0      0   100%
db_models/models/woo/__init__.py                             5      0      0      0   100%
db_models/models/woo/customer/__init__.py                    3      0      0      0   100%
db_models/models/woo/customer/customer_get.py              107     38     16      0    56%
db_models/models/woo/customer/customer_put.py               64     21     18      0    52%
db_models/models/woo/order/__init__.py                       3      0      0      0   100%
db_models/models/woo/order/order_get.py                    131      7      0      0    95%
db_models/models/woo/order/order_put.py                     38      0      0      0   100%
db_models/objects/__init__.py                               12      0      0      0   100%
db_models/objects/common.py                                  8      1      0      0    88%
db_models/objects/customers/__init__.py                      9      0      0      0   100%
db_models/objects/customers/addresses.py                    50      6      6      0    86%
db_models/objects/customers/constants.py                     2      0      0      0   100%
db_models/objects/customers/customers.py                   125      7     28      4    93%
db_models/objects/customers/mails.py                        26      2      0      0    92%
db_models/objects/customers/parts.py                        27      3      0      0    89%
db_models/objects/customers/phones.py                       26      2      0      0    92%
db_models/objects/customers/pros.py                         24      2      0      0    92%
db_models/objects/customers/sync_logs.py                    29      3      0      0    90%
db_models/objects/inventory.py                              30      6      2      0    75%
db_models/objects/invoices.py                               89      9      4      1    89%
db_models/objects/objects/__init__.py                        9      0      0      0   100%
db_models/objects/objects/books.py                          30      3      0      0    90%
db_models/objects/objects/general_objects.py               134     19     26      8    81%
db_models/objects/objects/media.py                          45      8      2      0    79%
db_models/objects/objects/metadatas.py                      32      4      4      1    86%
db_models/objects/objects/object_constants.py                3      0      0      0   100%
db_models/objects/objects/other_objects.py                  26      5      2      0    75%
db_models/objects/objects/sync_logs.py                      22      2      0      0    91%
db_models/objects/objects/tags.py                           46      8      2      0    79%
db_models/objects/objects/variations.py                     33      3      0      0    91%
db_models/objects/orders.py                                159     15     28      5    88%
db_models/objects/shipments.py                              41      3      0      0    93%
db_models/objects/stocks.py                                 78     17      4      0    74%
db_models/objects/suppliers.py                              34      3      0      0    91%
db_models/objects/users.py                                  63      3      0      0    95%
db_models/objects/vat.py                                    29      2      4      1    91%
db_models/repositories/__init__.py                          19      0      0      0   100%
db_models/repositories/base_repo.py                         12      4      0      0    67%
db_models/repositories/customers.py                        269    134     82     22    48%
db_models/repositories/invoices.py                          56     12      6      1    79%
db_models/repositories/objects/__init__.py                  11      0      0      0   100%
db_models/repositories/objects/books.py                     52     28     14      0    39%
db_models/repositories/objects/media.py                    135     72     44      7    41%
db_models/repositories/objects/media_access_token.py        42     26      0      0    38%
db_models/repositories/objects/obj_metadatas.py             78     47     30      2    34%
db_models/repositories/objects/object_tags.py               60     42     18      0    23%
db_models/repositories/objects/objects.py                  200     59     74     15    66%
db_models/repositories/objects/other_objects.py             47     29     14      1    31%
db_models/repositories/objects/prices.py                    32     17      2      0    44%
db_models/repositories/objects/variations.py                72     56     16      0    18%
db_models/repositories/orders/__init__.py                    2      0      0      0   100%
db_models/repositories/orders/repository.py                253    191     60      3    22%
db_models/repositories/orders/woo.py                       160    134     48      0    12%
db_models/repositories/shipments.py                         37      9      4      1    76%
db_models/repositories/stocks/__init__.py                    7      0      0      0   100%
db_models/repositories/stocks/dilicom.py                    89     46     38      8    45%
db_models/repositories/stocks/inventory.py                 123     48     44     11    53%
db_models/repositories/stocks/orders.py                    279    148     96     18    42%
db_models/repositories/stocks/stock.py                      41     18      6      1    55%
db_models/repositories/suppliers.py                         69     51     18      0    21%
db_models/repositories/sync_log.py                          34     20      0      0    41%
db_models/repositories/tags.py                              46     26     14      1    35%
db_models/repositories/user.py                              69     16     10      4    75%
db_models/repositories/user_session.py                      51      3     14      4    89%
db_models/security/__init__.py                               0      0      0      0   100%
db_models/security/secur_sauv.py                            10      0      0      0   100%
db_models/services/__init__.py                               0      0      0      0   100%
db_models/services/auth.py                                  58     58     10      0     0%
db_models/services/decorators.py                             9      9      0      0     0%
db_models/services/dilicom/__init__.py                      18      0      0      0   100%
db_models/services/dilicom/base.py                         531    213    238     52    57%
db_models/services/henrri/__init__.py                        5      0      0      0   100%
db_models/services/henrri/base.py                           13      1      2      1    87%
db_models/services/henrri/customers.py                      50     30     16      2    36%
db_models/services/henrri/documents.py                      55     39     18      0    22%
db_models/services/henrri/products.py                       43     24     12      2    42%
db_models/services/henrri/sync.py                           50      7     18      6    81%
db_models/services/henrri/utils.py                           8      0      0      0   100%
db_models/services/models.py                                20      0      0      0   100%
db_models/services/objects.py                               22      2     12      2    88%
db_models/services/pictures.py                              47     30      8      1    33%
db_models/services/sync/__init__.py                          2      0      0      0   100%
db_models/services/sync/partners.py                         84     16      6      0    80%
db_models/services/user.py                                  45     45      0      0     0%
db_models/services/utils.py                                  9      0      0      0   100%
db_models/services/vat.py                                   15      1      6      2    86%
db_models/services/woo_commerce/__init__.py                  4      0      0      0   100%
db_models/services/woo_commerce/base.py                     19      4      2      1    76%
db_models/services/woo_commerce/customers.py               118     79     46      6    30%
db_models/services/woo_commerce/orders.py                  253    136     90     17    43%
db_models/services/woo_commerce/products.py                435    217    138     12    48%
db_models/services/woo_commerce/utils.py                    48     20     30      5    53%
------------------------------------------------------------------------------------------
TOTAL                                                    11796   4713   2670    480    56%
